2023-04-07 00:00:18 error: uncaughtException: тип Unable to compile TypeScript:
[96msrc/services/post.service.ts[0m:[93m183[0m:[93m13[0m - [91merror[0m[90m TS1117: [0mAn object literal cannot have multiple properties with the same name.

[7m183[0m             related: body.related,
[7m   [0m [91m            ~~~~~~~[0m

TSError: тип Unable to compile TypeScript:
[96msrc/services/post.service.ts[0m:[93m183[0m:[93m13[0m - [91merror[0m[90m TS1117: [0mAn object literal cannot have multiple properties with the same name.

[7m183[0m             related: body.related,
[7m   [0m [91m            ~~~~~~~[0m

    at createTSError (/Users/toannguyen/Documents/Source/tn-uptech-backend/node_modules/ts-node/src/index.ts:859:12)
    at reportTSError (/Users/toannguyen/Documents/Source/tn-uptech-backend/node_modules/ts-node/src/index.ts:863:19)
    at getOutput (/Users/toannguyen/Documents/Source/tn-uptech-backend/node_modules/ts-node/src/index.ts:1077:36)
    at Object.compile (/Users/toannguyen/Documents/Source/tn-uptech-backend/node_modules/ts-node/src/index.ts:1433:41)
    at Module.m._compile (/Users/toannguyen/Documents/Source/tn-uptech-backend/node_modules/ts-node/src/index.ts:1617:30)
    at Module._extensions..js (node:internal/modules/cjs/loader:1245:10)
    at Object.require.extensions.<computed> [as .ts] (/Users/toannguyen/Documents/Source/tn-uptech-backend/node_modules/ts-node/src/index.ts:1621:12)
    at Module.load (node:internal/modules/cjs/loader:1069:32)
    at Function.Module._load (node:internal/modules/cjs/loader:904:12)
    at Module.require (node:internal/modules/cjs/loader:1093:19)
2023-04-07 00:00:27 error: uncaughtException: тип Unable to compile TypeScript:
[96msrc/services/post.service.ts[0m:[93m184[0m:[93m13[0m - [91merror[0m[90m TS1117: [0mAn object literal cannot have multiple properties with the same name.

[7m184[0m             ceo_id: body.ceo_id,
[7m   [0m [91m            ~~~~~~[0m

TSError: тип Unable to compile TypeScript:
[96msrc/services/post.service.ts[0m:[93m184[0m:[93m13[0m - [91merror[0m[90m TS1117: [0mAn object literal cannot have multiple properties with the same name.

[7m184[0m             ceo_id: body.ceo_id,
[7m   [0m [91m            ~~~~~~[0m

    at createTSError (/Users/toannguyen/Documents/Source/tn-uptech-backend/node_modules/ts-node/src/index.ts:859:12)
    at reportTSError (/Users/toannguyen/Documents/Source/tn-uptech-backend/node_modules/ts-node/src/index.ts:863:19)
    at getOutput (/Users/toannguyen/Documents/Source/tn-uptech-backend/node_modules/ts-node/src/index.ts:1077:36)
    at Object.compile (/Users/toannguyen/Documents/Source/tn-uptech-backend/node_modules/ts-node/src/index.ts:1433:41)
    at Module.m._compile (/Users/toannguyen/Documents/Source/tn-uptech-backend/node_modules/ts-node/src/index.ts:1617:30)
    at Module._extensions..js (node:internal/modules/cjs/loader:1245:10)
    at Object.require.extensions.<computed> [as .ts] (/Users/toannguyen/Documents/Source/tn-uptech-backend/node_modules/ts-node/src/index.ts:1621:12)
    at Module.load (node:internal/modules/cjs/loader:1069:32)
    at Function.Module._load (node:internal/modules/cjs/loader:904:12)
    at Module.require (node:internal/modules/cjs/loader:1093:19)
2023-04-07 00:01:29 error: uncaughtException: тип Unable to compile TypeScript:
[96msrc/dtos/post.dtos.ts[0m:[93m33[0m:[93m13[0m - [91merror[0m[90m TS1117: [0mAn object literal cannot have multiple properties with the same name.

[7m33[0m             ceo_id: item.ceo_id || "",
[7m  [0m [91m            ~~~~~~[0m

TSError: тип Unable to compile TypeScript:
[96msrc/dtos/post.dtos.ts[0m:[93m33[0m:[93m13[0m - [91merror[0m[90m TS1117: [0mAn object literal cannot have multiple properties with the same name.

[7m33[0m             ceo_id: item.ceo_id || "",
[7m  [0m [91m            ~~~~~~[0m

    at createTSError (/Users/toannguyen/Documents/Source/tn-uptech-backend/node_modules/ts-node/src/index.ts:859:12)
    at reportTSError (/Users/toannguyen/Documents/Source/tn-uptech-backend/node_modules/ts-node/src/index.ts:863:19)
    at getOutput (/Users/toannguyen/Documents/Source/tn-uptech-backend/node_modules/ts-node/src/index.ts:1077:36)
    at Object.compile (/Users/toannguyen/Documents/Source/tn-uptech-backend/node_modules/ts-node/src/index.ts:1433:41)
    at Module.m._compile (/Users/toannguyen/Documents/Source/tn-uptech-backend/node_modules/ts-node/src/index.ts:1617:30)
    at Module._extensions..js (node:internal/modules/cjs/loader:1245:10)
    at Object.require.extensions.<computed> [as .ts] (/Users/toannguyen/Documents/Source/tn-uptech-backend/node_modules/ts-node/src/index.ts:1621:12)
    at Module.load (node:internal/modules/cjs/loader:1069:32)
    at Function.Module._load (node:internal/modules/cjs/loader:904:12)
    at Module.require (node:internal/modules/cjs/loader:1093:19)
2023-04-07 00:01:55 error: categories is not associated to posts!
2023-04-07 00:02:02 error: categories is not associated to posts!
2023-04-07 00:09:15 error: uncaughtException: тип Unable to compile TypeScript:
[96msrc/services/post.service.ts[0m:[93m109[0m:[93m13[0m - [91merror[0m[90m TS1117: [0mAn object literal cannot have multiple properties with the same name.

[7m109[0m             thumbnail: body.thumbnail ? body.thumbnail.id : null,
[7m   [0m [91m            ~~~~~~~~~[0m
[96msrc/services/post.service.ts[0m:[93m110[0m:[93m13[0m - [91merror[0m[90m TS1117: [0mAn object literal cannot have multiple properties with the same name.

[7m110[0m             banner: body.banner ? body.banner.id : null,
[7m   [0m [91m            ~~~~~~[0m

TSError: тип Unable to compile TypeScript:
[96msrc/services/post.service.ts[0m:[93m109[0m:[93m13[0m - [91merror[0m[90m TS1117: [0mAn object literal cannot have multiple properties with the same name.

[7m109[0m             thumbnail: body.thumbnail ? body.thumbnail.id : null,
[7m   [0m [91m            ~~~~~~~~~[0m
[96msrc/services/post.service.ts[0m:[93m110[0m:[93m13[0m - [91merror[0m[90m TS1117: [0mAn object literal cannot have multiple properties with the same name.

[7m110[0m             banner: body.banner ? body.banner.id : null,
[7m   [0m [91m            ~~~~~~[0m

    at createTSError (/Users/toannguyen/Documents/Source/tn-uptech-backend/node_modules/ts-node/src/index.ts:859:12)
    at reportTSError (/Users/toannguyen/Documents/Source/tn-uptech-backend/node_modules/ts-node/src/index.ts:863:19)
    at getOutput (/Users/toannguyen/Documents/Source/tn-uptech-backend/node_modules/ts-node/src/index.ts:1077:36)
    at Object.compile (/Users/toannguyen/Documents/Source/tn-uptech-backend/node_modules/ts-node/src/index.ts:1433:41)
    at Module.m._compile (/Users/toannguyen/Documents/Source/tn-uptech-backend/node_modules/ts-node/src/index.ts:1617:30)
    at Module._extensions..js (node:internal/modules/cjs/loader:1245:10)
    at Object.require.extensions.<computed> [as .ts] (/Users/toannguyen/Documents/Source/tn-uptech-backend/node_modules/ts-node/src/index.ts:1621:12)
    at Module.load (node:internal/modules/cjs/loader:1069:32)
    at Function.Module._load (node:internal/modules/cjs/loader:904:12)
    at Module.require (node:internal/modules/cjs/loader:1093:19)
2023-04-07 00:15:01 error: Incorrect integer value: '' for column 'category_id' at row 1
2023-04-07 00:17:55 error: Incorrect integer value: '' for column 'category_id' at row 1
2023-04-07 00:18:08 error: Incorrect integer value: '' for column 'category_id' at row 1
2023-04-07 00:18:59 error: Incorrect integer value: '' for column 'category_id' at row 1
2023-04-07 00:22:51 error: Incorrect integer value: '' for column 'ceo_id' at row 1
2023-04-07 00:27:48 error: Incorrect integer value: '' for column 'ceo_id' at row 1
2023-04-07 00:28:30 error: Incorrect integer value: '' for column 'category_id' at row 1
2023-04-07 00:29:07 error: Incorrect integer value: '' for column 'category_id' at row 1
2023-04-07 00:29:11 error: Incorrect integer value: '' for column 'category_id' at row 1
2023-04-07 00:30:01 error: Incorrect integer value: '' for column 'category_id' at row 1
2023-04-07 00:30:54 error: Cannot add or update a child row: a foreign key constraint fails (`tn-uptech-backend`.`posts`, CONSTRAINT `posts_ibfk_2` FOREIGN KEY (`ceo_id`) REFERENCES `ceos` (`id`))
2023-04-07 00:33:24 error: Cannot add or update a child row: a foreign key constraint fails (`tn-uptech-backend`.`posts`, CONSTRAINT `posts_ibfk_2` FOREIGN KEY (`ceo_id`) REFERENCES `ceos` (`id`))
2023-04-07 00:33:44 error: Cannot add or update a child row: a foreign key constraint fails (`tn-uptech-backend`.`posts`, CONSTRAINT `posts_ibfk_3` FOREIGN KEY (`category_id`) REFERENCES `categories` (`id`))
2023-04-07 00:37:21 error: {"name":"SequelizeUniqueConstraintError","errors":[{"message":"slug must be unique","type":"unique violation","path":"slug","value":"vsvsvs","origin":"DB","instance":{"id":null,"name":"vsvsvs","description":"","content":"","slug":"vsvsvs","custom_slug":"vsvsvs","post_id":9,"locale":"vi"},"validatorKey":"not_unique","validatorName":null,"validatorArgs":[]}],"parent":{"code":"ER_DUP_ENTRY","errno":1062,"sqlState":"23000","sqlMessage":"Duplicate entry 'vsvsvs' for key 'post_translation.slug'","sql":"INSERT INTO `post_translation` (`id`,`post_id`,`locale`,`name`,`content`,`description`,`slug`,`custom_slug`) VALUES (DEFAULT,?,?,?,?,?,?,?);","parameters":[9,"vi","vsvsvs","","","vsvsvs","vsvsvs"]},"original":{"code":"ER_DUP_ENTRY","errno":1062,"sqlState":"23000","sqlMessage":"Duplicate entry 'vsvsvs' for key 'post_translation.slug'","sql":"INSERT INTO `post_translation` (`id`,`post_id`,`locale`,`name`,`content`,`description`,`slug`,`custom_slug`) VALUES (DEFAULT,?,?,?,?,?,?,?);","parameters":[9,"vi","vsvsvs","","","vsvsvs","vsvsvs"]},"fields":{"slug":"vsvsvs"},"sql":"INSERT INTO `post_translation` (`id`,`post_id`,`locale`,`name`,`content`,`description`,`slug`,`custom_slug`) VALUES (DEFAULT,?,?,?,?,?,?,?);"}
2023-04-07 10:52:52 error: uncaughtException: Service with "MaybeConstructable<FolderService>" identifier was not found in the container. Register it before usage via explicitly calling the "Container.set" function or using the "@Service()" decorator.
ServiceNotFoundError: Service with "MaybeConstructable<FolderService>" identifier was not found in the container. Register it before usage via explicitly calling the "Container.set" function or using the "@Service()" decorator.
    at ContainerInstance.get (/Users/toannguyen/Documents/Source/tn-uptech-backend/node_modules/src/container-instance.class.ts:75:11)
    at Function.get (/Users/toannguyen/Documents/Source/tn-uptech-backend/node_modules/src/container.class.ts:61:32)
    at new FolderController (/Users/toannguyen/Documents/Source/tn-uptech-backend/src/modules/controllers/folder.controller.ts:10:29)
    at new FolderRoute (/Users/toannguyen/Documents/Source/tn-uptech-backend/src/route/folder.route.ts:8:21)
    at Object.<anonymous> (/Users/toannguyen/Documents/Source/tn-uptech-backend/src/server.ts:15:5)
    at Module._compile (node:internal/modules/cjs/loader:1191:14)
    at Module.m._compile (/Users/toannguyen/Documents/Source/tn-uptech-backend/node_modules/ts-node/src/index.ts:1618:23)
    at Module._extensions..js (node:internal/modules/cjs/loader:1245:10)
    at Object.require.extensions.<computed> [as .ts] (/Users/toannguyen/Documents/Source/tn-uptech-backend/node_modules/ts-node/src/index.ts:1621:12)
    at Module.load (node:internal/modules/cjs/loader:1069:32)
2023-04-07 10:52:59 error: uncaughtException: тип Unable to compile TypeScript:
[96msrc/modules/controllers/folder.controller.ts[0m:[93m12[0m:[93m50[0m - [91merror[0m[90m TS2339: [0mProperty 'folder' does not exist on type 'FolderController'.

[7m12[0m       const getTreeFolder: Folder[] = await this.folder.index();
[7m  [0m [91m                                                 ~~~~~~[0m
[96msrc/modules/controllers/folder.controller.ts[0m:[93m22[0m:[93m40[0m - [91merror[0m[90m TS2339: [0mProperty 'folder' does not exist on type 'FolderController'.

[7m22[0m       const data: Media[] = await this.folder.getMeidas(folderId);
[7m  [0m [91m                                       ~~~~~~[0m
[96msrc/modules/controllers/folder.controller.ts[0m:[93m31[0m:[93m42[0m - [91merror[0m[90m TS2339: [0mProperty 'folder' does not exist on type 'FolderController'.

[7m31[0m       const newfolder = await await this.folder.create(req.body);
[7m  [0m [91m                                         ~~~~~~[0m
[96msrc/modules/controllers/folder.controller.ts[0m:[93m40[0m:[93m37[0m - [91merror[0m[90m TS2339: [0mProperty 'folder' does not exist on type 'FolderController'.

[7m40[0m       const data = await await this.folder.delete(req.params.id);
[7m  [0m [91m                                    ~~~~~~[0m

TSError: тип Unable to compile TypeScript:
[96msrc/modules/controllers/folder.controller.ts[0m:[93m12[0m:[93m50[0m - [91merror[0m[90m TS2339: [0mProperty 'folder' does not exist on type 'FolderController'.

[7m12[0m       const getTreeFolder: Folder[] = await this.folder.index();
[7m  [0m [91m                                                 ~~~~~~[0m
[96msrc/modules/controllers/folder.controller.ts[0m:[93m22[0m:[93m40[0m - [91merror[0m[90m TS2339: [0mProperty 'folder' does not exist on type 'FolderController'.

[7m22[0m       const data: Media[] = await this.folder.getMeidas(folderId);
[7m  [0m [91m                                       ~~~~~~[0m
[96msrc/modules/controllers/folder.controller.ts[0m:[93m31[0m:[93m42[0m - [91merror[0m[90m TS2339: [0mProperty 'folder' does not exist on type 'FolderController'.

[7m31[0m       const newfolder = await await this.folder.create(req.body);
[7m  [0m [91m                                         ~~~~~~[0m
[96msrc/modules/controllers/folder.controller.ts[0m:[93m40[0m:[93m37[0m - [91merror[0m[90m TS2339: [0mProperty 'folder' does not exist on type 'FolderController'.

[7m40[0m       const data = await await this.folder.delete(req.params.id);
[7m  [0m [91m                                    ~~~~~~[0m

    at createTSError (/Users/toannguyen/Documents/Source/tn-uptech-backend/node_modules/ts-node/src/index.ts:859:12)
    at reportTSError (/Users/toannguyen/Documents/Source/tn-uptech-backend/node_modules/ts-node/src/index.ts:863:19)
    at getOutput (/Users/toannguyen/Documents/Source/tn-uptech-backend/node_modules/ts-node/src/index.ts:1077:36)
    at Object.compile (/Users/toannguyen/Documents/Source/tn-uptech-backend/node_modules/ts-node/src/index.ts:1433:41)
    at Module.m._compile (/Users/toannguyen/Documents/Source/tn-uptech-backend/node_modules/ts-node/src/index.ts:1617:30)
    at Module._extensions..js (node:internal/modules/cjs/loader:1245:10)
    at Object.require.extensions.<computed> [as .ts] (/Users/toannguyen/Documents/Source/tn-uptech-backend/node_modules/ts-node/src/index.ts:1621:12)
    at Module.load (node:internal/modules/cjs/loader:1069:32)
    at Function.Module._load (node:internal/modules/cjs/loader:904:12)
    at Module.require (node:internal/modules/cjs/loader:1093:19)
2023-04-07 10:53:21 error: uncaughtException: тип Unable to compile TypeScript:
[96msrc/modules/controllers/folder.controller.ts[0m:[93m6[0m:[93m19[0m - [91merror[0m[90m TS2304: [0mCannot find name 'MediaService'.

[7m6[0m const media = new MediaService();
[7m [0m [91m                  ~~~~~~~~~~~~[0m
[96msrc/modules/controllers/folder.controller.ts[0m:[93m11[0m:[93m50[0m - [91merror[0m[90m TS2339: [0mProperty 'folder' does not exist on type 'FolderController'.

[7m11[0m       const getTreeFolder: Folder[] = await this.folder.index();
[7m  [0m [91m                                                 ~~~~~~[0m
[96msrc/modules/controllers/folder.controller.ts[0m:[93m21[0m:[93m40[0m - [91merror[0m[90m TS2339: [0mProperty 'folder' does not exist on type 'FolderController'.

[7m21[0m       const data: Media[] = await this.folder.getMeidas(folderId);
[7m  [0m [91m                                       ~~~~~~[0m
[96msrc/modules/controllers/folder.controller.ts[0m:[93m30[0m:[93m42[0m - [91merror[0m[90m TS2339: [0mProperty 'folder' does not exist on type 'FolderController'.

[7m30[0m       const newfolder = await await this.folder.create(req.body);
[7m  [0m [91m                                         ~~~~~~[0m
[96msrc/modules/controllers/folder.controller.ts[0m:[93m39[0m:[93m37[0m - [91merror[0m[90m TS2339: [0mProperty 'folder' does not exist on type 'FolderController'.

[7m39[0m       const data = await await this.folder.delete(req.params.id);
[7m  [0m [91m                                    ~~~~~~[0m

TSError: тип Unable to compile TypeScript:
[96msrc/modules/controllers/folder.controller.ts[0m:[93m6[0m:[93m19[0m - [91merror[0m[90m TS2304: [0mCannot find name 'MediaService'.

[7m6[0m const media = new MediaService();
[7m [0m [91m                  ~~~~~~~~~~~~[0m
[96msrc/modules/controllers/folder.controller.ts[0m:[93m11[0m:[93m50[0m - [91merror[0m[90m TS2339: [0mProperty 'folder' does not exist on type 'FolderController'.

[7m11[0m       const getTreeFolder: Folder[] = await this.folder.index();
[7m  [0m [91m                                                 ~~~~~~[0m
[96msrc/modules/controllers/folder.controller.ts[0m:[93m21[0m:[93m40[0m - [91merror[0m[90m TS2339: [0mProperty 'folder' does not exist on type 'FolderController'.

[7m21[0m       const data: Media[] = await this.folder.getMeidas(folderId);
[7m  [0m [91m                                       ~~~~~~[0m
[96msrc/modules/controllers/folder.controller.ts[0m:[93m30[0m:[93m42[0m - [91merror[0m[90m TS2339: [0mProperty 'folder' does not exist on type 'FolderController'.

[7m30[0m       const newfolder = await await this.folder.create(req.body);
[7m  [0m [91m                                         ~~~~~~[0m
[96msrc/modules/controllers/folder.controller.ts[0m:[93m39[0m:[93m37[0m - [91merror[0m[90m TS2339: [0mProperty 'folder' does not exist on type 'FolderController'.

[7m39[0m       const data = await await this.folder.delete(req.params.id);
[7m  [0m [91m                                    ~~~~~~[0m

    at createTSError (/Users/toannguyen/Documents/Source/tn-uptech-backend/node_modules/ts-node/src/index.ts:859:12)
    at reportTSError (/Users/toannguyen/Documents/Source/tn-uptech-backend/node_modules/ts-node/src/index.ts:863:19)
    at getOutput (/Users/toannguyen/Documents/Source/tn-uptech-backend/node_modules/ts-node/src/index.ts:1077:36)
    at Object.compile (/Users/toannguyen/Documents/Source/tn-uptech-backend/node_modules/ts-node/src/index.ts:1433:41)
    at Module.m._compile (/Users/toannguyen/Documents/Source/tn-uptech-backend/node_modules/ts-node/src/index.ts:1617:30)
    at Module._extensions..js (node:internal/modules/cjs/loader:1245:10)
    at Object.require.extensions.<computed> [as .ts] (/Users/toannguyen/Documents/Source/tn-uptech-backend/node_modules/ts-node/src/index.ts:1621:12)
    at Module.load (node:internal/modules/cjs/loader:1069:32)
    at Function.Module._load (node:internal/modules/cjs/loader:904:12)
    at Module.require (node:internal/modules/cjs/loader:1093:19)
2023-04-07 10:53:32 error: uncaughtException: тип Unable to compile TypeScript:
[96msrc/modules/controllers/folder.controller.ts[0m:[93m6[0m:[93m20[0m - [91merror[0m[90m TS2304: [0mCannot find name 'FolderService'.

[7m6[0m const folder = new FolderService();
[7m [0m [91m                   ~~~~~~~~~~~~~[0m
[96msrc/modules/controllers/folder.controller.ts[0m:[93m11[0m:[93m50[0m - [91merror[0m[90m TS2339: [0mProperty 'folder' does not exist on type 'FolderController'.

[7m11[0m       const getTreeFolder: Folder[] = await this.folder.index();
[7m  [0m [91m                                                 ~~~~~~[0m
[96msrc/modules/controllers/folder.controller.ts[0m:[93m21[0m:[93m40[0m - [91merror[0m[90m TS2339: [0mProperty 'folder' does not exist on type 'FolderController'.

[7m21[0m       const data: Media[] = await this.folder.getMeidas(folderId);
[7m  [0m [91m                                       ~~~~~~[0m
[96msrc/modules/controllers/folder.controller.ts[0m:[93m30[0m:[93m42[0m - [91merror[0m[90m TS2339: [0mProperty 'folder' does not exist on type 'FolderController'.

[7m30[0m       const newfolder = await await this.folder.create(req.body);
[7m  [0m [91m                                         ~~~~~~[0m
[96msrc/modules/controllers/folder.controller.ts[0m:[93m39[0m:[93m37[0m - [91merror[0m[90m TS2339: [0mProperty 'folder' does not exist on type 'FolderController'.

[7m39[0m       const data = await await this.folder.delete(req.params.id);
[7m  [0m [91m                                    ~~~~~~[0m

TSError: тип Unable to compile TypeScript:
[96msrc/modules/controllers/folder.controller.ts[0m:[93m6[0m:[93m20[0m - [91merror[0m[90m TS2304: [0mCannot find name 'FolderService'.

[7m6[0m const folder = new FolderService();
[7m [0m [91m                   ~~~~~~~~~~~~~[0m
[96msrc/modules/controllers/folder.controller.ts[0m:[93m11[0m:[93m50[0m - [91merror[0m[90m TS2339: [0mProperty 'folder' does not exist on type 'FolderController'.

[7m11[0m       const getTreeFolder: Folder[] = await this.folder.index();
[7m  [0m [91m                                                 ~~~~~~[0m
[96msrc/modules/controllers/folder.controller.ts[0m:[93m21[0m:[93m40[0m - [91merror[0m[90m TS2339: [0mProperty 'folder' does not exist on type 'FolderController'.

[7m21[0m       const data: Media[] = await this.folder.getMeidas(folderId);
[7m  [0m [91m                                       ~~~~~~[0m
[96msrc/modules/controllers/folder.controller.ts[0m:[93m30[0m:[93m42[0m - [91merror[0m[90m TS2339: [0mProperty 'folder' does not exist on type 'FolderController'.

[7m30[0m       const newfolder = await await this.folder.create(req.body);
[7m  [0m [91m                                         ~~~~~~[0m
[96msrc/modules/controllers/folder.controller.ts[0m:[93m39[0m:[93m37[0m - [91merror[0m[90m TS2339: [0mProperty 'folder' does not exist on type 'FolderController'.

[7m39[0m       const data = await await this.folder.delete(req.params.id);
[7m  [0m [91m                                    ~~~~~~[0m

    at createTSError (/Users/toannguyen/Documents/Source/tn-uptech-backend/node_modules/ts-node/src/index.ts:859:12)
    at reportTSError (/Users/toannguyen/Documents/Source/tn-uptech-backend/node_modules/ts-node/src/index.ts:863:19)
    at getOutput (/Users/toannguyen/Documents/Source/tn-uptech-backend/node_modules/ts-node/src/index.ts:1077:36)
    at Object.compile (/Users/toannguyen/Documents/Source/tn-uptech-backend/node_modules/ts-node/src/index.ts:1433:41)
    at Module.m._compile (/Users/toannguyen/Documents/Source/tn-uptech-backend/node_modules/ts-node/src/index.ts:1617:30)
    at Module._extensions..js (node:internal/modules/cjs/loader:1245:10)
    at Object.require.extensions.<computed> [as .ts] (/Users/toannguyen/Documents/Source/tn-uptech-backend/node_modules/ts-node/src/index.ts:1621:12)
    at Module.load (node:internal/modules/cjs/loader:1069:32)
    at Function.Module._load (node:internal/modules/cjs/loader:904:12)
    at Module.require (node:internal/modules/cjs/loader:1093:19)
2023-04-07 11:10:22 error: uncaughtException: тип Unable to compile TypeScript:
[96msrc/route/common.route.ts[0m:[93m14[0m:[93m46[0m - [91merror[0m[90m TS2339: [0mProperty 'post' does not exist on type 'CommontRoute'.

[7m14[0m         this.router.get(`${this.path}`, this.post.index);
[7m  [0m [91m                                             ~~~~[0m
[96msrc/route/common.route.ts[0m:[93m15[0m:[93m54[0m - [91merror[0m[90m TS2339: [0mProperty 'post' does not exist on type 'CommontRoute'.

[7m15[0m         this.router.post(`${this.path}/create`, this.post.create);
[7m  [0m [91m                                                     ~~~~[0m

TSError: тип Unable to compile TypeScript:
[96msrc/route/common.route.ts[0m:[93m14[0m:[93m46[0m - [91merror[0m[90m TS2339: [0mProperty 'post' does not exist on type 'CommontRoute'.

[7m14[0m         this.router.get(`${this.path}`, this.post.index);
[7m  [0m [91m                                             ~~~~[0m
[96msrc/route/common.route.ts[0m:[93m15[0m:[93m54[0m - [91merror[0m[90m TS2339: [0mProperty 'post' does not exist on type 'CommontRoute'.

[7m15[0m         this.router.post(`${this.path}/create`, this.post.create);
[7m  [0m [91m                                                     ~~~~[0m

    at createTSError (/Users/toannguyen/Documents/Source/tn-uptech-backend/node_modules/ts-node/src/index.ts:859:12)
    at reportTSError (/Users/toannguyen/Documents/Source/tn-uptech-backend/node_modules/ts-node/src/index.ts:863:19)
    at getOutput (/Users/toannguyen/Documents/Source/tn-uptech-backend/node_modules/ts-node/src/index.ts:1077:36)
    at Object.compile (/Users/toannguyen/Documents/Source/tn-uptech-backend/node_modules/ts-node/src/index.ts:1433:41)
    at Module.m._compile (/Users/toannguyen/Documents/Source/tn-uptech-backend/node_modules/ts-node/src/index.ts:1617:30)
    at Module._extensions..js (node:internal/modules/cjs/loader:1245:10)
    at Object.require.extensions.<computed> [as .ts] (/Users/toannguyen/Documents/Source/tn-uptech-backend/node_modules/ts-node/src/index.ts:1621:12)
    at Module.load (node:internal/modules/cjs/loader:1069:32)
    at Function.Module._load (node:internal/modules/cjs/loader:904:12)
    at Module.require (node:internal/modules/cjs/loader:1093:19)
2023-04-07 11:10:41 error: uncaughtException: тип Unable to compile TypeScript:
[96msrc/route/common.route.ts[0m:[93m14[0m:[93m46[0m - [91merror[0m[90m TS2339: [0mProperty 'common' does not exist on type 'CommontRoute'.

[7m14[0m         this.router.get(`${this.path}`, this.common.index);
[7m  [0m [91m                                             ~~~~~~[0m
[96msrc/route/common.route.ts[0m:[93m15[0m:[93m54[0m - [91merror[0m[90m TS2339: [0mProperty 'common' does not exist on type 'CommontRoute'.

[7m15[0m         this.router.post(`${this.path}/create`, this.common.create);
[7m  [0m [91m                                                     ~~~~~~[0m

TSError: тип Unable to compile TypeScript:
[96msrc/route/common.route.ts[0m:[93m14[0m:[93m46[0m - [91merror[0m[90m TS2339: [0mProperty 'common' does not exist on type 'CommontRoute'.

[7m14[0m         this.router.get(`${this.path}`, this.common.index);
[7m  [0m [91m                                             ~~~~~~[0m
[96msrc/route/common.route.ts[0m:[93m15[0m:[93m54[0m - [91merror[0m[90m TS2339: [0mProperty 'common' does not exist on type 'CommontRoute'.

[7m15[0m         this.router.post(`${this.path}/create`, this.common.create);
[7m  [0m [91m                                                     ~~~~~~[0m

    at createTSError (/Users/toannguyen/Documents/Source/tn-uptech-backend/node_modules/ts-node/src/index.ts:859:12)
    at reportTSError (/Users/toannguyen/Documents/Source/tn-uptech-backend/node_modules/ts-node/src/index.ts:863:19)
    at getOutput (/Users/toannguyen/Documents/Source/tn-uptech-backend/node_modules/ts-node/src/index.ts:1077:36)
    at Object.compile (/Users/toannguyen/Documents/Source/tn-uptech-backend/node_modules/ts-node/src/index.ts:1433:41)
    at Module.m._compile (/Users/toannguyen/Documents/Source/tn-uptech-backend/node_modules/ts-node/src/index.ts:1617:30)
    at Module._extensions..js (node:internal/modules/cjs/loader:1245:10)
    at Object.require.extensions.<computed> [as .ts] (/Users/toannguyen/Documents/Source/tn-uptech-backend/node_modules/ts-node/src/index.ts:1621:12)
    at Module.load (node:internal/modules/cjs/loader:1069:32)
    at Function.Module._load (node:internal/modules/cjs/loader:904:12)
    at Module.require (node:internal/modules/cjs/loader:1093:19)
2023-04-07 11:10:59 error: uncaughtException: тип Unable to compile TypeScript:
[96msrc/route/common.route.ts[0m:[93m14[0m:[93m46[0m - [91merror[0m[90m TS2339: [0mProperty 'commont' does not exist on type 'CommontRoute'.

[7m14[0m         this.router.get(`${this.path}`, this.commont.index);
[7m  [0m [91m                                             ~~~~~~~[0m
[96msrc/route/common.route.ts[0m:[93m15[0m:[93m54[0m - [91merror[0m[90m TS2339: [0mProperty 'commont' does not exist on type 'CommontRoute'.

[7m15[0m         this.router.post(`${this.path}/create`, this.commont.create);
[7m  [0m [91m                                                     ~~~~~~~[0m

TSError: тип Unable to compile TypeScript:
[96msrc/route/common.route.ts[0m:[93m14[0m:[93m46[0m - [91merror[0m[90m TS2339: [0mProperty 'commont' does not exist on type 'CommontRoute'.

[7m14[0m         this.router.get(`${this.path}`, this.commont.index);
[7m  [0m [91m                                             ~~~~~~~[0m
[96msrc/route/common.route.ts[0m:[93m15[0m:[93m54[0m - [91merror[0m[90m TS2339: [0mProperty 'commont' does not exist on type 'CommontRoute'.

[7m15[0m         this.router.post(`${this.path}/create`, this.commont.create);
[7m  [0m [91m                                                     ~~~~~~~[0m

    at createTSError (/Users/toannguyen/Documents/Source/tn-uptech-backend/node_modules/ts-node/src/index.ts:859:12)
    at reportTSError (/Users/toannguyen/Documents/Source/tn-uptech-backend/node_modules/ts-node/src/index.ts:863:19)
    at getOutput (/Users/toannguyen/Documents/Source/tn-uptech-backend/node_modules/ts-node/src/index.ts:1077:36)
    at Object.compile (/Users/toannguyen/Documents/Source/tn-uptech-backend/node_modules/ts-node/src/index.ts:1433:41)
    at Module.m._compile (/Users/toannguyen/Documents/Source/tn-uptech-backend/node_modules/ts-node/src/index.ts:1617:30)
    at Module._extensions..js (node:internal/modules/cjs/loader:1245:10)
    at Object.require.extensions.<computed> [as .ts] (/Users/toannguyen/Documents/Source/tn-uptech-backend/node_modules/ts-node/src/index.ts:1621:12)
    at Module.load (node:internal/modules/cjs/loader:1069:32)
    at Function.Module._load (node:internal/modules/cjs/loader:904:12)
    at Module.require (node:internal/modules/cjs/loader:1093:19)
2023-04-07 11:11:11 error: uncaughtException: тип Unable to compile TypeScript:
[96msrc/route/common.route.ts[0m:[93m14[0m:[93m46[0m - [91merror[0m[90m TS2339: [0mProperty 'commont' does not exist on type 'CommontRoute'.

[7m14[0m         this.router.get(`${this.path}`, this.commont.index);
[7m  [0m [91m                                             ~~~~~~~[0m
[96msrc/route/common.route.ts[0m:[93m15[0m:[93m54[0m - [91merror[0m[90m TS2339: [0mProperty 'commont' does not exist on type 'CommontRoute'.

[7m15[0m         this.router.post(`${this.path}/create`, this.commont.create);
[7m  [0m [91m                                                     ~~~~~~~[0m

TSError: тип Unable to compile TypeScript:
[96msrc/route/common.route.ts[0m:[93m14[0m:[93m46[0m - [91merror[0m[90m TS2339: [0mProperty 'commont' does not exist on type 'CommontRoute'.

[7m14[0m         this.router.get(`${this.path}`, this.commont.index);
[7m  [0m [91m                                             ~~~~~~~[0m
[96msrc/route/common.route.ts[0m:[93m15[0m:[93m54[0m - [91merror[0m[90m TS2339: [0mProperty 'commont' does not exist on type 'CommontRoute'.

[7m15[0m         this.router.post(`${this.path}/create`, this.commont.create);
[7m  [0m [91m                                                     ~~~~~~~[0m

    at createTSError (/Users/toannguyen/Documents/Source/tn-uptech-backend/node_modules/ts-node/src/index.ts:859:12)
    at reportTSError (/Users/toannguyen/Documents/Source/tn-uptech-backend/node_modules/ts-node/src/index.ts:863:19)
    at getOutput (/Users/toannguyen/Documents/Source/tn-uptech-backend/node_modules/ts-node/src/index.ts:1077:36)
    at Object.compile (/Users/toannguyen/Documents/Source/tn-uptech-backend/node_modules/ts-node/src/index.ts:1433:41)
    at Module.m._compile (/Users/toannguyen/Documents/Source/tn-uptech-backend/node_modules/ts-node/src/index.ts:1617:30)
    at Module._extensions..js (node:internal/modules/cjs/loader:1245:10)
    at Object.require.extensions.<computed> [as .ts] (/Users/toannguyen/Documents/Source/tn-uptech-backend/node_modules/ts-node/src/index.ts:1621:12)
    at Module.load (node:internal/modules/cjs/loader:1069:32)
    at Function.Module._load (node:internal/modules/cjs/loader:904:12)
    at Module.require (node:internal/modules/cjs/loader:1093:19)
2023-04-07 11:11:35 error: uncaughtException: тип Unable to compile TypeScript:
[96msrc/route/common.route.ts[0m:[93m14[0m:[93m46[0m - [91merror[0m[90m TS2339: [0mProperty 'commont' does not exist on type 'CommontRoute'.

[7m14[0m         this.router.get(`${this.path}`, this.commont.index);
[7m  [0m [91m                                             ~~~~~~~[0m
[96msrc/route/common.route.ts[0m:[93m15[0m:[93m54[0m - [91merror[0m[90m TS2339: [0mProperty 'commont' does not exist on type 'CommontRoute'.

[7m15[0m         this.router.post(`${this.path}/create`, this.commont.create);
[7m  [0m [91m                                                     ~~~~~~~[0m

TSError: тип Unable to compile TypeScript:
[96msrc/route/common.route.ts[0m:[93m14[0m:[93m46[0m - [91merror[0m[90m TS2339: [0mProperty 'commont' does not exist on type 'CommontRoute'.

[7m14[0m         this.router.get(`${this.path}`, this.commont.index);
[7m  [0m [91m                                             ~~~~~~~[0m
[96msrc/route/common.route.ts[0m:[93m15[0m:[93m54[0m - [91merror[0m[90m TS2339: [0mProperty 'commont' does not exist on type 'CommontRoute'.

[7m15[0m         this.router.post(`${this.path}/create`, this.commont.create);
[7m  [0m [91m                                                     ~~~~~~~[0m

    at createTSError (/Users/toannguyen/Documents/Source/tn-uptech-backend/node_modules/ts-node/src/index.ts:859:12)
    at reportTSError (/Users/toannguyen/Documents/Source/tn-uptech-backend/node_modules/ts-node/src/index.ts:863:19)
    at getOutput (/Users/toannguyen/Documents/Source/tn-uptech-backend/node_modules/ts-node/src/index.ts:1077:36)
    at Object.compile (/Users/toannguyen/Documents/Source/tn-uptech-backend/node_modules/ts-node/src/index.ts:1433:41)
    at Module.m._compile (/Users/toannguyen/Documents/Source/tn-uptech-backend/node_modules/ts-node/src/index.ts:1617:30)
    at Module._extensions..js (node:internal/modules/cjs/loader:1245:10)
    at Object.require.extensions.<computed> [as .ts] (/Users/toannguyen/Documents/Source/tn-uptech-backend/node_modules/ts-node/src/index.ts:1621:12)
    at Module.load (node:internal/modules/cjs/loader:1069:32)
    at Function.Module._load (node:internal/modules/cjs/loader:904:12)
    at Module.require (node:internal/modules/cjs/loader:1093:19)
2023-04-07 11:11:43 error: uncaughtException: тип Unable to compile TypeScript:
[96msrc/route/common.route.ts[0m:[93m14[0m:[93m46[0m - [91merror[0m[90m TS2339: [0mProperty 'commont' does not exist on type 'CommontRoute'.

[7m14[0m         this.router.get(`${this.path}`, this.commont.index);
[7m  [0m [91m                                             ~~~~~~~[0m
[96msrc/route/common.route.ts[0m:[93m15[0m:[93m54[0m - [91merror[0m[90m TS2339: [0mProperty 'commont' does not exist on type 'CommontRoute'.

[7m15[0m         this.router.post(`${this.path}/create`, this.commont.create);
[7m  [0m [91m                                                     ~~~~~~~[0m

TSError: тип Unable to compile TypeScript:
[96msrc/route/common.route.ts[0m:[93m14[0m:[93m46[0m - [91merror[0m[90m TS2339: [0mProperty 'commont' does not exist on type 'CommontRoute'.

[7m14[0m         this.router.get(`${this.path}`, this.commont.index);
[7m  [0m [91m                                             ~~~~~~~[0m
[96msrc/route/common.route.ts[0m:[93m15[0m:[93m54[0m - [91merror[0m[90m TS2339: [0mProperty 'commont' does not exist on type 'CommontRoute'.

[7m15[0m         this.router.post(`${this.path}/create`, this.commont.create);
[7m  [0m [91m                                                     ~~~~~~~[0m

    at createTSError (/Users/toannguyen/Documents/Source/tn-uptech-backend/node_modules/ts-node/src/index.ts:859:12)
    at reportTSError (/Users/toannguyen/Documents/Source/tn-uptech-backend/node_modules/ts-node/src/index.ts:863:19)
    at getOutput (/Users/toannguyen/Documents/Source/tn-uptech-backend/node_modules/ts-node/src/index.ts:1077:36)
    at Object.compile (/Users/toannguyen/Documents/Source/tn-uptech-backend/node_modules/ts-node/src/index.ts:1433:41)
    at Module.m._compile (/Users/toannguyen/Documents/Source/tn-uptech-backend/node_modules/ts-node/src/index.ts:1617:30)
    at Module._extensions..js (node:internal/modules/cjs/loader:1245:10)
    at Object.require.extensions.<computed> [as .ts] (/Users/toannguyen/Documents/Source/tn-uptech-backend/node_modules/ts-node/src/index.ts:1621:12)
    at Module.load (node:internal/modules/cjs/loader:1069:32)
    at Function.Module._load (node:internal/modules/cjs/loader:904:12)
    at Module.require (node:internal/modules/cjs/loader:1093:19)
2023-04-07 11:11:50 error: uncaughtException: тип Unable to compile TypeScript:
[96msrc/route/common.route.ts[0m:[93m14[0m:[93m46[0m - [91merror[0m[90m TS2339: [0mProperty 'commont' does not exist on type 'CommontRoute'.

[7m14[0m         this.router.get(`${this.path}`, this.commont.index);
[7m  [0m [91m                                             ~~~~~~~[0m
[96msrc/route/common.route.ts[0m:[93m15[0m:[93m54[0m - [91merror[0m[90m TS2339: [0mProperty 'commont' does not exist on type 'CommontRoute'.

[7m15[0m         this.router.post(`${this.path}/create`, this.commont.create);
[7m  [0m [91m                                                     ~~~~~~~[0m

TSError: тип Unable to compile TypeScript:
[96msrc/route/common.route.ts[0m:[93m14[0m:[93m46[0m - [91merror[0m[90m TS2339: [0mProperty 'commont' does not exist on type 'CommontRoute'.

[7m14[0m         this.router.get(`${this.path}`, this.commont.index);
[7m  [0m [91m                                             ~~~~~~~[0m
[96msrc/route/common.route.ts[0m:[93m15[0m:[93m54[0m - [91merror[0m[90m TS2339: [0mProperty 'commont' does not exist on type 'CommontRoute'.

[7m15[0m         this.router.post(`${this.path}/create`, this.commont.create);
[7m  [0m [91m                                                     ~~~~~~~[0m

    at createTSError (/Users/toannguyen/Documents/Source/tn-uptech-backend/node_modules/ts-node/src/index.ts:859:12)
    at reportTSError (/Users/toannguyen/Documents/Source/tn-uptech-backend/node_modules/ts-node/src/index.ts:863:19)
    at getOutput (/Users/toannguyen/Documents/Source/tn-uptech-backend/node_modules/ts-node/src/index.ts:1077:36)
    at Object.compile (/Users/toannguyen/Documents/Source/tn-uptech-backend/node_modules/ts-node/src/index.ts:1433:41)
    at Module.m._compile (/Users/toannguyen/Documents/Source/tn-uptech-backend/node_modules/ts-node/src/index.ts:1617:30)
    at Module._extensions..js (node:internal/modules/cjs/loader:1245:10)
    at Object.require.extensions.<computed> [as .ts] (/Users/toannguyen/Documents/Source/tn-uptech-backend/node_modules/ts-node/src/index.ts:1621:12)
    at Module.load (node:internal/modules/cjs/loader:1069:32)
    at Function.Module._load (node:internal/modules/cjs/loader:904:12)
    at Module.require (node:internal/modules/cjs/loader:1093:19)
2023-04-07 11:12:25 error: uncaughtException: тип Unable to compile TypeScript:
[96msrc/route/common.route.ts[0m:[93m14[0m:[93m46[0m - [91merror[0m[90m TS2339: [0mProperty 'commont' does not exist on type 'CommontRoute'.

[7m14[0m         this.router.get(`${this.path}`, this.commont.index);
[7m  [0m [91m                                             ~~~~~~~[0m
[96msrc/route/common.route.ts[0m:[93m15[0m:[93m54[0m - [91merror[0m[90m TS2339: [0mProperty 'commont' does not exist on type 'CommontRoute'.

[7m15[0m         this.router.post(`${this.path}/create`, this.commont.create);
[7m  [0m [91m                                                     ~~~~~~~[0m

TSError: тип Unable to compile TypeScript:
[96msrc/route/common.route.ts[0m:[93m14[0m:[93m46[0m - [91merror[0m[90m TS2339: [0mProperty 'commont' does not exist on type 'CommontRoute'.

[7m14[0m         this.router.get(`${this.path}`, this.commont.index);
[7m  [0m [91m                                             ~~~~~~~[0m
[96msrc/route/common.route.ts[0m:[93m15[0m:[93m54[0m - [91merror[0m[90m TS2339: [0mProperty 'commont' does not exist on type 'CommontRoute'.

[7m15[0m         this.router.post(`${this.path}/create`, this.commont.create);
[7m  [0m [91m                                                     ~~~~~~~[0m

    at createTSError (/Users/toannguyen/Documents/Source/tn-uptech-backend/node_modules/ts-node/src/index.ts:859:12)
    at reportTSError (/Users/toannguyen/Documents/Source/tn-uptech-backend/node_modules/ts-node/src/index.ts:863:19)
    at getOutput (/Users/toannguyen/Documents/Source/tn-uptech-backend/node_modules/ts-node/src/index.ts:1077:36)
    at Object.compile (/Users/toannguyen/Documents/Source/tn-uptech-backend/node_modules/ts-node/src/index.ts:1433:41)
    at Module.m._compile (/Users/toannguyen/Documents/Source/tn-uptech-backend/node_modules/ts-node/src/index.ts:1617:30)
    at Module._extensions..js (node:internal/modules/cjs/loader:1245:10)
    at Object.require.extensions.<computed> [as .ts] (/Users/toannguyen/Documents/Source/tn-uptech-backend/node_modules/ts-node/src/index.ts:1621:12)
    at Module.load (node:internal/modules/cjs/loader:1069:32)
    at Function.Module._load (node:internal/modules/cjs/loader:904:12)
    at Module.require (node:internal/modules/cjs/loader:1093:19)
2023-04-07 11:12:33 error: uncaughtException: тип Unable to compile TypeScript:
[96msrc/route/common.route.ts[0m:[93m14[0m:[93m46[0m - [91merror[0m[90m TS2339: [0mProperty 'commont' does not exist on type 'CommontRoute'.

[7m14[0m         this.router.get(`${this.path}`, this.commont.index);
[7m  [0m [91m                                             ~~~~~~~[0m
[96msrc/route/common.route.ts[0m:[93m15[0m:[93m54[0m - [91merror[0m[90m TS2339: [0mProperty 'commont' does not exist on type 'CommontRoute'.

[7m15[0m         this.router.post(`${this.path}/create`, this.commont.create);
[7m  [0m [91m                                                     ~~~~~~~[0m

TSError: тип Unable to compile TypeScript:
[96msrc/route/common.route.ts[0m:[93m14[0m:[93m46[0m - [91merror[0m[90m TS2339: [0mProperty 'commont' does not exist on type 'CommontRoute'.

[7m14[0m         this.router.get(`${this.path}`, this.commont.index);
[7m  [0m [91m                                             ~~~~~~~[0m
[96msrc/route/common.route.ts[0m:[93m15[0m:[93m54[0m - [91merror[0m[90m TS2339: [0mProperty 'commont' does not exist on type 'CommontRoute'.

[7m15[0m         this.router.post(`${this.path}/create`, this.commont.create);
[7m  [0m [91m                                                     ~~~~~~~[0m

    at createTSError (/Users/toannguyen/Documents/Source/tn-uptech-backend/node_modules/ts-node/src/index.ts:859:12)
    at reportTSError (/Users/toannguyen/Documents/Source/tn-uptech-backend/node_modules/ts-node/src/index.ts:863:19)
    at getOutput (/Users/toannguyen/Documents/Source/tn-uptech-backend/node_modules/ts-node/src/index.ts:1077:36)
    at Object.compile (/Users/toannguyen/Documents/Source/tn-uptech-backend/node_modules/ts-node/src/index.ts:1433:41)
    at Module.m._compile (/Users/toannguyen/Documents/Source/tn-uptech-backend/node_modules/ts-node/src/index.ts:1617:30)
    at Module._extensions..js (node:internal/modules/cjs/loader:1245:10)
    at Object.require.extensions.<computed> [as .ts] (/Users/toannguyen/Documents/Source/tn-uptech-backend/node_modules/ts-node/src/index.ts:1621:12)
    at Module.load (node:internal/modules/cjs/loader:1069:32)
    at Function.Module._load (node:internal/modules/cjs/loader:904:12)
    at Module.require (node:internal/modules/cjs/loader:1093:19)
2023-04-07 11:12:47 error: uncaughtException: тип Unable to compile TypeScript:
[96msrc/route/common.route.ts[0m:[93m14[0m:[93m46[0m - [91merror[0m[90m TS2339: [0mProperty 'commont' does not exist on type 'CommontRoute'.

[7m14[0m         this.router.get(`${this.path}`, this.commont.index);
[7m  [0m [91m                                             ~~~~~~~[0m
[96msrc/route/common.route.ts[0m:[93m15[0m:[93m54[0m - [91merror[0m[90m TS2339: [0mProperty 'commont' does not exist on type 'CommontRoute'.

[7m15[0m         this.router.post(`${this.path}/create`, this.commont.create);
[7m  [0m [91m                                                     ~~~~~~~[0m

TSError: тип Unable to compile TypeScript:
[96msrc/route/common.route.ts[0m:[93m14[0m:[93m46[0m - [91merror[0m[90m TS2339: [0mProperty 'commont' does not exist on type 'CommontRoute'.

[7m14[0m         this.router.get(`${this.path}`, this.commont.index);
[7m  [0m [91m                                             ~~~~~~~[0m
[96msrc/route/common.route.ts[0m:[93m15[0m:[93m54[0m - [91merror[0m[90m TS2339: [0mProperty 'commont' does not exist on type 'CommontRoute'.

[7m15[0m         this.router.post(`${this.path}/create`, this.commont.create);
[7m  [0m [91m                                                     ~~~~~~~[0m

    at createTSError (/Users/toannguyen/Documents/Source/tn-uptech-backend/node_modules/ts-node/src/index.ts:859:12)
    at reportTSError (/Users/toannguyen/Documents/Source/tn-uptech-backend/node_modules/ts-node/src/index.ts:863:19)
    at getOutput (/Users/toannguyen/Documents/Source/tn-uptech-backend/node_modules/ts-node/src/index.ts:1077:36)
    at Object.compile (/Users/toannguyen/Documents/Source/tn-uptech-backend/node_modules/ts-node/src/index.ts:1433:41)
    at Module.m._compile (/Users/toannguyen/Documents/Source/tn-uptech-backend/node_modules/ts-node/src/index.ts:1617:30)
    at Module._extensions..js (node:internal/modules/cjs/loader:1245:10)
    at Object.require.extensions.<computed> [as .ts] (/Users/toannguyen/Documents/Source/tn-uptech-backend/node_modules/ts-node/src/index.ts:1621:12)
    at Module.load (node:internal/modules/cjs/loader:1069:32)
    at Function.Module._load (node:internal/modules/cjs/loader:904:12)
    at Module.require (node:internal/modules/cjs/loader:1093:19)
2023-04-07 11:12:56 error: uncaughtException: тип Unable to compile TypeScript:
[96msrc/route/common.route.ts[0m:[93m14[0m:[93m46[0m - [91merror[0m[90m TS2339: [0mProperty 'commont' does not exist on type 'CommontRoute'.

[7m14[0m         this.router.get(`${this.path}`, this.commont.index);
[7m  [0m [91m                                             ~~~~~~~[0m
[96msrc/route/common.route.ts[0m:[93m15[0m:[93m54[0m - [91merror[0m[90m TS2339: [0mProperty 'commont' does not exist on type 'CommontRoute'.

[7m15[0m         this.router.post(`${this.path}/create`, this.commont.create);
[7m  [0m [91m                                                     ~~~~~~~[0m

TSError: тип Unable to compile TypeScript:
[96msrc/route/common.route.ts[0m:[93m14[0m:[93m46[0m - [91merror[0m[90m TS2339: [0mProperty 'commont' does not exist on type 'CommontRoute'.

[7m14[0m         this.router.get(`${this.path}`, this.commont.index);
[7m  [0m [91m                                             ~~~~~~~[0m
[96msrc/route/common.route.ts[0m:[93m15[0m:[93m54[0m - [91merror[0m[90m TS2339: [0mProperty 'commont' does not exist on type 'CommontRoute'.

[7m15[0m         this.router.post(`${this.path}/create`, this.commont.create);
[7m  [0m [91m                                                     ~~~~~~~[0m

    at createTSError (/Users/toannguyen/Documents/Source/tn-uptech-backend/node_modules/ts-node/src/index.ts:859:12)
    at reportTSError (/Users/toannguyen/Documents/Source/tn-uptech-backend/node_modules/ts-node/src/index.ts:863:19)
    at getOutput (/Users/toannguyen/Documents/Source/tn-uptech-backend/node_modules/ts-node/src/index.ts:1077:36)
    at Object.compile (/Users/toannguyen/Documents/Source/tn-uptech-backend/node_modules/ts-node/src/index.ts:1433:41)
    at Module.m._compile (/Users/toannguyen/Documents/Source/tn-uptech-backend/node_modules/ts-node/src/index.ts:1617:30)
    at Module._extensions..js (node:internal/modules/cjs/loader:1245:10)
    at Object.require.extensions.<computed> [as .ts] (/Users/toannguyen/Documents/Source/tn-uptech-backend/node_modules/ts-node/src/index.ts:1621:12)
    at Module.load (node:internal/modules/cjs/loader:1069:32)
    at Function.Module._load (node:internal/modules/cjs/loader:904:12)
    at Module.require (node:internal/modules/cjs/loader:1093:19)
2023-04-07 11:13:09 error: uncaughtException: тип Unable to compile TypeScript:
[96msrc/route/common.route.ts[0m:[93m14[0m:[93m46[0m - [91merror[0m[90m TS2339: [0mProperty 'commont' does not exist on type 'CommontRoute'.

[7m14[0m         this.router.get(`${this.path}`, this.commont.index);
[7m  [0m [91m                                             ~~~~~~~[0m
[96msrc/route/common.route.ts[0m:[93m15[0m:[93m54[0m - [91merror[0m[90m TS2339: [0mProperty 'commont' does not exist on type 'CommontRoute'.

[7m15[0m         this.router.post(`${this.path}/create`, this.commont.create);
[7m  [0m [91m                                                     ~~~~~~~[0m

TSError: тип Unable to compile TypeScript:
[96msrc/route/common.route.ts[0m:[93m14[0m:[93m46[0m - [91merror[0m[90m TS2339: [0mProperty 'commont' does not exist on type 'CommontRoute'.

[7m14[0m         this.router.get(`${this.path}`, this.commont.index);
[7m  [0m [91m                                             ~~~~~~~[0m
[96msrc/route/common.route.ts[0m:[93m15[0m:[93m54[0m - [91merror[0m[90m TS2339: [0mProperty 'commont' does not exist on type 'CommontRoute'.

[7m15[0m         this.router.post(`${this.path}/create`, this.commont.create);
[7m  [0m [91m                                                     ~~~~~~~[0m

    at createTSError (/Users/toannguyen/Documents/Source/tn-uptech-backend/node_modules/ts-node/src/index.ts:859:12)
    at reportTSError (/Users/toannguyen/Documents/Source/tn-uptech-backend/node_modules/ts-node/src/index.ts:863:19)
    at getOutput (/Users/toannguyen/Documents/Source/tn-uptech-backend/node_modules/ts-node/src/index.ts:1077:36)
    at Object.compile (/Users/toannguyen/Documents/Source/tn-uptech-backend/node_modules/ts-node/src/index.ts:1433:41)
    at Module.m._compile (/Users/toannguyen/Documents/Source/tn-uptech-backend/node_modules/ts-node/src/index.ts:1617:30)
    at Module._extensions..js (node:internal/modules/cjs/loader:1245:10)
    at Object.require.extensions.<computed> [as .ts] (/Users/toannguyen/Documents/Source/tn-uptech-backend/node_modules/ts-node/src/index.ts:1621:12)
    at Module.load (node:internal/modules/cjs/loader:1069:32)
    at Function.Module._load (node:internal/modules/cjs/loader:904:12)
    at Module.require (node:internal/modules/cjs/loader:1093:19)
2023-04-07 11:13:19 error: uncaughtException: тип Unable to compile TypeScript:
[96msrc/route/common.route.ts[0m:[93m14[0m:[93m46[0m - [91merror[0m[90m TS2339: [0mProperty 'commont' does not exist on type 'CommontRoute'.

[7m14[0m         this.router.get(`${this.path}`, this.commont.index);
[7m  [0m [91m                                             ~~~~~~~[0m
[96msrc/route/common.route.ts[0m:[93m15[0m:[93m54[0m - [91merror[0m[90m TS2339: [0mProperty 'commont' does not exist on type 'CommontRoute'.

[7m15[0m         this.router.post(`${this.path}/create`, this.commont.create);
[7m  [0m [91m                                                     ~~~~~~~[0m

TSError: тип Unable to compile TypeScript:
[96msrc/route/common.route.ts[0m:[93m14[0m:[93m46[0m - [91merror[0m[90m TS2339: [0mProperty 'commont' does not exist on type 'CommontRoute'.

[7m14[0m         this.router.get(`${this.path}`, this.commont.index);
[7m  [0m [91m                                             ~~~~~~~[0m
[96msrc/route/common.route.ts[0m:[93m15[0m:[93m54[0m - [91merror[0m[90m TS2339: [0mProperty 'commont' does not exist on type 'CommontRoute'.

[7m15[0m         this.router.post(`${this.path}/create`, this.commont.create);
[7m  [0m [91m                                                     ~~~~~~~[0m

    at createTSError (/Users/toannguyen/Documents/Source/tn-uptech-backend/node_modules/ts-node/src/index.ts:859:12)
    at reportTSError (/Users/toannguyen/Documents/Source/tn-uptech-backend/node_modules/ts-node/src/index.ts:863:19)
    at getOutput (/Users/toannguyen/Documents/Source/tn-uptech-backend/node_modules/ts-node/src/index.ts:1077:36)
    at Object.compile (/Users/toannguyen/Documents/Source/tn-uptech-backend/node_modules/ts-node/src/index.ts:1433:41)
    at Module.m._compile (/Users/toannguyen/Documents/Source/tn-uptech-backend/node_modules/ts-node/src/index.ts:1617:30)
    at Module._extensions..js (node:internal/modules/cjs/loader:1245:10)
    at Object.require.extensions.<computed> [as .ts] (/Users/toannguyen/Documents/Source/tn-uptech-backend/node_modules/ts-node/src/index.ts:1621:12)
    at Module.load (node:internal/modules/cjs/loader:1069:32)
    at Function.Module._load (node:internal/modules/cjs/loader:904:12)
    at Module.require (node:internal/modules/cjs/loader:1093:19)
2023-04-07 11:13:30 error: uncaughtException: тип Unable to compile TypeScript:
[96msrc/route/common.route.ts[0m:[93m14[0m:[93m46[0m - [91merror[0m[90m TS2339: [0mProperty 'commont' does not exist on type 'CommontRoute'.

[7m14[0m         this.router.get(`${this.path}`, this.commont.index);
[7m  [0m [91m                                             ~~~~~~~[0m
[96msrc/route/common.route.ts[0m:[93m15[0m:[93m54[0m - [91merror[0m[90m TS2339: [0mProperty 'commont' does not exist on type 'CommontRoute'.

[7m15[0m         this.router.post(`${this.path}/create`, this.commont.create);
[7m  [0m [91m                                                     ~~~~~~~[0m

TSError: тип Unable to compile TypeScript:
[96msrc/route/common.route.ts[0m:[93m14[0m:[93m46[0m - [91merror[0m[90m TS2339: [0mProperty 'commont' does not exist on type 'CommontRoute'.

[7m14[0m         this.router.get(`${this.path}`, this.commont.index);
[7m  [0m [91m                                             ~~~~~~~[0m
[96msrc/route/common.route.ts[0m:[93m15[0m:[93m54[0m - [91merror[0m[90m TS2339: [0mProperty 'commont' does not exist on type 'CommontRoute'.

[7m15[0m         this.router.post(`${this.path}/create`, this.commont.create);
[7m  [0m [91m                                                     ~~~~~~~[0m

    at createTSError (/Users/toannguyen/Documents/Source/tn-uptech-backend/node_modules/ts-node/src/index.ts:859:12)
    at reportTSError (/Users/toannguyen/Documents/Source/tn-uptech-backend/node_modules/ts-node/src/index.ts:863:19)
    at getOutput (/Users/toannguyen/Documents/Source/tn-uptech-backend/node_modules/ts-node/src/index.ts:1077:36)
    at Object.compile (/Users/toannguyen/Documents/Source/tn-uptech-backend/node_modules/ts-node/src/index.ts:1433:41)
    at Module.m._compile (/Users/toannguyen/Documents/Source/tn-uptech-backend/node_modules/ts-node/src/index.ts:1617:30)
    at Module._extensions..js (node:internal/modules/cjs/loader:1245:10)
    at Object.require.extensions.<computed> [as .ts] (/Users/toannguyen/Documents/Source/tn-uptech-backend/node_modules/ts-node/src/index.ts:1621:12)
    at Module.load (node:internal/modules/cjs/loader:1069:32)
    at Function.Module._load (node:internal/modules/cjs/loader:904:12)
    at Module.require (node:internal/modules/cjs/loader:1093:19)
2023-04-07 11:13:59 error: uncaughtException: тип Unable to compile TypeScript:
[96msrc/route/common.route.ts[0m:[93m14[0m:[93m46[0m - [91merror[0m[90m TS2339: [0mProperty 'commont' does not exist on type 'CommontRoute'.

[7m14[0m         this.router.get(`${this.path}`, this.commont.index);
[7m  [0m [91m                                             ~~~~~~~[0m
[96msrc/route/common.route.ts[0m:[93m15[0m:[93m54[0m - [91merror[0m[90m TS2339: [0mProperty 'commont' does not exist on type 'CommontRoute'.

[7m15[0m         this.router.post(`${this.path}/create`, this.commont.create);
[7m  [0m [91m                                                     ~~~~~~~[0m

TSError: тип Unable to compile TypeScript:
[96msrc/route/common.route.ts[0m:[93m14[0m:[93m46[0m - [91merror[0m[90m TS2339: [0mProperty 'commont' does not exist on type 'CommontRoute'.

[7m14[0m         this.router.get(`${this.path}`, this.commont.index);
[7m  [0m [91m                                             ~~~~~~~[0m
[96msrc/route/common.route.ts[0m:[93m15[0m:[93m54[0m - [91merror[0m[90m TS2339: [0mProperty 'commont' does not exist on type 'CommontRoute'.

[7m15[0m         this.router.post(`${this.path}/create`, this.commont.create);
[7m  [0m [91m                                                     ~~~~~~~[0m

    at createTSError (/Users/toannguyen/Documents/Source/tn-uptech-backend/node_modules/ts-node/src/index.ts:859:12)
    at reportTSError (/Users/toannguyen/Documents/Source/tn-uptech-backend/node_modules/ts-node/src/index.ts:863:19)
    at getOutput (/Users/toannguyen/Documents/Source/tn-uptech-backend/node_modules/ts-node/src/index.ts:1077:36)
    at Object.compile (/Users/toannguyen/Documents/Source/tn-uptech-backend/node_modules/ts-node/src/index.ts:1433:41)
    at Module.m._compile (/Users/toannguyen/Documents/Source/tn-uptech-backend/node_modules/ts-node/src/index.ts:1617:30)
    at Module._extensions..js (node:internal/modules/cjs/loader:1245:10)
    at Object.require.extensions.<computed> [as .ts] (/Users/toannguyen/Documents/Source/tn-uptech-backend/node_modules/ts-node/src/index.ts:1621:12)
    at Module.load (node:internal/modules/cjs/loader:1069:32)
    at Function.Module._load (node:internal/modules/cjs/loader:904:12)
    at Module.require (node:internal/modules/cjs/loader:1093:19)
2023-04-07 11:14:11 error: uncaughtException: тип Unable to compile TypeScript:
[96msrc/route/common.route.ts[0m:[93m14[0m:[93m46[0m - [91merror[0m[90m TS2339: [0mProperty 'commont' does not exist on type 'CommontRoute'.

[7m14[0m         this.router.get(`${this.path}`, this.commont.index);
[7m  [0m [91m                                             ~~~~~~~[0m
[96msrc/route/common.route.ts[0m:[93m15[0m:[93m54[0m - [91merror[0m[90m TS2339: [0mProperty 'commont' does not exist on type 'CommontRoute'.

[7m15[0m         this.router.post(`${this.path}/create`, this.commont.create);
[7m  [0m [91m                                                     ~~~~~~~[0m

TSError: тип Unable to compile TypeScript:
[96msrc/route/common.route.ts[0m:[93m14[0m:[93m46[0m - [91merror[0m[90m TS2339: [0mProperty 'commont' does not exist on type 'CommontRoute'.

[7m14[0m         this.router.get(`${this.path}`, this.commont.index);
[7m  [0m [91m                                             ~~~~~~~[0m
[96msrc/route/common.route.ts[0m:[93m15[0m:[93m54[0m - [91merror[0m[90m TS2339: [0mProperty 'commont' does not exist on type 'CommontRoute'.

[7m15[0m         this.router.post(`${this.path}/create`, this.commont.create);
[7m  [0m [91m                                                     ~~~~~~~[0m

    at createTSError (/Users/toannguyen/Documents/Source/tn-uptech-backend/node_modules/ts-node/src/index.ts:859:12)
    at reportTSError (/Users/toannguyen/Documents/Source/tn-uptech-backend/node_modules/ts-node/src/index.ts:863:19)
    at getOutput (/Users/toannguyen/Documents/Source/tn-uptech-backend/node_modules/ts-node/src/index.ts:1077:36)
    at Object.compile (/Users/toannguyen/Documents/Source/tn-uptech-backend/node_modules/ts-node/src/index.ts:1433:41)
    at Module.m._compile (/Users/toannguyen/Documents/Source/tn-uptech-backend/node_modules/ts-node/src/index.ts:1617:30)
    at Module._extensions..js (node:internal/modules/cjs/loader:1245:10)
    at Object.require.extensions.<computed> [as .ts] (/Users/toannguyen/Documents/Source/tn-uptech-backend/node_modules/ts-node/src/index.ts:1621:12)
    at Module.load (node:internal/modules/cjs/loader:1069:32)
    at Function.Module._load (node:internal/modules/cjs/loader:904:12)
    at Module.require (node:internal/modules/cjs/loader:1093:19)
2023-04-07 11:14:27 error: uncaughtException: тип Unable to compile TypeScript:
[96msrc/route/common.route.ts[0m:[93m14[0m:[93m46[0m - [91merror[0m[90m TS2339: [0mProperty 'commont' does not exist on type 'CommontRoute'.

[7m14[0m         this.router.get(`${this.path}`, this.commont.index);
[7m  [0m [91m                                             ~~~~~~~[0m
[96msrc/route/common.route.ts[0m:[93m15[0m:[93m54[0m - [91merror[0m[90m TS2339: [0mProperty 'commont' does not exist on type 'CommontRoute'.

[7m15[0m         this.router.post(`${this.path}/create`, this.commont.create);
[7m  [0m [91m                                                     ~~~~~~~[0m

TSError: тип Unable to compile TypeScript:
[96msrc/route/common.route.ts[0m:[93m14[0m:[93m46[0m - [91merror[0m[90m TS2339: [0mProperty 'commont' does not exist on type 'CommontRoute'.

[7m14[0m         this.router.get(`${this.path}`, this.commont.index);
[7m  [0m [91m                                             ~~~~~~~[0m
[96msrc/route/common.route.ts[0m:[93m15[0m:[93m54[0m - [91merror[0m[90m TS2339: [0mProperty 'commont' does not exist on type 'CommontRoute'.

[7m15[0m         this.router.post(`${this.path}/create`, this.commont.create);
[7m  [0m [91m                                                     ~~~~~~~[0m

    at createTSError (/Users/toannguyen/Documents/Source/tn-uptech-backend/node_modules/ts-node/src/index.ts:859:12)
    at reportTSError (/Users/toannguyen/Documents/Source/tn-uptech-backend/node_modules/ts-node/src/index.ts:863:19)
    at getOutput (/Users/toannguyen/Documents/Source/tn-uptech-backend/node_modules/ts-node/src/index.ts:1077:36)
    at Object.compile (/Users/toannguyen/Documents/Source/tn-uptech-backend/node_modules/ts-node/src/index.ts:1433:41)
    at Module.m._compile (/Users/toannguyen/Documents/Source/tn-uptech-backend/node_modules/ts-node/src/index.ts:1617:30)
    at Module._extensions..js (node:internal/modules/cjs/loader:1245:10)
    at Object.require.extensions.<computed> [as .ts] (/Users/toannguyen/Documents/Source/tn-uptech-backend/node_modules/ts-node/src/index.ts:1621:12)
    at Module.load (node:internal/modules/cjs/loader:1069:32)
    at Function.Module._load (node:internal/modules/cjs/loader:904:12)
    at Module.require (node:internal/modules/cjs/loader:1093:19)
2023-04-07 11:31:49 error: uncaughtException: тип Unable to compile TypeScript:
[96msrc/modules/controllers/commont.controller.ts[0m:[93m12[0m:[93m17[0m - [91merror[0m[90m TS1345: [0mAn expression of type 'void' cannot be tested for truthiness.

[7m12[0m             if (result) {
[7m  [0m [91m                ~~~~~~[0m

TSError: тип Unable to compile TypeScript:
[96msrc/modules/controllers/commont.controller.ts[0m:[93m12[0m:[93m17[0m - [91merror[0m[90m TS1345: [0mAn expression of type 'void' cannot be tested for truthiness.

[7m12[0m             if (result) {
[7m  [0m [91m                ~~~~~~[0m

    at createTSError (/Users/toannguyen/Documents/Source/tn-uptech-backend/node_modules/ts-node/src/index.ts:859:12)
    at reportTSError (/Users/toannguyen/Documents/Source/tn-uptech-backend/node_modules/ts-node/src/index.ts:863:19)
    at getOutput (/Users/toannguyen/Documents/Source/tn-uptech-backend/node_modules/ts-node/src/index.ts:1077:36)
    at Object.compile (/Users/toannguyen/Documents/Source/tn-uptech-backend/node_modules/ts-node/src/index.ts:1433:41)
    at Module.m._compile (/Users/toannguyen/Documents/Source/tn-uptech-backend/node_modules/ts-node/src/index.ts:1617:30)
    at Module._extensions..js (node:internal/modules/cjs/loader:1245:10)
    at Object.require.extensions.<computed> [as .ts] (/Users/toannguyen/Documents/Source/tn-uptech-backend/node_modules/ts-node/src/index.ts:1621:12)
    at Module.load (node:internal/modules/cjs/loader:1069:32)
    at Function.Module._load (node:internal/modules/cjs/loader:904:12)
    at Module.require (node:internal/modules/cjs/loader:1093:19)
2023-04-07 11:31:57 error: uncaughtException: тип Unable to compile TypeScript:
[96msrc/modules/controllers/commont.controller.ts[0m:[93m13[0m:[93m17[0m - [91merror[0m[90m TS1345: [0mAn expression of type 'void' cannot be tested for truthiness.

[7m13[0m             if (result) {
[7m  [0m [91m                ~~~~~~[0m

TSError: тип Unable to compile TypeScript:
[96msrc/modules/controllers/commont.controller.ts[0m:[93m13[0m:[93m17[0m - [91merror[0m[90m TS1345: [0mAn expression of type 'void' cannot be tested for truthiness.

[7m13[0m             if (result) {
[7m  [0m [91m                ~~~~~~[0m

    at createTSError (/Users/toannguyen/Documents/Source/tn-uptech-backend/node_modules/ts-node/src/index.ts:859:12)
    at reportTSError (/Users/toannguyen/Documents/Source/tn-uptech-backend/node_modules/ts-node/src/index.ts:863:19)
    at getOutput (/Users/toannguyen/Documents/Source/tn-uptech-backend/node_modules/ts-node/src/index.ts:1077:36)
    at Object.compile (/Users/toannguyen/Documents/Source/tn-uptech-backend/node_modules/ts-node/src/index.ts:1433:41)
    at Module.m._compile (/Users/toannguyen/Documents/Source/tn-uptech-backend/node_modules/ts-node/src/index.ts:1617:30)
    at Module._extensions..js (node:internal/modules/cjs/loader:1245:10)
    at Object.require.extensions.<computed> [as .ts] (/Users/toannguyen/Documents/Source/tn-uptech-backend/node_modules/ts-node/src/index.ts:1621:12)
    at Module.load (node:internal/modules/cjs/loader:1069:32)
    at Function.Module._load (node:internal/modules/cjs/loader:904:12)
    at Module.require (node:internal/modules/cjs/loader:1093:19)
2023-04-07 11:32:06 error: uncaughtException: тип Unable to compile TypeScript:
[96msrc/utils/Helper.ts[0m:[93m26[0m:[93m39[0m - [91merror[0m[90m TS1064: [0mThe return type of an async function or method must be the global Promise<T> type. Did you mean to write 'Promise<void>'?

[7m26[0m   public static async emptyDirSync(): void {
[7m  [0m [91m                                      ~~~~[0m

TSError: тип Unable to compile TypeScript:
[96msrc/utils/Helper.ts[0m:[93m26[0m:[93m39[0m - [91merror[0m[90m TS1064: [0mThe return type of an async function or method must be the global Promise<T> type. Did you mean to write 'Promise<void>'?

[7m26[0m   public static async emptyDirSync(): void {
[7m  [0m [91m                                      ~~~~[0m

    at createTSError (/Users/toannguyen/Documents/Source/tn-uptech-backend/node_modules/ts-node/src/index.ts:859:12)
    at reportTSError (/Users/toannguyen/Documents/Source/tn-uptech-backend/node_modules/ts-node/src/index.ts:863:19)
    at getOutput (/Users/toannguyen/Documents/Source/tn-uptech-backend/node_modules/ts-node/src/index.ts:1077:36)
    at Object.compile (/Users/toannguyen/Documents/Source/tn-uptech-backend/node_modules/ts-node/src/index.ts:1433:41)
    at Module.m._compile (/Users/toannguyen/Documents/Source/tn-uptech-backend/node_modules/ts-node/src/index.ts:1617:30)
    at Module._extensions..js (node:internal/modules/cjs/loader:1245:10)
    at Object.require.extensions.<computed> [as .ts] (/Users/toannguyen/Documents/Source/tn-uptech-backend/node_modules/ts-node/src/index.ts:1621:12)
    at Module.load (node:internal/modules/cjs/loader:1069:32)
    at Function.Module._load (node:internal/modules/cjs/loader:904:12)
    at Module.require (node:internal/modules/cjs/loader:1093:19)
2023-04-07 11:38:25 error: uncaughtException: тип Unable to compile TypeScript:
[96msrc/modules/controllers/admin.controller.ts[0m:[93m40[0m:[93m32[0m - [91merror[0m[90m TS2304: [0mCannot find name 'banner'.

[7m40[0m             const data = await banner.deleteById(req.params.id);
[7m  [0m [91m                               ~~~~~~[0m
[96msrc/modules/controllers/admin.controller.ts[0m:[93m50[0m:[93m32[0m - [91merror[0m[90m TS2304: [0mCannot find name 'banner'.

[7m50[0m             const data = await banner.deleteMultipleIds(ids);
[7m  [0m [91m                               ~~~~~~[0m

TSError: тип Unable to compile TypeScript:
[96msrc/modules/controllers/admin.controller.ts[0m:[93m40[0m:[93m32[0m - [91merror[0m[90m TS2304: [0mCannot find name 'banner'.

[7m40[0m             const data = await banner.deleteById(req.params.id);
[7m  [0m [91m                               ~~~~~~[0m
[96msrc/modules/controllers/admin.controller.ts[0m:[93m50[0m:[93m32[0m - [91merror[0m[90m TS2304: [0mCannot find name 'banner'.

[7m50[0m             const data = await banner.deleteMultipleIds(ids);
[7m  [0m [91m                               ~~~~~~[0m

    at createTSError (/Users/toannguyen/Documents/Source/tn-uptech-backend/node_modules/ts-node/src/index.ts:859:12)
    at reportTSError (/Users/toannguyen/Documents/Source/tn-uptech-backend/node_modules/ts-node/src/index.ts:863:19)
    at getOutput (/Users/toannguyen/Documents/Source/tn-uptech-backend/node_modules/ts-node/src/index.ts:1077:36)
    at Object.compile (/Users/toannguyen/Documents/Source/tn-uptech-backend/node_modules/ts-node/src/index.ts:1433:41)
    at Module.m._compile (/Users/toannguyen/Documents/Source/tn-uptech-backend/node_modules/ts-node/src/index.ts:1617:30)
    at Module._extensions..js (node:internal/modules/cjs/loader:1245:10)
    at Object.require.extensions.<computed> [as .ts] (/Users/toannguyen/Documents/Source/tn-uptech-backend/node_modules/ts-node/src/index.ts:1621:12)
    at Module.load (node:internal/modules/cjs/loader:1069:32)
    at Function.Module._load (node:internal/modules/cjs/loader:904:12)
    at Module.require (node:internal/modules/cjs/loader:1093:19)
2023-04-07 11:38:32 error: uncaughtException: тип Unable to compile TypeScript:
[96msrc/modules/controllers/admin.controller.ts[0m:[93m40[0m:[93m32[0m - [91merror[0m[90m TS2304: [0mCannot find name 'admin'.

[7m40[0m             const data = await admin.deleteById(req.params.id);
[7m  [0m [91m                               ~~~~~[0m
[96msrc/modules/controllers/admin.controller.ts[0m:[93m50[0m:[93m32[0m - [91merror[0m[90m TS2304: [0mCannot find name 'admin'.

[7m50[0m             const data = await admin.deleteMultipleIds(ids);
[7m  [0m [91m                               ~~~~~[0m

TSError: тип Unable to compile TypeScript:
[96msrc/modules/controllers/admin.controller.ts[0m:[93m40[0m:[93m32[0m - [91merror[0m[90m TS2304: [0mCannot find name 'admin'.

[7m40[0m             const data = await admin.deleteById(req.params.id);
[7m  [0m [91m                               ~~~~~[0m
[96msrc/modules/controllers/admin.controller.ts[0m:[93m50[0m:[93m32[0m - [91merror[0m[90m TS2304: [0mCannot find name 'admin'.

[7m50[0m             const data = await admin.deleteMultipleIds(ids);
[7m  [0m [91m                               ~~~~~[0m

    at createTSError (/Users/toannguyen/Documents/Source/tn-uptech-backend/node_modules/ts-node/src/index.ts:859:12)
    at reportTSError (/Users/toannguyen/Documents/Source/tn-uptech-backend/node_modules/ts-node/src/index.ts:863:19)
    at getOutput (/Users/toannguyen/Documents/Source/tn-uptech-backend/node_modules/ts-node/src/index.ts:1077:36)
    at Object.compile (/Users/toannguyen/Documents/Source/tn-uptech-backend/node_modules/ts-node/src/index.ts:1433:41)
    at Module.m._compile (/Users/toannguyen/Documents/Source/tn-uptech-backend/node_modules/ts-node/src/index.ts:1617:30)
    at Module._extensions..js (node:internal/modules/cjs/loader:1245:10)
    at Object.require.extensions.<computed> [as .ts] (/Users/toannguyen/Documents/Source/tn-uptech-backend/node_modules/ts-node/src/index.ts:1621:12)
    at Module.load (node:internal/modules/cjs/loader:1069:32)
    at Function.Module._load (node:internal/modules/cjs/loader:904:12)
    at Module.require (node:internal/modules/cjs/loader:1093:19)
2023-04-07 11:38:50 error: uncaughtException: тип Unable to compile TypeScript:
[96msrc/modules/controllers/admin.controller.ts[0m:[93m5[0m:[93m19[0m - [91merror[0m[90m TS2304: [0mCannot find name 'BannerService'.

[7m5[0m const admin = new BannerService();
[7m [0m [91m                  ~~~~~~~~~~~~~[0m

TSError: тип Unable to compile TypeScript:
[96msrc/modules/controllers/admin.controller.ts[0m:[93m5[0m:[93m19[0m - [91merror[0m[90m TS2304: [0mCannot find name 'BannerService'.

[7m5[0m const admin = new BannerService();
[7m [0m [91m                  ~~~~~~~~~~~~~[0m

    at createTSError (/Users/toannguyen/Documents/Source/tn-uptech-backend/node_modules/ts-node/src/index.ts:859:12)
    at reportTSError (/Users/toannguyen/Documents/Source/tn-uptech-backend/node_modules/ts-node/src/index.ts:863:19)
    at getOutput (/Users/toannguyen/Documents/Source/tn-uptech-backend/node_modules/ts-node/src/index.ts:1077:36)
    at Object.compile (/Users/toannguyen/Documents/Source/tn-uptech-backend/node_modules/ts-node/src/index.ts:1433:41)
    at Module.m._compile (/Users/toannguyen/Documents/Source/tn-uptech-backend/node_modules/ts-node/src/index.ts:1617:30)
    at Module._extensions..js (node:internal/modules/cjs/loader:1245:10)
    at Object.require.extensions.<computed> [as .ts] (/Users/toannguyen/Documents/Source/tn-uptech-backend/node_modules/ts-node/src/index.ts:1621:12)
    at Module.load (node:internal/modules/cjs/loader:1069:32)
    at Function.Module._load (node:internal/modules/cjs/loader:904:12)
    at Module.require (node:internal/modules/cjs/loader:1093:19)
2023-04-07 11:39:05 error: uncaughtException: тип Unable to compile TypeScript:
[96msrc/modules/controllers/admin.controller.ts[0m:[93m42[0m:[93m38[0m - [91merror[0m[90m TS2339: [0mProperty 'deleteById' does not exist on type 'AdminService'.

[7m42[0m             const data = await admin.deleteById(req.params.id);
[7m  [0m [91m                                     ~~~~~~~~~~[0m
[96msrc/modules/controllers/admin.controller.ts[0m:[93m52[0m:[93m38[0m - [91merror[0m[90m TS2339: [0mProperty 'deleteMultipleIds' does not exist on type 'AdminService'.

[7m52[0m             const data = await admin.deleteMultipleIds(ids);
[7m  [0m [91m                                     ~~~~~~~~~~~~~~~~~[0m

TSError: тип Unable to compile TypeScript:
[96msrc/modules/controllers/admin.controller.ts[0m:[93m42[0m:[93m38[0m - [91merror[0m[90m TS2339: [0mProperty 'deleteById' does not exist on type 'AdminService'.

[7m42[0m             const data = await admin.deleteById(req.params.id);
[7m  [0m [91m                                     ~~~~~~~~~~[0m
[96msrc/modules/controllers/admin.controller.ts[0m:[93m52[0m:[93m38[0m - [91merror[0m[90m TS2339: [0mProperty 'deleteMultipleIds' does not exist on type 'AdminService'.

[7m52[0m             const data = await admin.deleteMultipleIds(ids);
[7m  [0m [91m                                     ~~~~~~~~~~~~~~~~~[0m

    at createTSError (/Users/toannguyen/Documents/Source/tn-uptech-backend/node_modules/ts-node/src/index.ts:859:12)
    at reportTSError (/Users/toannguyen/Documents/Source/tn-uptech-backend/node_modules/ts-node/src/index.ts:863:19)
    at getOutput (/Users/toannguyen/Documents/Source/tn-uptech-backend/node_modules/ts-node/src/index.ts:1077:36)
    at Object.compile (/Users/toannguyen/Documents/Source/tn-uptech-backend/node_modules/ts-node/src/index.ts:1433:41)
    at Module.m._compile (/Users/toannguyen/Documents/Source/tn-uptech-backend/node_modules/ts-node/src/index.ts:1617:30)
    at Module._extensions..js (node:internal/modules/cjs/loader:1245:10)
    at Object.require.extensions.<computed> [as .ts] (/Users/toannguyen/Documents/Source/tn-uptech-backend/node_modules/ts-node/src/index.ts:1621:12)
    at Module.load (node:internal/modules/cjs/loader:1069:32)
    at Function.Module._load (node:internal/modules/cjs/loader:904:12)
    at Module.require (node:internal/modules/cjs/loader:1093:19)
2023-04-07 11:39:20 error: uncaughtException: тип Unable to compile TypeScript:
[96msrc/modules/controllers/admin.controller.ts[0m:[93m52[0m:[93m38[0m - [91merror[0m[90m TS2339: [0mProperty 'deleteMultipleIds' does not exist on type 'AdminService'.

[7m52[0m             const data = await admin.deleteMultipleIds(ids);
[7m  [0m [91m                                     ~~~~~~~~~~~~~~~~~[0m

TSError: тип Unable to compile TypeScript:
[96msrc/modules/controllers/admin.controller.ts[0m:[93m52[0m:[93m38[0m - [91merror[0m[90m TS2339: [0mProperty 'deleteMultipleIds' does not exist on type 'AdminService'.

[7m52[0m             const data = await admin.deleteMultipleIds(ids);
[7m  [0m [91m                                     ~~~~~~~~~~~~~~~~~[0m

    at createTSError (/Users/toannguyen/Documents/Source/tn-uptech-backend/node_modules/ts-node/src/index.ts:859:12)
    at reportTSError (/Users/toannguyen/Documents/Source/tn-uptech-backend/node_modules/ts-node/src/index.ts:863:19)
    at getOutput (/Users/toannguyen/Documents/Source/tn-uptech-backend/node_modules/ts-node/src/index.ts:1077:36)
    at Object.compile (/Users/toannguyen/Documents/Source/tn-uptech-backend/node_modules/ts-node/src/index.ts:1433:41)
    at Module.m._compile (/Users/toannguyen/Documents/Source/tn-uptech-backend/node_modules/ts-node/src/index.ts:1617:30)
    at Module._extensions..js (node:internal/modules/cjs/loader:1245:10)
    at Object.require.extensions.<computed> [as .ts] (/Users/toannguyen/Documents/Source/tn-uptech-backend/node_modules/ts-node/src/index.ts:1621:12)
    at Module.load (node:internal/modules/cjs/loader:1069:32)
    at Function.Module._load (node:internal/modules/cjs/loader:904:12)
    at Module.require (node:internal/modules/cjs/loader:1093:19)
2023-04-07 11:40:49 error: uncaughtException: тип Unable to compile TypeScript:
[96msrc/modules/controllers/admin.controller.ts[0m:[93m39[0m:[93m67[0m - [91merror[0m[90m TS1005: [0m',' expected.

[7m39[0m             const data = await models.Admin.findOne({ where: { req.params.id } });
[7m  [0m [91m                                                                  ~[0m

TSError: тип Unable to compile TypeScript:
[96msrc/modules/controllers/admin.controller.ts[0m:[93m39[0m:[93m67[0m - [91merror[0m[90m TS1005: [0m',' expected.

[7m39[0m             const data = await models.Admin.findOne({ where: { req.params.id } });
[7m  [0m [91m                                                                  ~[0m

    at createTSError (/Users/toannguyen/Documents/Source/tn-uptech-backend/node_modules/ts-node/src/index.ts:859:12)
    at reportTSError (/Users/toannguyen/Documents/Source/tn-uptech-backend/node_modules/ts-node/src/index.ts:863:19)
    at getOutput (/Users/toannguyen/Documents/Source/tn-uptech-backend/node_modules/ts-node/src/index.ts:1077:36)
    at Object.compile (/Users/toannguyen/Documents/Source/tn-uptech-backend/node_modules/ts-node/src/index.ts:1433:41)
    at Module.m._compile (/Users/toannguyen/Documents/Source/tn-uptech-backend/node_modules/ts-node/src/index.ts:1617:30)
    at Module._extensions..js (node:internal/modules/cjs/loader:1245:10)
    at Object.require.extensions.<computed> [as .ts] (/Users/toannguyen/Documents/Source/tn-uptech-backend/node_modules/ts-node/src/index.ts:1621:12)
    at Module.load (node:internal/modules/cjs/loader:1069:32)
    at Function.Module._load (node:internal/modules/cjs/loader:904:12)
    at Module.require (node:internal/modules/cjs/loader:1093:19)
2023-04-07 11:41:37 error: uncaughtException: тип Unable to compile TypeScript:
[96msrc/modules/controllers/admin.controller.ts[0m:[93m50[0m:[93m51[0m - [91merror[0m[90m TS18004: [0mNo value exists in scope for the shorthand property 'data'. Either declare one or provide an initializer.

[7m50[0m             res.status(200).send({ message: "ok", data });
[7m  [0m [91m                                                  ~~~~[0m

TSError: тип Unable to compile TypeScript:
[96msrc/modules/controllers/admin.controller.ts[0m:[93m50[0m:[93m51[0m - [91merror[0m[90m TS18004: [0mNo value exists in scope for the shorthand property 'data'. Either declare one or provide an initializer.

[7m50[0m             res.status(200).send({ message: "ok", data });
[7m  [0m [91m                                                  ~~~~[0m

    at createTSError (/Users/toannguyen/Documents/Source/tn-uptech-backend/node_modules/ts-node/src/index.ts:859:12)
    at reportTSError (/Users/toannguyen/Documents/Source/tn-uptech-backend/node_modules/ts-node/src/index.ts:863:19)
    at getOutput (/Users/toannguyen/Documents/Source/tn-uptech-backend/node_modules/ts-node/src/index.ts:1077:36)
    at Object.compile (/Users/toannguyen/Documents/Source/tn-uptech-backend/node_modules/ts-node/src/index.ts:1433:41)
    at Module.m._compile (/Users/toannguyen/Documents/Source/tn-uptech-backend/node_modules/ts-node/src/index.ts:1617:30)
    at Module._extensions..js (node:internal/modules/cjs/loader:1245:10)
    at Object.require.extensions.<computed> [as .ts] (/Users/toannguyen/Documents/Source/tn-uptech-backend/node_modules/ts-node/src/index.ts:1621:12)
    at Module.load (node:internal/modules/cjs/loader:1069:32)
    at Function.Module._load (node:internal/modules/cjs/loader:904:12)
    at Module.require (node:internal/modules/cjs/loader:1093:19)
2023-04-07 13:46:38 error: uncaughtException: тип Unable to compile TypeScript:
[96msrc/modules/controllers/admin.controller.ts[0m:[93m14[0m:[93m13[0m - [91merror[0m[90m TS2304: [0mCannot find name 'logger'.

[7m14[0m             logger.error(error);
[7m  [0m [91m            ~~~~~~[0m

TSError: тип Unable to compile TypeScript:
[96msrc/modules/controllers/admin.controller.ts[0m:[93m14[0m:[93m13[0m - [91merror[0m[90m TS2304: [0mCannot find name 'logger'.

[7m14[0m             logger.error(error);
[7m  [0m [91m            ~~~~~~[0m

    at createTSError (/Users/toannguyen/Documents/Source/tn-uptech-backend/node_modules/ts-node/src/index.ts:859:12)
    at reportTSError (/Users/toannguyen/Documents/Source/tn-uptech-backend/node_modules/ts-node/src/index.ts:863:19)
    at getOutput (/Users/toannguyen/Documents/Source/tn-uptech-backend/node_modules/ts-node/src/index.ts:1077:36)
    at Object.compile (/Users/toannguyen/Documents/Source/tn-uptech-backend/node_modules/ts-node/src/index.ts:1433:41)
    at Module.m._compile (/Users/toannguyen/Documents/Source/tn-uptech-backend/node_modules/ts-node/src/index.ts:1617:30)
    at Module._extensions..js (node:internal/modules/cjs/loader:1245:10)
    at Object.require.extensions.<computed> [as .ts] (/Users/toannguyen/Documents/Source/tn-uptech-backend/node_modules/ts-node/src/index.ts:1621:12)
    at Module.load (node:internal/modules/cjs/loader:1069:32)
    at Function.Module._load (node:internal/modules/cjs/loader:904:12)
    at Module.require (node:internal/modules/cjs/loader:1093:19)
2023-04-07 13:49:03 error: uncaughtException: тип Unable to compile TypeScript:
[96msrc/infra/sequelize/models/admin.model.ts[0m:[93m46[0m:[93m28[0m - [91merror[0m[90m TS2304: [0mCannot find name 'Helper'.

[7m46[0m                     return Helper.formatDayJs(this.getDataValue('createdAt'));
[7m  [0m [91m                           ~~~~~~[0m
[96msrc/infra/sequelize/models/admin.model.ts[0m:[93m54[0m:[93m28[0m - [91merror[0m[90m TS2304: [0mCannot find name 'Helper'.

[7m54[0m                     return Helper.formatDayJs(this.getDataValue('updatedAt'));
[7m  [0m [91m                           ~~~~~~[0m

TSError: тип Unable to compile TypeScript:
[96msrc/infra/sequelize/models/admin.model.ts[0m:[93m46[0m:[93m28[0m - [91merror[0m[90m TS2304: [0mCannot find name 'Helper'.

[7m46[0m                     return Helper.formatDayJs(this.getDataValue('createdAt'));
[7m  [0m [91m                           ~~~~~~[0m
[96msrc/infra/sequelize/models/admin.model.ts[0m:[93m54[0m:[93m28[0m - [91merror[0m[90m TS2304: [0mCannot find name 'Helper'.

[7m54[0m                     return Helper.formatDayJs(this.getDataValue('updatedAt'));
[7m  [0m [91m                           ~~~~~~[0m

    at createTSError (/Users/toannguyen/Documents/Source/tn-uptech-backend/node_modules/ts-node/src/index.ts:859:12)
    at reportTSError (/Users/toannguyen/Documents/Source/tn-uptech-backend/node_modules/ts-node/src/index.ts:863:19)
    at getOutput (/Users/toannguyen/Documents/Source/tn-uptech-backend/node_modules/ts-node/src/index.ts:1077:36)
    at Object.compile (/Users/toannguyen/Documents/Source/tn-uptech-backend/node_modules/ts-node/src/index.ts:1433:41)
    at Module.m._compile (/Users/toannguyen/Documents/Source/tn-uptech-backend/node_modules/ts-node/src/index.ts:1617:30)
    at Module._extensions..js (node:internal/modules/cjs/loader:1245:10)
    at Object.require.extensions.<computed> [as .ts] (/Users/toannguyen/Documents/Source/tn-uptech-backend/node_modules/ts-node/src/index.ts:1621:12)
    at Module.load (node:internal/modules/cjs/loader:1069:32)
    at Function.Module._load (node:internal/modules/cjs/loader:904:12)
    at Module.require (node:internal/modules/cjs/loader:1093:19)
