2023-04-22 00:06:51 error: uncaughtException: тип Unable to compile TypeScript:
[96msrc/modules/controllers/service.controller.ts[0m:[93m6[0m:[93m21[0m - [91merror[0m[90m TS2304: [0mCannot find name 'ServiceService'.

[7m6[0m const service = new ServiceService();
[7m [0m [91m                    ~~~~~~~~~~~~~~[0m

TSError: тип Unable to compile TypeScript:
[96msrc/modules/controllers/service.controller.ts[0m:[93m6[0m:[93m21[0m - [91merror[0m[90m TS2304: [0mCannot find name 'ServiceService'.

[7m6[0m const service = new ServiceService();
[7m [0m [91m                    ~~~~~~~~~~~~~~[0m

    at createTSError (/Users/toannguyen/Documents/Source/tn-uptech-backend/node_modules/ts-node/src/index.ts:859:12)
    at reportTSError (/Users/toannguyen/Documents/Source/tn-uptech-backend/node_modules/ts-node/src/index.ts:863:19)
    at getOutput (/Users/toannguyen/Documents/Source/tn-uptech-backend/node_modules/ts-node/src/index.ts:1077:36)
    at Object.compile (/Users/toannguyen/Documents/Source/tn-uptech-backend/node_modules/ts-node/src/index.ts:1433:41)
    at Module.m._compile (/Users/toannguyen/Documents/Source/tn-uptech-backend/node_modules/ts-node/src/index.ts:1617:30)
    at Module._extensions..js (node:internal/modules/cjs/loader:1245:10)
    at Object.require.extensions.<computed> [as .ts] (/Users/toannguyen/Documents/Source/tn-uptech-backend/node_modules/ts-node/src/index.ts:1621:12)
    at Module.load (node:internal/modules/cjs/loader:1069:32)
    at Function.Module._load (node:internal/modules/cjs/loader:904:12)
    at Module.require (node:internal/modules/cjs/loader:1093:19)
2023-04-22 00:06:58 error: uncaughtException: тип Unable to compile TypeScript:
[96msrc/modules/controllers/service.controller.ts[0m:[93m6[0m:[93m21[0m - [91merror[0m[90m TS2304: [0mCannot find name 'ServiceService'.

[7m6[0m const service = new ServiceService();
[7m [0m [91m                    ~~~~~~~~~~~~~~[0m

TSError: тип Unable to compile TypeScript:
[96msrc/modules/controllers/service.controller.ts[0m:[93m6[0m:[93m21[0m - [91merror[0m[90m TS2304: [0mCannot find name 'ServiceService'.

[7m6[0m const service = new ServiceService();
[7m [0m [91m                    ~~~~~~~~~~~~~~[0m

    at createTSError (/Users/toannguyen/Documents/Source/tn-uptech-backend/node_modules/ts-node/src/index.ts:859:12)
    at reportTSError (/Users/toannguyen/Documents/Source/tn-uptech-backend/node_modules/ts-node/src/index.ts:863:19)
    at getOutput (/Users/toannguyen/Documents/Source/tn-uptech-backend/node_modules/ts-node/src/index.ts:1077:36)
    at Object.compile (/Users/toannguyen/Documents/Source/tn-uptech-backend/node_modules/ts-node/src/index.ts:1433:41)
    at Module.m._compile (/Users/toannguyen/Documents/Source/tn-uptech-backend/node_modules/ts-node/src/index.ts:1617:30)
    at Module._extensions..js (node:internal/modules/cjs/loader:1245:10)
    at Object.require.extensions.<computed> [as .ts] (/Users/toannguyen/Documents/Source/tn-uptech-backend/node_modules/ts-node/src/index.ts:1621:12)
    at Module.load (node:internal/modules/cjs/loader:1069:32)
    at Function.Module._load (node:internal/modules/cjs/loader:904:12)
    at Module.require (node:internal/modules/cjs/loader:1093:19)
2023-04-22 00:08:36 error: uncaughtException: тип Unable to compile TypeScript:
[96msrc/modules/controllers/service.controller.ts[0m:[93m25[0m:[93m40[0m - [91merror[0m[90m TS2339: [0mProperty 'getListFeatured' does not exist on type 'ServiceService'.

[7m25[0m             const data = await service.getListFeatured();
[7m  [0m [91m                                       ~~~~~~~~~~~~~~~[0m

TSError: тип Unable to compile TypeScript:
[96msrc/modules/controllers/service.controller.ts[0m:[93m25[0m:[93m40[0m - [91merror[0m[90m TS2339: [0mProperty 'getListFeatured' does not exist on type 'ServiceService'.

[7m25[0m             const data = await service.getListFeatured();
[7m  [0m [91m                                       ~~~~~~~~~~~~~~~[0m

    at createTSError (/Users/toannguyen/Documents/Source/tn-uptech-backend/node_modules/ts-node/src/index.ts:859:12)
    at reportTSError (/Users/toannguyen/Documents/Source/tn-uptech-backend/node_modules/ts-node/src/index.ts:863:19)
    at getOutput (/Users/toannguyen/Documents/Source/tn-uptech-backend/node_modules/ts-node/src/index.ts:1077:36)
    at Object.compile (/Users/toannguyen/Documents/Source/tn-uptech-backend/node_modules/ts-node/src/index.ts:1433:41)
    at Module.m._compile (/Users/toannguyen/Documents/Source/tn-uptech-backend/node_modules/ts-node/src/index.ts:1617:30)
    at Module._extensions..js (node:internal/modules/cjs/loader:1245:10)
    at Object.require.extensions.<computed> [as .ts] (/Users/toannguyen/Documents/Source/tn-uptech-backend/node_modules/ts-node/src/index.ts:1621:12)
    at Module.load (node:internal/modules/cjs/loader:1069:32)
    at Function.Module._load (node:internal/modules/cjs/loader:904:12)
    at Module.require (node:internal/modules/cjs/loader:1093:19)
2023-04-22 00:09:02 error: {"name":"SequelizeDatabaseError","parent":{"code":"ER_BAD_FIELD_ERROR","errno":1054,"sqlState":"42S22","sqlMessage":"Unknown column 'services.createdAt' in 'field list'","sql":"SELECT `services`.*, `translations`.`id` AS `translations.id`, `translations`.`service_id` AS `translations.service_id`, `translations`.`name` AS `translations.name`, `translations`.`slug` AS `translations.slug`, `translations`.`post_id` AS `translations.post_id` FROM (SELECT `services`.`id`, `services`.`createdAt`, `services`.`updatedAt`, `services`.`service_id` FROM `services` AS `services` WHERE ( SELECT `post_id` FROM `service_translation` AS `translations` WHERE (`translations`.`locale` = 'en' AND `translations`.`post_id` = `services`.`id`) LIMIT 1 ) IS NOT NULL ORDER BY `services`.`createdAt` DESC LIMIT 0, 10) AS `services` INNER JOIN `service_translation` AS `translations` ON `services`.`id` = `translations`.`post_id` AND `translations`.`locale` = 'en' ORDER BY `services`.`createdAt` DESC;"},"original":{"code":"ER_BAD_FIELD_ERROR","errno":1054,"sqlState":"42S22","sqlMessage":"Unknown column 'services.createdAt' in 'field list'","sql":"SELECT `services`.*, `translations`.`id` AS `translations.id`, `translations`.`service_id` AS `translations.service_id`, `translations`.`name` AS `translations.name`, `translations`.`slug` AS `translations.slug`, `translations`.`post_id` AS `translations.post_id` FROM (SELECT `services`.`id`, `services`.`createdAt`, `services`.`updatedAt`, `services`.`service_id` FROM `services` AS `services` WHERE ( SELECT `post_id` FROM `service_translation` AS `translations` WHERE (`translations`.`locale` = 'en' AND `translations`.`post_id` = `services`.`id`) LIMIT 1 ) IS NOT NULL ORDER BY `services`.`createdAt` DESC LIMIT 0, 10) AS `services` INNER JOIN `service_translation` AS `translations` ON `services`.`id` = `translations`.`post_id` AND `translations`.`locale` = 'en' ORDER BY `services`.`createdAt` DESC;"},"sql":"SELECT `services`.*, `translations`.`id` AS `translations.id`, `translations`.`service_id` AS `translations.service_id`, `translations`.`name` AS `translations.name`, `translations`.`slug` AS `translations.slug`, `translations`.`post_id` AS `translations.post_id` FROM (SELECT `services`.`id`, `services`.`createdAt`, `services`.`updatedAt`, `services`.`service_id` FROM `services` AS `services` WHERE ( SELECT `post_id` FROM `service_translation` AS `translations` WHERE (`translations`.`locale` = 'en' AND `translations`.`post_id` = `services`.`id`) LIMIT 1 ) IS NOT NULL ORDER BY `services`.`createdAt` DESC LIMIT 0, 10) AS `services` INNER JOIN `service_translation` AS `translations` ON `services`.`id` = `translations`.`post_id` AND `translations`.`locale` = 'en' ORDER BY `services`.`createdAt` DESC;","parameters":{}}
2023-04-22 00:10:00 error: {"name":"SequelizeDatabaseError","parent":{"code":"ER_BAD_FIELD_ERROR","errno":1054,"sqlState":"42S22","sqlMessage":"Unknown column 'translations.post_id' in 'on clause'","sql":"SELECT count(`services`.`id`) AS `count` FROM `services` AS `services` INNER JOIN `service_translation` AS `translations` ON `services`.`id` = `translations`.`post_id` AND `translations`.`locale` = 'en';"},"original":{"code":"ER_BAD_FIELD_ERROR","errno":1054,"sqlState":"42S22","sqlMessage":"Unknown column 'translations.post_id' in 'on clause'","sql":"SELECT count(`services`.`id`) AS `count` FROM `services` AS `services` INNER JOIN `service_translation` AS `translations` ON `services`.`id` = `translations`.`post_id` AND `translations`.`locale` = 'en';"},"sql":"SELECT count(`services`.`id`) AS `count` FROM `services` AS `services` INNER JOIN `service_translation` AS `translations` ON `services`.`id` = `translations`.`post_id` AND `translations`.`locale` = 'en';","parameters":{}}
2023-04-22 00:10:32 error: uncaughtException: тип Unable to compile TypeScript:
[96msrc/infra/sequelize/models/service.model.ts[0m:[93m14[0m:[93m23[0m - [91merror[0m[90m TS2552: [0mCannot find name 'Sequelize'. Did you mean 'sequelize'?

[7m14[0m                 type: Sequelize.INTEGER,
[7m  [0m [91m                      ~~~~~~~~~[0m

  [96msrc/infra/sequelize/models/service.model.ts[0m:[93m3[0m:[93m28[0m
    [7m3[0m module.exports = function (sequelize, DataTypes) {
    [7m [0m [96m                           ~~~~~~~~~[0m
    'sequelize' is declared here.

TSError: тип Unable to compile TypeScript:
[96msrc/infra/sequelize/models/service.model.ts[0m:[93m14[0m:[93m23[0m - [91merror[0m[90m TS2552: [0mCannot find name 'Sequelize'. Did you mean 'sequelize'?

[7m14[0m                 type: Sequelize.INTEGER,
[7m  [0m [91m                      ~~~~~~~~~[0m

  [96msrc/infra/sequelize/models/service.model.ts[0m:[93m3[0m:[93m28[0m
    [7m3[0m module.exports = function (sequelize, DataTypes) {
    [7m [0m [96m                           ~~~~~~~~~[0m
    'sequelize' is declared here.

    at createTSError (/Users/toannguyen/Documents/Source/tn-uptech-backend/node_modules/ts-node/src/index.ts:859:12)
    at reportTSError (/Users/toannguyen/Documents/Source/tn-uptech-backend/node_modules/ts-node/src/index.ts:863:19)
    at getOutput (/Users/toannguyen/Documents/Source/tn-uptech-backend/node_modules/ts-node/src/index.ts:1077:36)
    at Object.compile (/Users/toannguyen/Documents/Source/tn-uptech-backend/node_modules/ts-node/src/index.ts:1433:41)
    at Module.m._compile (/Users/toannguyen/Documents/Source/tn-uptech-backend/node_modules/ts-node/src/index.ts:1617:30)
    at Module._extensions..js (node:internal/modules/cjs/loader:1245:10)
    at Object.require.extensions.<computed> [as .ts] (/Users/toannguyen/Documents/Source/tn-uptech-backend/node_modules/ts-node/src/index.ts:1621:12)
    at Module.load (node:internal/modules/cjs/loader:1069:32)
    at Function.Module._load (node:internal/modules/cjs/loader:904:12)
    at Module.require (node:internal/modules/cjs/loader:1093:19)
2023-04-22 00:11:07 error: uncaughtException: тип Unable to compile TypeScript:
[96msrc/infra/sequelize/models/service.model.ts[0m:[93m14[0m:[93m23[0m - [91merror[0m[90m TS2552: [0mCannot find name 'Sequelize'. Did you mean 'sequelize'?

[7m14[0m                 type: Sequelize.INTEGER,
[7m  [0m [91m                      ~~~~~~~~~[0m

  [96msrc/infra/sequelize/models/service.model.ts[0m:[93m3[0m:[93m28[0m
    [7m3[0m module.exports = function (sequelize, DataTypes) {
    [7m [0m [96m                           ~~~~~~~~~[0m
    'sequelize' is declared here.

TSError: тип Unable to compile TypeScript:
[96msrc/infra/sequelize/models/service.model.ts[0m:[93m14[0m:[93m23[0m - [91merror[0m[90m TS2552: [0mCannot find name 'Sequelize'. Did you mean 'sequelize'?

[7m14[0m                 type: Sequelize.INTEGER,
[7m  [0m [91m                      ~~~~~~~~~[0m

  [96msrc/infra/sequelize/models/service.model.ts[0m:[93m3[0m:[93m28[0m
    [7m3[0m module.exports = function (sequelize, DataTypes) {
    [7m [0m [96m                           ~~~~~~~~~[0m
    'sequelize' is declared here.

    at createTSError (/Users/toannguyen/Documents/Source/tn-uptech-backend/node_modules/ts-node/src/index.ts:859:12)
    at reportTSError (/Users/toannguyen/Documents/Source/tn-uptech-backend/node_modules/ts-node/src/index.ts:863:19)
    at getOutput (/Users/toannguyen/Documents/Source/tn-uptech-backend/node_modules/ts-node/src/index.ts:1077:36)
    at Object.compile (/Users/toannguyen/Documents/Source/tn-uptech-backend/node_modules/ts-node/src/index.ts:1433:41)
    at Module.m._compile (/Users/toannguyen/Documents/Source/tn-uptech-backend/node_modules/ts-node/src/index.ts:1617:30)
    at Module._extensions..js (node:internal/modules/cjs/loader:1245:10)
    at Object.require.extensions.<computed> [as .ts] (/Users/toannguyen/Documents/Source/tn-uptech-backend/node_modules/ts-node/src/index.ts:1621:12)
    at Module.load (node:internal/modules/cjs/loader:1069:32)
    at Function.Module._load (node:internal/modules/cjs/loader:904:12)
    at Module.require (node:internal/modules/cjs/loader:1093:19)
2023-04-22 00:11:28 error: uncaughtException: тип Unable to compile TypeScript:
[96msrc/infra/sequelize/models/service.model.ts[0m:[93m14[0m:[93m23[0m - [91merror[0m[90m TS2552: [0mCannot find name 'Sequelize'. Did you mean 'sequelize'?

[7m14[0m                 type: Sequelize.INTEGER,
[7m  [0m [91m                      ~~~~~~~~~[0m

  [96msrc/infra/sequelize/models/service.model.ts[0m:[93m3[0m:[93m28[0m
    [7m3[0m module.exports = function (sequelize, DataTypes) {
    [7m [0m [96m                           ~~~~~~~~~[0m
    'sequelize' is declared here.

TSError: тип Unable to compile TypeScript:
[96msrc/infra/sequelize/models/service.model.ts[0m:[93m14[0m:[93m23[0m - [91merror[0m[90m TS2552: [0mCannot find name 'Sequelize'. Did you mean 'sequelize'?

[7m14[0m                 type: Sequelize.INTEGER,
[7m  [0m [91m                      ~~~~~~~~~[0m

  [96msrc/infra/sequelize/models/service.model.ts[0m:[93m3[0m:[93m28[0m
    [7m3[0m module.exports = function (sequelize, DataTypes) {
    [7m [0m [96m                           ~~~~~~~~~[0m
    'sequelize' is declared here.

    at createTSError (/Users/toannguyen/Documents/Source/tn-uptech-backend/node_modules/ts-node/src/index.ts:859:12)
    at reportTSError (/Users/toannguyen/Documents/Source/tn-uptech-backend/node_modules/ts-node/src/index.ts:863:19)
    at getOutput (/Users/toannguyen/Documents/Source/tn-uptech-backend/node_modules/ts-node/src/index.ts:1077:36)
    at Object.compile (/Users/toannguyen/Documents/Source/tn-uptech-backend/node_modules/ts-node/src/index.ts:1433:41)
    at Module.m._compile (/Users/toannguyen/Documents/Source/tn-uptech-backend/node_modules/ts-node/src/index.ts:1617:30)
    at Module._extensions..js (node:internal/modules/cjs/loader:1245:10)
    at Object.require.extensions.<computed> [as .ts] (/Users/toannguyen/Documents/Source/tn-uptech-backend/node_modules/ts-node/src/index.ts:1621:12)
    at Module.load (node:internal/modules/cjs/loader:1069:32)
    at Function.Module._load (node:internal/modules/cjs/loader:904:12)
    at Module.require (node:internal/modules/cjs/loader:1093:19)
2023-04-22 00:12:31 error: {"name":"SequelizeDatabaseError","parent":{"code":"ER_BAD_FIELD_ERROR","errno":1054,"sqlState":"42S22","sqlMessage":"Unknown column 'services.createdAt' in 'field list'","sql":"SELECT `services`.*, `translations`.`id` AS `translations.id`, `translations`.`service_id` AS `translations.service_id`, `translations`.`name` AS `translations.name`, `translations`.`slug` AS `translations.slug`, `translations`.`post_id` AS `translations.post_id` FROM (SELECT `services`.`id`, `services`.`parent_id`, `services`.`createdAt`, `services`.`updatedAt`, `services`.`service_id` FROM `services` AS `services` WHERE ( SELECT `post_id` FROM `service_translation` AS `translations` WHERE (`translations`.`locale` = 'en' AND `translations`.`post_id` = `services`.`id`) LIMIT 1 ) IS NOT NULL ORDER BY `services`.`createdAt` DESC LIMIT 0, 10) AS `services` INNER JOIN `service_translation` AS `translations` ON `services`.`id` = `translations`.`post_id` AND `translations`.`locale` = 'en' ORDER BY `services`.`createdAt` DESC;"},"original":{"code":"ER_BAD_FIELD_ERROR","errno":1054,"sqlState":"42S22","sqlMessage":"Unknown column 'services.createdAt' in 'field list'","sql":"SELECT `services`.*, `translations`.`id` AS `translations.id`, `translations`.`service_id` AS `translations.service_id`, `translations`.`name` AS `translations.name`, `translations`.`slug` AS `translations.slug`, `translations`.`post_id` AS `translations.post_id` FROM (SELECT `services`.`id`, `services`.`parent_id`, `services`.`createdAt`, `services`.`updatedAt`, `services`.`service_id` FROM `services` AS `services` WHERE ( SELECT `post_id` FROM `service_translation` AS `translations` WHERE (`translations`.`locale` = 'en' AND `translations`.`post_id` = `services`.`id`) LIMIT 1 ) IS NOT NULL ORDER BY `services`.`createdAt` DESC LIMIT 0, 10) AS `services` INNER JOIN `service_translation` AS `translations` ON `services`.`id` = `translations`.`post_id` AND `translations`.`locale` = 'en' ORDER BY `services`.`createdAt` DESC;"},"sql":"SELECT `services`.*, `translations`.`id` AS `translations.id`, `translations`.`service_id` AS `translations.service_id`, `translations`.`name` AS `translations.name`, `translations`.`slug` AS `translations.slug`, `translations`.`post_id` AS `translations.post_id` FROM (SELECT `services`.`id`, `services`.`parent_id`, `services`.`createdAt`, `services`.`updatedAt`, `services`.`service_id` FROM `services` AS `services` WHERE ( SELECT `post_id` FROM `service_translation` AS `translations` WHERE (`translations`.`locale` = 'en' AND `translations`.`post_id` = `services`.`id`) LIMIT 1 ) IS NOT NULL ORDER BY `services`.`createdAt` DESC LIMIT 0, 10) AS `services` INNER JOIN `service_translation` AS `translations` ON `services`.`id` = `translations`.`post_id` AND `translations`.`locale` = 'en' ORDER BY `services`.`createdAt` DESC;","parameters":{}}
2023-04-22 00:15:01 error: {"name":"SequelizeDatabaseError","parent":{"code":"ER_BAD_FIELD_ERROR","errno":1054,"sqlState":"42S22","sqlMessage":"Unknown column 'services.service_id' in 'field list'","sql":"SELECT `services`.*, `translations`.`id` AS `translations.id`, `translations`.`service_id` AS `translations.service_id`, `translations`.`name` AS `translations.name`, `translations`.`slug` AS `translations.slug`, `translations`.`post_id` AS `translations.post_id` FROM (SELECT `services`.`id`, `services`.`parent_id`, `services`.`createdAt`, `services`.`updatedAt`, `services`.`service_id` FROM `services` AS `services` WHERE ( SELECT `post_id` FROM `service_translation` AS `translations` WHERE (`translations`.`locale` = 'en' AND `translations`.`post_id` = `services`.`id`) LIMIT 1 ) IS NOT NULL ORDER BY `services`.`createdAt` DESC LIMIT 0, 10) AS `services` INNER JOIN `service_translation` AS `translations` ON `services`.`id` = `translations`.`post_id` AND `translations`.`locale` = 'en' ORDER BY `services`.`createdAt` DESC;"},"original":{"code":"ER_BAD_FIELD_ERROR","errno":1054,"sqlState":"42S22","sqlMessage":"Unknown column 'services.service_id' in 'field list'","sql":"SELECT `services`.*, `translations`.`id` AS `translations.id`, `translations`.`service_id` AS `translations.service_id`, `translations`.`name` AS `translations.name`, `translations`.`slug` AS `translations.slug`, `translations`.`post_id` AS `translations.post_id` FROM (SELECT `services`.`id`, `services`.`parent_id`, `services`.`createdAt`, `services`.`updatedAt`, `services`.`service_id` FROM `services` AS `services` WHERE ( SELECT `post_id` FROM `service_translation` AS `translations` WHERE (`translations`.`locale` = 'en' AND `translations`.`post_id` = `services`.`id`) LIMIT 1 ) IS NOT NULL ORDER BY `services`.`createdAt` DESC LIMIT 0, 10) AS `services` INNER JOIN `service_translation` AS `translations` ON `services`.`id` = `translations`.`post_id` AND `translations`.`locale` = 'en' ORDER BY `services`.`createdAt` DESC;"},"sql":"SELECT `services`.*, `translations`.`id` AS `translations.id`, `translations`.`service_id` AS `translations.service_id`, `translations`.`name` AS `translations.name`, `translations`.`slug` AS `translations.slug`, `translations`.`post_id` AS `translations.post_id` FROM (SELECT `services`.`id`, `services`.`parent_id`, `services`.`createdAt`, `services`.`updatedAt`, `services`.`service_id` FROM `services` AS `services` WHERE ( SELECT `post_id` FROM `service_translation` AS `translations` WHERE (`translations`.`locale` = 'en' AND `translations`.`post_id` = `services`.`id`) LIMIT 1 ) IS NOT NULL ORDER BY `services`.`createdAt` DESC LIMIT 0, 10) AS `services` INNER JOIN `service_translation` AS `translations` ON `services`.`id` = `translations`.`post_id` AND `translations`.`locale` = 'en' ORDER BY `services`.`createdAt` DESC;","parameters":{}}
2023-04-22 00:19:32 error: {"name":"SequelizeDatabaseError","parent":{"code":"ER_BAD_FIELD_ERROR","errno":1054,"sqlState":"42S22","sqlMessage":"Unknown column 'translations.post_id' in 'on clause'","sql":"SELECT count(`services`.`id`) AS `count` FROM `services` AS `services` INNER JOIN `service_translation` AS `translations` ON `services`.`id` = `translations`.`post_id` AND `translations`.`locale` = 'en';"},"original":{"code":"ER_BAD_FIELD_ERROR","errno":1054,"sqlState":"42S22","sqlMessage":"Unknown column 'translations.post_id' in 'on clause'","sql":"SELECT count(`services`.`id`) AS `count` FROM `services` AS `services` INNER JOIN `service_translation` AS `translations` ON `services`.`id` = `translations`.`post_id` AND `translations`.`locale` = 'en';"},"sql":"SELECT count(`services`.`id`) AS `count` FROM `services` AS `services` INNER JOIN `service_translation` AS `translations` ON `services`.`id` = `translations`.`post_id` AND `translations`.`locale` = 'en';","parameters":{}}
2023-04-22 00:21:39 error: {"name":"SequelizeDatabaseError","parent":{"code":"ER_BAD_FIELD_ERROR","errno":1054,"sqlState":"42S22","sqlMessage":"Unknown column 'services.service_id' in 'field list'","sql":"SELECT `services`.*, `translations`.`id` AS `translations.id`, `translations`.`service_id` AS `translations.service_id`, `translations`.`name` AS `translations.name`, `translations`.`slug` AS `translations.slug`, `translations`.`custom_slug` AS `translations.custom_slug`, `translations`.`meta_title` AS `translations.meta_title`, `translations`.`meta_description` AS `translations.meta_description`, `translations`.`meta_keyword` AS `translations.meta_keyword`, `translations`.`meta_robots` AS `translations.meta_robots`, `translations`.`canonica_link` AS `translations.canonica_link`, `translations`.`meta_image` AS `translations.meta_image`, `translations`.`meta_viewport` AS `translations.meta_viewport` FROM (SELECT `services`.`id`, `services`.`parent_id`, `services`.`createdAt`, `services`.`updatedAt`, `services`.`service_id` FROM `services` AS `services` WHERE ( SELECT `service_id` FROM `service_translation` AS `translations` WHERE (`translations`.`locale` = 'en' AND `translations`.`service_id` = `services`.`id`) LIMIT 1 ) IS NOT NULL ORDER BY `services`.`createdAt` DESC LIMIT 0, 10) AS `services` INNER JOIN `service_translation` AS `translations` ON `services`.`id` = `translations`.`service_id` AND `translations`.`locale` = 'en' ORDER BY `services`.`createdAt` DESC;"},"original":{"code":"ER_BAD_FIELD_ERROR","errno":1054,"sqlState":"42S22","sqlMessage":"Unknown column 'services.service_id' in 'field list'","sql":"SELECT `services`.*, `translations`.`id` AS `translations.id`, `translations`.`service_id` AS `translations.service_id`, `translations`.`name` AS `translations.name`, `translations`.`slug` AS `translations.slug`, `translations`.`custom_slug` AS `translations.custom_slug`, `translations`.`meta_title` AS `translations.meta_title`, `translations`.`meta_description` AS `translations.meta_description`, `translations`.`meta_keyword` AS `translations.meta_keyword`, `translations`.`meta_robots` AS `translations.meta_robots`, `translations`.`canonica_link` AS `translations.canonica_link`, `translations`.`meta_image` AS `translations.meta_image`, `translations`.`meta_viewport` AS `translations.meta_viewport` FROM (SELECT `services`.`id`, `services`.`parent_id`, `services`.`createdAt`, `services`.`updatedAt`, `services`.`service_id` FROM `services` AS `services` WHERE ( SELECT `service_id` FROM `service_translation` AS `translations` WHERE (`translations`.`locale` = 'en' AND `translations`.`service_id` = `services`.`id`) LIMIT 1 ) IS NOT NULL ORDER BY `services`.`createdAt` DESC LIMIT 0, 10) AS `services` INNER JOIN `service_translation` AS `translations` ON `services`.`id` = `translations`.`service_id` AND `translations`.`locale` = 'en' ORDER BY `services`.`createdAt` DESC;"},"sql":"SELECT `services`.*, `translations`.`id` AS `translations.id`, `translations`.`service_id` AS `translations.service_id`, `translations`.`name` AS `translations.name`, `translations`.`slug` AS `translations.slug`, `translations`.`custom_slug` AS `translations.custom_slug`, `translations`.`meta_title` AS `translations.meta_title`, `translations`.`meta_description` AS `translations.meta_description`, `translations`.`meta_keyword` AS `translations.meta_keyword`, `translations`.`meta_robots` AS `translations.meta_robots`, `translations`.`canonica_link` AS `translations.canonica_link`, `translations`.`meta_image` AS `translations.meta_image`, `translations`.`meta_viewport` AS `translations.meta_viewport` FROM (SELECT `services`.`id`, `services`.`parent_id`, `services`.`createdAt`, `services`.`updatedAt`, `services`.`service_id` FROM `services` AS `services` WHERE ( SELECT `service_id` FROM `service_translation` AS `translations` WHERE (`translations`.`locale` = 'en' AND `translations`.`service_id` = `services`.`id`) LIMIT 1 ) IS NOT NULL ORDER BY `services`.`createdAt` DESC LIMIT 0, 10) AS `services` INNER JOIN `service_translation` AS `translations` ON `services`.`id` = `translations`.`service_id` AND `translations`.`locale` = 'en' ORDER BY `services`.`createdAt` DESC;","parameters":{}}
2023-04-22 00:23:48 error: uncaughtException: тип Unable to compile TypeScript:
[96msrc/infra/sequelize/models/serviceTranslation.model.ts[0m:[93m26[0m:[93m23[0m - [91merror[0m[90m TS2552: [0mCannot find name 'Sequelize'. Did you mean 'sequelize'?

[7m26[0m                 type: Sequelize.STRING,
[7m  [0m [91m                      ~~~~~~~~~[0m

  [96msrc/infra/sequelize/models/serviceTranslation.model.ts[0m:[93m3[0m:[93m28[0m
    [7m3[0m module.exports = function (sequelize, DataTypes) {
    [7m [0m [96m                           ~~~~~~~~~[0m
    'sequelize' is declared here.

TSError: тип Unable to compile TypeScript:
[96msrc/infra/sequelize/models/serviceTranslation.model.ts[0m:[93m26[0m:[93m23[0m - [91merror[0m[90m TS2552: [0mCannot find name 'Sequelize'. Did you mean 'sequelize'?

[7m26[0m                 type: Sequelize.STRING,
[7m  [0m [91m                      ~~~~~~~~~[0m

  [96msrc/infra/sequelize/models/serviceTranslation.model.ts[0m:[93m3[0m:[93m28[0m
    [7m3[0m module.exports = function (sequelize, DataTypes) {
    [7m [0m [96m                           ~~~~~~~~~[0m
    'sequelize' is declared here.

    at createTSError (/Users/toannguyen/Documents/Source/tn-uptech-backend/node_modules/ts-node/src/index.ts:859:12)
    at reportTSError (/Users/toannguyen/Documents/Source/tn-uptech-backend/node_modules/ts-node/src/index.ts:863:19)
    at getOutput (/Users/toannguyen/Documents/Source/tn-uptech-backend/node_modules/ts-node/src/index.ts:1077:36)
    at Object.compile (/Users/toannguyen/Documents/Source/tn-uptech-backend/node_modules/ts-node/src/index.ts:1433:41)
    at Module.m._compile (/Users/toannguyen/Documents/Source/tn-uptech-backend/node_modules/ts-node/src/index.ts:1617:30)
    at Module._extensions..js (node:internal/modules/cjs/loader:1245:10)
    at Object.require.extensions.<computed> [as .ts] (/Users/toannguyen/Documents/Source/tn-uptech-backend/node_modules/ts-node/src/index.ts:1621:12)
    at Module.load (node:internal/modules/cjs/loader:1069:32)
    at Function.Module._load (node:internal/modules/cjs/loader:904:12)
    at Module.require (node:internal/modules/cjs/loader:1093:19)
2023-04-22 00:46:24 error: uncaughtException: тип Unable to compile TypeScript:
[96msrc/route/service.route.ts[0m:[93m16[0m:[93m58[0m - [91merror[0m[90m TS2339: [0mProperty 'getNav' does not exist on type 'ServiceController'.

[7m16[0m         this.router.get(`${this.path}/nav`, this.service.getNav);
[7m  [0m [91m                                                         ~~~~~~[0m

TSError: тип Unable to compile TypeScript:
[96msrc/route/service.route.ts[0m:[93m16[0m:[93m58[0m - [91merror[0m[90m TS2339: [0mProperty 'getNav' does not exist on type 'ServiceController'.

[7m16[0m         this.router.get(`${this.path}/nav`, this.service.getNav);
[7m  [0m [91m                                                         ~~~~~~[0m

    at createTSError (/Users/toannguyen/Documents/Source/tn-uptech-backend/node_modules/ts-node/src/index.ts:859:12)
    at reportTSError (/Users/toannguyen/Documents/Source/tn-uptech-backend/node_modules/ts-node/src/index.ts:863:19)
    at getOutput (/Users/toannguyen/Documents/Source/tn-uptech-backend/node_modules/ts-node/src/index.ts:1077:36)
    at Object.compile (/Users/toannguyen/Documents/Source/tn-uptech-backend/node_modules/ts-node/src/index.ts:1433:41)
    at Module.m._compile (/Users/toannguyen/Documents/Source/tn-uptech-backend/node_modules/ts-node/src/index.ts:1617:30)
    at Module._extensions..js (node:internal/modules/cjs/loader:1245:10)
    at Object.require.extensions.<computed> [as .ts] (/Users/toannguyen/Documents/Source/tn-uptech-backend/node_modules/ts-node/src/index.ts:1621:12)
    at Module.load (node:internal/modules/cjs/loader:1069:32)
    at Function.Module._load (node:internal/modules/cjs/loader:904:12)
    at Module.require (node:internal/modules/cjs/loader:1093:19)
2023-04-22 00:46:50 error: uncaughtException: тип Unable to compile TypeScript:
[96msrc/modules/controllers/service.controller.ts[0m:[93m25[0m:[93m40[0m - [91merror[0m[90m TS2339: [0mProperty 'getNav' does not exist on type 'ServiceService'.

[7m25[0m             const data = await service.getNav();
[7m  [0m [91m                                       ~~~~~~[0m

TSError: тип Unable to compile TypeScript:
[96msrc/modules/controllers/service.controller.ts[0m:[93m25[0m:[93m40[0m - [91merror[0m[90m TS2339: [0mProperty 'getNav' does not exist on type 'ServiceService'.

[7m25[0m             const data = await service.getNav();
[7m  [0m [91m                                       ~~~~~~[0m

    at createTSError (/Users/toannguyen/Documents/Source/tn-uptech-backend/node_modules/ts-node/src/index.ts:859:12)
    at reportTSError (/Users/toannguyen/Documents/Source/tn-uptech-backend/node_modules/ts-node/src/index.ts:863:19)
    at getOutput (/Users/toannguyen/Documents/Source/tn-uptech-backend/node_modules/ts-node/src/index.ts:1077:36)
    at Object.compile (/Users/toannguyen/Documents/Source/tn-uptech-backend/node_modules/ts-node/src/index.ts:1433:41)
    at Module.m._compile (/Users/toannguyen/Documents/Source/tn-uptech-backend/node_modules/ts-node/src/index.ts:1617:30)
    at Module._extensions..js (node:internal/modules/cjs/loader:1245:10)
    at Object.require.extensions.<computed> [as .ts] (/Users/toannguyen/Documents/Source/tn-uptech-backend/node_modules/ts-node/src/index.ts:1621:12)
    at Module.load (node:internal/modules/cjs/loader:1069:32)
    at Function.Module._load (node:internal/modules/cjs/loader:904:12)
    at Module.require (node:internal/modules/cjs/loader:1093:19)
2023-04-22 00:47:27 error: uncaughtException: тип Unable to compile TypeScript:
[96msrc/modules/controllers/service.controller.ts[0m:[93m25[0m:[93m40[0m - [91merror[0m[90m TS2339: [0mProperty 'getNav' does not exist on type 'ServiceService'.

[7m25[0m             const data = await service.getNav();
[7m  [0m [91m                                       ~~~~~~[0m

TSError: тип Unable to compile TypeScript:
[96msrc/modules/controllers/service.controller.ts[0m:[93m25[0m:[93m40[0m - [91merror[0m[90m TS2339: [0mProperty 'getNav' does not exist on type 'ServiceService'.

[7m25[0m             const data = await service.getNav();
[7m  [0m [91m                                       ~~~~~~[0m

    at createTSError (/Users/toannguyen/Documents/Source/tn-uptech-backend/node_modules/ts-node/src/index.ts:859:12)
    at reportTSError (/Users/toannguyen/Documents/Source/tn-uptech-backend/node_modules/ts-node/src/index.ts:863:19)
    at getOutput (/Users/toannguyen/Documents/Source/tn-uptech-backend/node_modules/ts-node/src/index.ts:1077:36)
    at Object.compile (/Users/toannguyen/Documents/Source/tn-uptech-backend/node_modules/ts-node/src/index.ts:1433:41)
    at Module.m._compile (/Users/toannguyen/Documents/Source/tn-uptech-backend/node_modules/ts-node/src/index.ts:1617:30)
    at Module._extensions..js (node:internal/modules/cjs/loader:1245:10)
    at Object.require.extensions.<computed> [as .ts] (/Users/toannguyen/Documents/Source/tn-uptech-backend/node_modules/ts-node/src/index.ts:1621:12)
    at Module.load (node:internal/modules/cjs/loader:1069:32)
    at Function.Module._load (node:internal/modules/cjs/loader:904:12)
    at Module.require (node:internal/modules/cjs/loader:1093:19)
2023-04-22 00:47:57 error: uncaughtException: тип Unable to compile TypeScript:
[96msrc/modules/controllers/service.controller.ts[0m:[93m25[0m:[93m40[0m - [91merror[0m[90m TS2339: [0mProperty 'getNav' does not exist on type 'ServiceService'.

[7m25[0m             const data = await service.getNav();
[7m  [0m [91m                                       ~~~~~~[0m

TSError: тип Unable to compile TypeScript:
[96msrc/modules/controllers/service.controller.ts[0m:[93m25[0m:[93m40[0m - [91merror[0m[90m TS2339: [0mProperty 'getNav' does not exist on type 'ServiceService'.

[7m25[0m             const data = await service.getNav();
[7m  [0m [91m                                       ~~~~~~[0m

    at createTSError (/Users/toannguyen/Documents/Source/tn-uptech-backend/node_modules/ts-node/src/index.ts:859:12)
    at reportTSError (/Users/toannguyen/Documents/Source/tn-uptech-backend/node_modules/ts-node/src/index.ts:863:19)
    at getOutput (/Users/toannguyen/Documents/Source/tn-uptech-backend/node_modules/ts-node/src/index.ts:1077:36)
    at Object.compile (/Users/toannguyen/Documents/Source/tn-uptech-backend/node_modules/ts-node/src/index.ts:1433:41)
    at Module.m._compile (/Users/toannguyen/Documents/Source/tn-uptech-backend/node_modules/ts-node/src/index.ts:1617:30)
    at Module._extensions..js (node:internal/modules/cjs/loader:1245:10)
    at Object.require.extensions.<computed> [as .ts] (/Users/toannguyen/Documents/Source/tn-uptech-backend/node_modules/ts-node/src/index.ts:1621:12)
    at Module.load (node:internal/modules/cjs/loader:1069:32)
    at Function.Module._load (node:internal/modules/cjs/loader:904:12)
    at Module.require (node:internal/modules/cjs/loader:1093:19)
2023-04-22 01:22:43 error: uncaughtException: тип Unable to compile TypeScript:
[96msrc/services/service.service.ts[0m:[93m101[0m:[93m21[0m - [91merror[0m[90m TS1117: [0mAn object literal cannot have multiple properties with the same name.

[7m101[0m                     id: item.id,
[7m   [0m [91m                    ~~[0m

TSError: тип Unable to compile TypeScript:
[96msrc/services/service.service.ts[0m:[93m101[0m:[93m21[0m - [91merror[0m[90m TS1117: [0mAn object literal cannot have multiple properties with the same name.

[7m101[0m                     id: item.id,
[7m   [0m [91m                    ~~[0m

    at createTSError (/Users/toannguyen/Documents/Source/tn-uptech-backend/node_modules/ts-node/src/index.ts:859:12)
    at reportTSError (/Users/toannguyen/Documents/Source/tn-uptech-backend/node_modules/ts-node/src/index.ts:863:19)
    at getOutput (/Users/toannguyen/Documents/Source/tn-uptech-backend/node_modules/ts-node/src/index.ts:1077:36)
    at Object.compile (/Users/toannguyen/Documents/Source/tn-uptech-backend/node_modules/ts-node/src/index.ts:1433:41)
    at Module.m._compile (/Users/toannguyen/Documents/Source/tn-uptech-backend/node_modules/ts-node/src/index.ts:1617:30)
    at Module._extensions..js (node:internal/modules/cjs/loader:1245:10)
    at Object.require.extensions.<computed> [as .ts] (/Users/toannguyen/Documents/Source/tn-uptech-backend/node_modules/ts-node/src/index.ts:1621:12)
    at Module.load (node:internal/modules/cjs/loader:1069:32)
    at Function.Module._load (node:internal/modules/cjs/loader:904:12)
    at Module.require (node:internal/modules/cjs/loader:1093:19)
2023-04-22 01:34:30 error: uncaughtException: тип Unable to compile TypeScript:
[96msrc/services/service.service.ts[0m:[93m79[0m:[93m29[0m - [91merror[0m[90m TS1005: [0m',' expected.

[7m79[0m                             parent_id: 0
[7m  [0m [91m                            ~~~~~~~~~[0m

TSError: тип Unable to compile TypeScript:
[96msrc/services/service.service.ts[0m:[93m79[0m:[93m29[0m - [91merror[0m[90m TS1005: [0m',' expected.

[7m79[0m                             parent_id: 0
[7m  [0m [91m                            ~~~~~~~~~[0m

    at createTSError (/Users/toannguyen/Documents/Source/tn-uptech-backend/node_modules/ts-node/src/index.ts:859:12)
    at reportTSError (/Users/toannguyen/Documents/Source/tn-uptech-backend/node_modules/ts-node/src/index.ts:863:19)
    at getOutput (/Users/toannguyen/Documents/Source/tn-uptech-backend/node_modules/ts-node/src/index.ts:1077:36)
    at Object.compile (/Users/toannguyen/Documents/Source/tn-uptech-backend/node_modules/ts-node/src/index.ts:1433:41)
    at Module.m._compile (/Users/toannguyen/Documents/Source/tn-uptech-backend/node_modules/ts-node/src/index.ts:1617:30)
    at Module._extensions..js (node:internal/modules/cjs/loader:1245:10)
    at Object.require.extensions.<computed> [as .ts] (/Users/toannguyen/Documents/Source/tn-uptech-backend/node_modules/ts-node/src/index.ts:1621:12)
    at Module.load (node:internal/modules/cjs/loader:1069:32)
    at Function.Module._load (node:internal/modules/cjs/loader:904:12)
    at Module.require (node:internal/modules/cjs/loader:1093:19)
2023-04-22 18:18:54 error: uncaughtException: тип Unable to compile TypeScript:
[96msrc/services/project.service.ts[0m:[93m143[0m:[93m25[0m - [91merror[0m[90m TS2552: [0mCannot find name 'model'. Did you mean 'models'?

[7m143[0m                         model: models.BranchTranslation,
[7m   [0m [91m                        ~~~~~[0m
[96msrc/services/project.service.ts[0m:[93m144[0m:[93m25[0m - [91merror[0m[90m TS2304: [0mCannot find name 'as'.

[7m144[0m                         as: "translations",
[7m   [0m [91m                        ~~[0m
[96msrc/services/project.service.ts[0m:[93m145[0m:[93m25[0m - [91merror[0m[90m TS2552: [0mCannot find name 'required'. Did you mean 'require'?

[7m145[0m                         required: true,
[7m   [0m [91m                        ~~~~~~~~[0m

  [96mnode_modules/@types/node/globals.d.ts[0m:[93m33[0m:[93m13[0m
    [7m33[0m declare var require: NodeRequire;
    [7m  [0m [96m            ~~~~~~~[0m
    'require' is declared here.
[96msrc/services/project.service.ts[0m:[93m146[0m:[93m25[0m - [91merror[0m[90m TS2304: [0mCannot find name 'where'.

[7m146[0m                         where: {
[7m   [0m [91m                        ~~~~~[0m
[96msrc/services/project.service.ts[0m:[93m143[0m:[93m30[0m - [91merror[0m[90m TS1005: [0m',' expected.

[7m143[0m                         model: models.BranchTranslation,
[7m   [0m [91m                             ~[0m
[96msrc/services/project.service.ts[0m:[93m144[0m:[93m27[0m - [91merror[0m[90m TS1005: [0m',' expected.

[7m144[0m                         as: "translations",
[7m   [0m [91m                          ~[0m
[96msrc/services/project.service.ts[0m:[93m145[0m:[93m33[0m - [91merror[0m[90m TS1005: [0m',' expected.

[7m145[0m                         required: true,
[7m   [0m [91m                                ~[0m
[96msrc/services/project.service.ts[0m:[93m146[0m:[93m30[0m - [91merror[0m[90m TS1005: [0m',' expected.

[7m146[0m                         where: {
[7m   [0m [91m                             ~[0m

TSError: тип Unable to compile TypeScript:
[96msrc/services/project.service.ts[0m:[93m143[0m:[93m25[0m - [91merror[0m[90m TS2552: [0mCannot find name 'model'. Did you mean 'models'?

[7m143[0m                         model: models.BranchTranslation,
[7m   [0m [91m                        ~~~~~[0m
[96msrc/services/project.service.ts[0m:[93m144[0m:[93m25[0m - [91merror[0m[90m TS2304: [0mCannot find name 'as'.

[7m144[0m                         as: "translations",
[7m   [0m [91m                        ~~[0m
[96msrc/services/project.service.ts[0m:[93m145[0m:[93m25[0m - [91merror[0m[90m TS2552: [0mCannot find name 'required'. Did you mean 'require'?

[7m145[0m                         required: true,
[7m   [0m [91m                        ~~~~~~~~[0m

  [96mnode_modules/@types/node/globals.d.ts[0m:[93m33[0m:[93m13[0m
    [7m33[0m declare var require: NodeRequire;
    [7m  [0m [96m            ~~~~~~~[0m
    'require' is declared here.
[96msrc/services/project.service.ts[0m:[93m146[0m:[93m25[0m - [91merror[0m[90m TS2304: [0mCannot find name 'where'.

[7m146[0m                         where: {
[7m   [0m [91m                        ~~~~~[0m
[96msrc/services/project.service.ts[0m:[93m143[0m:[93m30[0m - [91merror[0m[90m TS1005: [0m',' expected.

[7m143[0m                         model: models.BranchTranslation,
[7m   [0m [91m                             ~[0m
[96msrc/services/project.service.ts[0m:[93m144[0m:[93m27[0m - [91merror[0m[90m TS1005: [0m',' expected.

[7m144[0m                         as: "translations",
[7m   [0m [91m                          ~[0m
[96msrc/services/project.service.ts[0m:[93m145[0m:[93m33[0m - [91merror[0m[90m TS1005: [0m',' expected.

[7m145[0m                         required: true,
[7m   [0m [91m                                ~[0m
[96msrc/services/project.service.ts[0m:[93m146[0m:[93m30[0m - [91merror[0m[90m TS1005: [0m',' expected.

[7m146[0m                         where: {
[7m   [0m [91m                             ~[0m

    at createTSError (/Users/toannguyen/Documents/Source/tn-uptech-backend/node_modules/ts-node/src/index.ts:859:12)
    at reportTSError (/Users/toannguyen/Documents/Source/tn-uptech-backend/node_modules/ts-node/src/index.ts:863:19)
    at getOutput (/Users/toannguyen/Documents/Source/tn-uptech-backend/node_modules/ts-node/src/index.ts:1077:36)
    at Object.compile (/Users/toannguyen/Documents/Source/tn-uptech-backend/node_modules/ts-node/src/index.ts:1433:41)
    at Module.m._compile (/Users/toannguyen/Documents/Source/tn-uptech-backend/node_modules/ts-node/src/index.ts:1617:30)
    at Module._extensions..js (node:internal/modules/cjs/loader:1245:10)
    at Object.require.extensions.<computed> [as .ts] (/Users/toannguyen/Documents/Source/tn-uptech-backend/node_modules/ts-node/src/index.ts:1621:12)
    at Module.load (node:internal/modules/cjs/loader:1069:32)
    at Function.Module._load (node:internal/modules/cjs/loader:904:12)
    at Module.require (node:internal/modules/cjs/loader:1093:19)
2023-04-22 18:42:31 error: uncaughtException: You have used the alias branchs in two separate associations. Aliased associations must have unique aliases.
SequelizeAssociationError: You have used the alias branchs in two separate associations. Aliased associations must have unique aliases.
    at new Association (/Users/toannguyen/Documents/Source/tn-uptech-backend/node_modules/sequelize/src/associations/base.js:107:13)
    at new BelongsToMany (/Users/toannguyen/Documents/Source/tn-uptech-backend/node_modules/sequelize/src/associations/belongs-to-many.js:59:5)
    at Function.belongsToMany (/Users/toannguyen/Documents/Source/tn-uptech-backend/node_modules/sequelize/src/associations/mixin.js:64:25)
    at Function.Project.associate (/Users/toannguyen/Documents/Source/tn-uptech-backend/src/infra/sequelize/models/project.model.ts:95:17)
    at /Users/toannguyen/Documents/Source/tn-uptech-backend/src/infra/sequelize/models/index.ts:51:31
    at Array.forEach (<anonymous>)
    at createModels (/Users/toannguyen/Documents/Source/tn-uptech-backend/src/infra/sequelize/models/index.ts:49:25)
    at Object.<anonymous> (/Users/toannguyen/Documents/Source/tn-uptech-backend/src/infra/sequelize/models/index.ts:63:16)
    at Module._compile (node:internal/modules/cjs/loader:1191:14)
    at Module.m._compile (/Users/toannguyen/Documents/Source/tn-uptech-backend/node_modules/ts-node/src/index.ts:1618:23)
2023-04-22 18:42:47 error: uncaughtException: projects.belongsToMany(services) requires through option, pass either a string or a model
SequelizeAssociationError: projects.belongsToMany(services) requires through option, pass either a string or a model
    at new BelongsToMany (/Users/toannguyen/Documents/Source/tn-uptech-backend/node_modules/sequelize/src/associations/belongs-to-many.js:62:13)
    at Function.belongsToMany (/Users/toannguyen/Documents/Source/tn-uptech-backend/node_modules/sequelize/src/associations/mixin.js:64:25)
    at Function.Project.associate (/Users/toannguyen/Documents/Source/tn-uptech-backend/src/infra/sequelize/models/project.model.ts:95:17)
    at /Users/toannguyen/Documents/Source/tn-uptech-backend/src/infra/sequelize/models/index.ts:51:31
    at Array.forEach (<anonymous>)
    at createModels (/Users/toannguyen/Documents/Source/tn-uptech-backend/src/infra/sequelize/models/index.ts:49:25)
    at Object.<anonymous> (/Users/toannguyen/Documents/Source/tn-uptech-backend/src/infra/sequelize/models/index.ts:63:16)
    at Module._compile (node:internal/modules/cjs/loader:1191:14)
    at Module.m._compile (/Users/toannguyen/Documents/Source/tn-uptech-backend/node_modules/ts-node/src/index.ts:1618:23)
    at Module._extensions..js (node:internal/modules/cjs/loader:1245:10)
2023-04-22 18:43:14 error: uncaughtException: projects.belongsToMany(services) requires through option, pass either a string or a model
SequelizeAssociationError: projects.belongsToMany(services) requires through option, pass either a string or a model
    at new BelongsToMany (/Users/toannguyen/Documents/Source/tn-uptech-backend/node_modules/sequelize/src/associations/belongs-to-many.js:62:13)
    at Function.belongsToMany (/Users/toannguyen/Documents/Source/tn-uptech-backend/node_modules/sequelize/src/associations/mixin.js:64:25)
    at Function.Project.associate (/Users/toannguyen/Documents/Source/tn-uptech-backend/src/infra/sequelize/models/project.model.ts:95:17)
    at /Users/toannguyen/Documents/Source/tn-uptech-backend/src/infra/sequelize/models/index.ts:51:31
    at Array.forEach (<anonymous>)
    at createModels (/Users/toannguyen/Documents/Source/tn-uptech-backend/src/infra/sequelize/models/index.ts:49:25)
    at Object.<anonymous> (/Users/toannguyen/Documents/Source/tn-uptech-backend/src/infra/sequelize/models/index.ts:63:16)
    at Module._compile (node:internal/modules/cjs/loader:1191:14)
    at Module.m._compile (/Users/toannguyen/Documents/Source/tn-uptech-backend/node_modules/ts-node/src/index.ts:1618:23)
    at Module._extensions..js (node:internal/modules/cjs/loader:1245:10)
2023-04-22 18:43:24 error: uncaughtException: projects.belongsToMany(services) requires through option, pass either a string or a model
SequelizeAssociationError: projects.belongsToMany(services) requires through option, pass either a string or a model
    at new BelongsToMany (/Users/toannguyen/Documents/Source/tn-uptech-backend/node_modules/sequelize/src/associations/belongs-to-many.js:62:13)
    at Function.belongsToMany (/Users/toannguyen/Documents/Source/tn-uptech-backend/node_modules/sequelize/src/associations/mixin.js:64:25)
    at Function.Project.associate (/Users/toannguyen/Documents/Source/tn-uptech-backend/src/infra/sequelize/models/project.model.ts:95:17)
    at /Users/toannguyen/Documents/Source/tn-uptech-backend/src/infra/sequelize/models/index.ts:51:31
    at Array.forEach (<anonymous>)
    at createModels (/Users/toannguyen/Documents/Source/tn-uptech-backend/src/infra/sequelize/models/index.ts:49:25)
    at Object.<anonymous> (/Users/toannguyen/Documents/Source/tn-uptech-backend/src/infra/sequelize/models/index.ts:63:16)
    at Module._compile (node:internal/modules/cjs/loader:1191:14)
    at Module.m._compile (/Users/toannguyen/Documents/Source/tn-uptech-backend/node_modules/ts-node/src/index.ts:1618:23)
    at Module._extensions..js (node:internal/modules/cjs/loader:1245:10)
2023-04-22 18:43:35 error: uncaughtException: projects.belongsToMany(services) requires through option, pass either a string or a model
SequelizeAssociationError: projects.belongsToMany(services) requires through option, pass either a string or a model
    at new BelongsToMany (/Users/toannguyen/Documents/Source/tn-uptech-backend/node_modules/sequelize/src/associations/belongs-to-many.js:62:13)
    at Function.belongsToMany (/Users/toannguyen/Documents/Source/tn-uptech-backend/node_modules/sequelize/src/associations/mixin.js:64:25)
    at Function.Project.associate (/Users/toannguyen/Documents/Source/tn-uptech-backend/src/infra/sequelize/models/project.model.ts:95:17)
    at /Users/toannguyen/Documents/Source/tn-uptech-backend/src/infra/sequelize/models/index.ts:51:31
    at Array.forEach (<anonymous>)
    at createModels (/Users/toannguyen/Documents/Source/tn-uptech-backend/src/infra/sequelize/models/index.ts:49:25)
    at Object.<anonymous> (/Users/toannguyen/Documents/Source/tn-uptech-backend/src/infra/sequelize/models/index.ts:63:16)
    at Module._compile (node:internal/modules/cjs/loader:1191:14)
    at Module.m._compile (/Users/toannguyen/Documents/Source/tn-uptech-backend/node_modules/ts-node/src/index.ts:1618:23)
    at Module._extensions..js (node:internal/modules/cjs/loader:1245:10)
2023-04-22 18:50:21 error: uncaughtException: projects.belongsToMany(services) requires through option, pass either a string or a model
SequelizeAssociationError: projects.belongsToMany(services) requires through option, pass either a string or a model
    at new BelongsToMany (/Users/toannguyen/Documents/Source/tn-uptech-backend/node_modules/sequelize/src/associations/belongs-to-many.js:62:13)
    at Function.belongsToMany (/Users/toannguyen/Documents/Source/tn-uptech-backend/node_modules/sequelize/src/associations/mixin.js:64:25)
    at Function.Project.associate (/Users/toannguyen/Documents/Source/tn-uptech-backend/src/infra/sequelize/models/project.model.ts:95:17)
    at /Users/toannguyen/Documents/Source/tn-uptech-backend/src/infra/sequelize/models/index.ts:51:31
    at Array.forEach (<anonymous>)
    at createModels (/Users/toannguyen/Documents/Source/tn-uptech-backend/src/infra/sequelize/models/index.ts:49:25)
    at Object.<anonymous> (/Users/toannguyen/Documents/Source/tn-uptech-backend/src/infra/sequelize/models/index.ts:63:16)
    at Module._compile (node:internal/modules/cjs/loader:1191:14)
    at Module.m._compile (/Users/toannguyen/Documents/Source/tn-uptech-backend/node_modules/ts-node/src/index.ts:1618:23)
    at Module._extensions..js (node:internal/modules/cjs/loader:1245:10)
2023-04-22 18:50:38 error: uncaughtException: projects.belongsToMany(services) requires through option, pass either a string or a model
SequelizeAssociationError: projects.belongsToMany(services) requires through option, pass either a string or a model
    at new BelongsToMany (/Users/toannguyen/Documents/Source/tn-uptech-backend/node_modules/sequelize/src/associations/belongs-to-many.js:62:13)
    at Function.belongsToMany (/Users/toannguyen/Documents/Source/tn-uptech-backend/node_modules/sequelize/src/associations/mixin.js:64:25)
    at Function.Project.associate (/Users/toannguyen/Documents/Source/tn-uptech-backend/src/infra/sequelize/models/project.model.ts:95:17)
    at /Users/toannguyen/Documents/Source/tn-uptech-backend/src/infra/sequelize/models/index.ts:51:31
    at Array.forEach (<anonymous>)
    at createModels (/Users/toannguyen/Documents/Source/tn-uptech-backend/src/infra/sequelize/models/index.ts:49:25)
    at Object.<anonymous> (/Users/toannguyen/Documents/Source/tn-uptech-backend/src/infra/sequelize/models/index.ts:63:16)
    at Module._compile (node:internal/modules/cjs/loader:1191:14)
    at Module.m._compile (/Users/toannguyen/Documents/Source/tn-uptech-backend/node_modules/ts-node/src/index.ts:1618:23)
    at Module._extensions..js (node:internal/modules/cjs/loader:1245:10)
2023-04-22 18:51:10 error: uncaughtException: projects.belongsToMany(services) requires through option, pass either a string or a model
SequelizeAssociationError: projects.belongsToMany(services) requires through option, pass either a string or a model
    at new BelongsToMany (/Users/toannguyen/Documents/Source/tn-uptech-backend/node_modules/sequelize/src/associations/belongs-to-many.js:62:13)
    at Function.belongsToMany (/Users/toannguyen/Documents/Source/tn-uptech-backend/node_modules/sequelize/src/associations/mixin.js:64:25)
    at Function.Project.associate (/Users/toannguyen/Documents/Source/tn-uptech-backend/src/infra/sequelize/models/project.model.ts:95:17)
    at /Users/toannguyen/Documents/Source/tn-uptech-backend/src/infra/sequelize/models/index.ts:51:31
    at Array.forEach (<anonymous>)
    at createModels (/Users/toannguyen/Documents/Source/tn-uptech-backend/src/infra/sequelize/models/index.ts:49:25)
    at Object.<anonymous> (/Users/toannguyen/Documents/Source/tn-uptech-backend/src/infra/sequelize/models/index.ts:63:16)
    at Module._compile (node:internal/modules/cjs/loader:1191:14)
    at Module.m._compile (/Users/toannguyen/Documents/Source/tn-uptech-backend/node_modules/ts-node/src/index.ts:1618:23)
    at Module._extensions..js (node:internal/modules/cjs/loader:1245:10)
2023-04-22 18:51:16 error: uncaughtException: projects.belongsToMany(services) requires through option, pass either a string or a model
SequelizeAssociationError: projects.belongsToMany(services) requires through option, pass either a string or a model
    at new BelongsToMany (/Users/toannguyen/Documents/Source/tn-uptech-backend/node_modules/sequelize/src/associations/belongs-to-many.js:62:13)
    at Function.belongsToMany (/Users/toannguyen/Documents/Source/tn-uptech-backend/node_modules/sequelize/src/associations/mixin.js:64:25)
    at Function.Project.associate (/Users/toannguyen/Documents/Source/tn-uptech-backend/src/infra/sequelize/models/project.model.ts:95:17)
    at /Users/toannguyen/Documents/Source/tn-uptech-backend/src/infra/sequelize/models/index.ts:51:31
    at Array.forEach (<anonymous>)
    at createModels (/Users/toannguyen/Documents/Source/tn-uptech-backend/src/infra/sequelize/models/index.ts:49:25)
    at Object.<anonymous> (/Users/toannguyen/Documents/Source/tn-uptech-backend/src/infra/sequelize/models/index.ts:63:16)
    at Module._compile (node:internal/modules/cjs/loader:1191:14)
    at Module.m._compile (/Users/toannguyen/Documents/Source/tn-uptech-backend/node_modules/ts-node/src/index.ts:1618:23)
    at Module._extensions..js (node:internal/modules/cjs/loader:1245:10)
2023-04-22 18:51:34 error: uncaughtException: projects.belongsToMany(services) requires through option, pass either a string or a model
SequelizeAssociationError: projects.belongsToMany(services) requires through option, pass either a string or a model
    at new BelongsToMany (/Users/toannguyen/Documents/Source/tn-uptech-backend/node_modules/sequelize/src/associations/belongs-to-many.js:62:13)
    at Function.belongsToMany (/Users/toannguyen/Documents/Source/tn-uptech-backend/node_modules/sequelize/src/associations/mixin.js:64:25)
    at Function.Project.associate (/Users/toannguyen/Documents/Source/tn-uptech-backend/src/infra/sequelize/models/project.model.ts:95:17)
    at /Users/toannguyen/Documents/Source/tn-uptech-backend/src/infra/sequelize/models/index.ts:51:31
    at Array.forEach (<anonymous>)
    at createModels (/Users/toannguyen/Documents/Source/tn-uptech-backend/src/infra/sequelize/models/index.ts:49:25)
    at Object.<anonymous> (/Users/toannguyen/Documents/Source/tn-uptech-backend/src/infra/sequelize/models/index.ts:63:16)
    at Module._compile (node:internal/modules/cjs/loader:1191:14)
    at Module.m._compile (/Users/toannguyen/Documents/Source/tn-uptech-backend/node_modules/ts-node/src/index.ts:1618:23)
    at Module._extensions..js (node:internal/modules/cjs/loader:1245:10)
2023-04-22 23:44:05 error: uncaughtException: тип Unable to compile TypeScript:
[96msrc/dtos/service.dtos.ts[0m:[93m25[0m:[93m13[0m - [91merror[0m[90m TS1117: [0mAn object literal cannot have multiple properties with the same name.

[7m25[0m             name: translationData.name || "",
[7m  [0m [91m            ~~~~[0m

TSError: тип Unable to compile TypeScript:
[96msrc/dtos/service.dtos.ts[0m:[93m25[0m:[93m13[0m - [91merror[0m[90m TS1117: [0mAn object literal cannot have multiple properties with the same name.

[7m25[0m             name: translationData.name || "",
[7m  [0m [91m            ~~~~[0m

    at createTSError (/Users/toannguyen/Documents/Source/tn-uptech-backend/node_modules/ts-node/src/index.ts:859:12)
    at reportTSError (/Users/toannguyen/Documents/Source/tn-uptech-backend/node_modules/ts-node/src/index.ts:863:19)
    at getOutput (/Users/toannguyen/Documents/Source/tn-uptech-backend/node_modules/ts-node/src/index.ts:1077:36)
    at Object.compile (/Users/toannguyen/Documents/Source/tn-uptech-backend/node_modules/ts-node/src/index.ts:1433:41)
    at Module.m._compile (/Users/toannguyen/Documents/Source/tn-uptech-backend/node_modules/ts-node/src/index.ts:1617:30)
    at Module._extensions..js (node:internal/modules/cjs/loader:1245:10)
    at Object.require.extensions.<computed> [as .ts] (/Users/toannguyen/Documents/Source/tn-uptech-backend/node_modules/ts-node/src/index.ts:1621:12)
    at Module.load (node:internal/modules/cjs/loader:1069:32)
    at Function.Module._load (node:internal/modules/cjs/loader:904:12)
    at Module.require (node:internal/modules/cjs/loader:1093:19)
