2023-04-12 01:51:52 error: {"name":"SequelizeUniqueConstraintError","errors":[{"message":"slug must be unique","type":"unique violation","path":"slug","value":"en-bai-test","origin":"DB","instance":null,"validatorKey":"not_unique","validatorName":null,"validatorArgs":[]}],"parent":{"code":"ER_DUP_ENTRY","errno":1062,"sqlState":"23000","sqlMessage":"Duplicate entry 'en-bai-test' for key 'post_translation.slug'","sql":"UPDATE `post_translation` SET `name`=?,`content`=?,`description`=?,`slug`=?,`custom_slug`=? WHERE `post_id` = ? AND `locale` = ?","parameters":["bai test","","","en-bai-test","en-bai-test","3","vi"]},"original":{"code":"ER_DUP_ENTRY","errno":1062,"sqlState":"23000","sqlMessage":"Duplicate entry 'en-bai-test' for key 'post_translation.slug'","sql":"UPDATE `post_translation` SET `name`=?,`content`=?,`description`=?,`slug`=?,`custom_slug`=? WHERE `post_id` = ? AND `locale` = ?","parameters":["bai test","","","en-bai-test","en-bai-test","3","vi"]},"fields":{"slug":"en-bai-test"},"sql":"UPDATE `post_translation` SET `name`=?,`content`=?,`description`=?,`slug`=?,`custom_slug`=? WHERE `post_id` = ? AND `locale` = ?"}
2023-04-12 18:41:29 error: uncaughtException: тип Unable to compile TypeScript:
[96msrc/infra/sequelize/models/postTranslation.model.ts[0m:[93m43[0m:[93m23[0m - [91merror[0m[90m TS2552: [0mCannot find name 'Sequelize'. Did you mean 'sequelize'?

[7m43[0m                 type: Sequelize.STRING,
[7m  [0m [91m                      ~~~~~~~~~[0m

  [96msrc/infra/sequelize/models/postTranslation.model.ts[0m:[93m2[0m:[93m28[0m
    [7m2[0m module.exports = function (sequelize, DataTypes) {
    [7m [0m [96m                           ~~~~~~~~~[0m
    'sequelize' is declared here.
[96msrc/infra/sequelize/models/postTranslation.model.ts[0m:[93m49[0m:[93m23[0m - [91merror[0m[90m TS2552: [0mCannot find name 'Sequelize'. Did you mean 'sequelize'?

[7m49[0m                 type: Sequelize.STRING,
[7m  [0m [91m                      ~~~~~~~~~[0m

  [96msrc/infra/sequelize/models/postTranslation.model.ts[0m:[93m2[0m:[93m28[0m
    [7m2[0m module.exports = function (sequelize, DataTypes) {
    [7m [0m [96m                           ~~~~~~~~~[0m
    'sequelize' is declared here.
[96msrc/infra/sequelize/models/postTranslation.model.ts[0m:[93m55[0m:[93m23[0m - [91merror[0m[90m TS2552: [0mCannot find name 'Sequelize'. Did you mean 'sequelize'?

[7m55[0m                 type: Sequelize.STRING,
[7m  [0m [91m                      ~~~~~~~~~[0m

  [96msrc/infra/sequelize/models/postTranslation.model.ts[0m:[93m2[0m:[93m28[0m
    [7m2[0m module.exports = function (sequelize, DataTypes) {
    [7m [0m [96m                           ~~~~~~~~~[0m
    'sequelize' is declared here.
[96msrc/infra/sequelize/models/postTranslation.model.ts[0m:[93m60[0m:[93m23[0m - [91merror[0m[90m TS2552: [0mCannot find name 'Sequelize'. Did you mean 'sequelize'?

[7m60[0m                 type: Sequelize.STRING,
[7m  [0m [91m                      ~~~~~~~~~[0m

  [96msrc/infra/sequelize/models/postTranslation.model.ts[0m:[93m2[0m:[93m28[0m
    [7m2[0m module.exports = function (sequelize, DataTypes) {
    [7m [0m [96m                           ~~~~~~~~~[0m
    'sequelize' is declared here.
[96msrc/infra/sequelize/models/postTranslation.model.ts[0m:[93m65[0m:[93m23[0m - [91merror[0m[90m TS2552: [0mCannot find name 'Sequelize'. Did you mean 'sequelize'?

[7m65[0m                 type: Sequelize.STRING,
[7m  [0m [91m                      ~~~~~~~~~[0m

  [96msrc/infra/sequelize/models/postTranslation.model.ts[0m:[93m2[0m:[93m28[0m
    [7m2[0m module.exports = function (sequelize, DataTypes) {
    [7m [0m [96m                           ~~~~~~~~~[0m
    'sequelize' is declared here.
[96msrc/infra/sequelize/models/postTranslation.model.ts[0m:[93m70[0m:[93m23[0m - [91merror[0m[90m TS2552: [0mCannot find name 'Sequelize'. Did you mean 'sequelize'?

[7m70[0m                 type: Sequelize.STRING,
[7m  [0m [91m                      ~~~~~~~~~[0m

  [96msrc/infra/sequelize/models/postTranslation.model.ts[0m:[93m2[0m:[93m28[0m
    [7m2[0m module.exports = function (sequelize, DataTypes) {
    [7m [0m [96m                           ~~~~~~~~~[0m
    'sequelize' is declared here.
[96msrc/infra/sequelize/models/postTranslation.model.ts[0m:[93m75[0m:[93m23[0m - [91merror[0m[90m TS2552: [0mCannot find name 'Sequelize'. Did you mean 'sequelize'?

[7m75[0m                 type: Sequelize.STRING,
[7m  [0m [91m                      ~~~~~~~~~[0m

  [96msrc/infra/sequelize/models/postTranslation.model.ts[0m:[93m2[0m:[93m28[0m
    [7m2[0m module.exports = function (sequelize, DataTypes) {
    [7m [0m [96m                           ~~~~~~~~~[0m
    'sequelize' is declared here.
[96msrc/infra/sequelize/models/postTranslation.model.ts[0m:[93m80[0m:[93m23[0m - [91merror[0m[90m TS2552: [0mCannot find name 'Sequelize'. Did you mean 'sequelize'?

[7m80[0m                 type: Sequelize.STRING,
[7m  [0m [91m                      ~~~~~~~~~[0m

  [96msrc/infra/sequelize/models/postTranslation.model.ts[0m:[93m2[0m:[93m28[0m
    [7m2[0m module.exports = function (sequelize, DataTypes) {
    [7m [0m [96m                           ~~~~~~~~~[0m
    'sequelize' is declared here.
[96msrc/infra/sequelize/models/postTranslation.model.ts[0m:[93m85[0m:[93m23[0m - [91merror[0m[90m TS2552: [0mCannot find name 'Sequelize'. Did you mean 'sequelize'?

[7m85[0m                 type: Sequelize.STRING,
[7m  [0m [91m                      ~~~~~~~~~[0m

  [96msrc/infra/sequelize/models/postTranslation.model.ts[0m:[93m2[0m:[93m28[0m
    [7m2[0m module.exports = function (sequelize, DataTypes) {
    [7m [0m [96m                           ~~~~~~~~~[0m
    'sequelize' is declared here.

TSError: тип Unable to compile TypeScript:
[96msrc/infra/sequelize/models/postTranslation.model.ts[0m:[93m43[0m:[93m23[0m - [91merror[0m[90m TS2552: [0mCannot find name 'Sequelize'. Did you mean 'sequelize'?

[7m43[0m                 type: Sequelize.STRING,
[7m  [0m [91m                      ~~~~~~~~~[0m

  [96msrc/infra/sequelize/models/postTranslation.model.ts[0m:[93m2[0m:[93m28[0m
    [7m2[0m module.exports = function (sequelize, DataTypes) {
    [7m [0m [96m                           ~~~~~~~~~[0m
    'sequelize' is declared here.
[96msrc/infra/sequelize/models/postTranslation.model.ts[0m:[93m49[0m:[93m23[0m - [91merror[0m[90m TS2552: [0mCannot find name 'Sequelize'. Did you mean 'sequelize'?

[7m49[0m                 type: Sequelize.STRING,
[7m  [0m [91m                      ~~~~~~~~~[0m

  [96msrc/infra/sequelize/models/postTranslation.model.ts[0m:[93m2[0m:[93m28[0m
    [7m2[0m module.exports = function (sequelize, DataTypes) {
    [7m [0m [96m                           ~~~~~~~~~[0m
    'sequelize' is declared here.
[96msrc/infra/sequelize/models/postTranslation.model.ts[0m:[93m55[0m:[93m23[0m - [91merror[0m[90m TS2552: [0mCannot find name 'Sequelize'. Did you mean 'sequelize'?

[7m55[0m                 type: Sequelize.STRING,
[7m  [0m [91m                      ~~~~~~~~~[0m

  [96msrc/infra/sequelize/models/postTranslation.model.ts[0m:[93m2[0m:[93m28[0m
    [7m2[0m module.exports = function (sequelize, DataTypes) {
    [7m [0m [96m                           ~~~~~~~~~[0m
    'sequelize' is declared here.
[96msrc/infra/sequelize/models/postTranslation.model.ts[0m:[93m60[0m:[93m23[0m - [91merror[0m[90m TS2552: [0mCannot find name 'Sequelize'. Did you mean 'sequelize'?

[7m60[0m                 type: Sequelize.STRING,
[7m  [0m [91m                      ~~~~~~~~~[0m

  [96msrc/infra/sequelize/models/postTranslation.model.ts[0m:[93m2[0m:[93m28[0m
    [7m2[0m module.exports = function (sequelize, DataTypes) {
    [7m [0m [96m                           ~~~~~~~~~[0m
    'sequelize' is declared here.
[96msrc/infra/sequelize/models/postTranslation.model.ts[0m:[93m65[0m:[93m23[0m - [91merror[0m[90m TS2552: [0mCannot find name 'Sequelize'. Did you mean 'sequelize'?

[7m65[0m                 type: Sequelize.STRING,
[7m  [0m [91m                      ~~~~~~~~~[0m

  [96msrc/infra/sequelize/models/postTranslation.model.ts[0m:[93m2[0m:[93m28[0m
    [7m2[0m module.exports = function (sequelize, DataTypes) {
    [7m [0m [96m                           ~~~~~~~~~[0m
    'sequelize' is declared here.
[96msrc/infra/sequelize/models/postTranslation.model.ts[0m:[93m70[0m:[93m23[0m - [91merror[0m[90m TS2552: [0mCannot find name 'Sequelize'. Did you mean 'sequelize'?

[7m70[0m                 type: Sequelize.STRING,
[7m  [0m [91m                      ~~~~~~~~~[0m

  [96msrc/infra/sequelize/models/postTranslation.model.ts[0m:[93m2[0m:[93m28[0m
    [7m2[0m module.exports = function (sequelize, DataTypes) {
    [7m [0m [96m                           ~~~~~~~~~[0m
    'sequelize' is declared here.
[96msrc/infra/sequelize/models/postTranslation.model.ts[0m:[93m75[0m:[93m23[0m - [91merror[0m[90m TS2552: [0mCannot find name 'Sequelize'. Did you mean 'sequelize'?

[7m75[0m                 type: Sequelize.STRING,
[7m  [0m [91m                      ~~~~~~~~~[0m

  [96msrc/infra/sequelize/models/postTranslation.model.ts[0m:[93m2[0m:[93m28[0m
    [7m2[0m module.exports = function (sequelize, DataTypes) {
    [7m [0m [96m                           ~~~~~~~~~[0m
    'sequelize' is declared here.
[96msrc/infra/sequelize/models/postTranslation.model.ts[0m:[93m80[0m:[93m23[0m - [91merror[0m[90m TS2552: [0mCannot find name 'Sequelize'. Did you mean 'sequelize'?

[7m80[0m                 type: Sequelize.STRING,
[7m  [0m [91m                      ~~~~~~~~~[0m

  [96msrc/infra/sequelize/models/postTranslation.model.ts[0m:[93m2[0m:[93m28[0m
    [7m2[0m module.exports = function (sequelize, DataTypes) {
    [7m [0m [96m                           ~~~~~~~~~[0m
    'sequelize' is declared here.
[96msrc/infra/sequelize/models/postTranslation.model.ts[0m:[93m85[0m:[93m23[0m - [91merror[0m[90m TS2552: [0mCannot find name 'Sequelize'. Did you mean 'sequelize'?

[7m85[0m                 type: Sequelize.STRING,
[7m  [0m [91m                      ~~~~~~~~~[0m

  [96msrc/infra/sequelize/models/postTranslation.model.ts[0m:[93m2[0m:[93m28[0m
    [7m2[0m module.exports = function (sequelize, DataTypes) {
    [7m [0m [96m                           ~~~~~~~~~[0m
    'sequelize' is declared here.

    at createTSError (/Users/toannguyen/Documents/Source/tn-uptech-backend/node_modules/ts-node/src/index.ts:859:12)
    at reportTSError (/Users/toannguyen/Documents/Source/tn-uptech-backend/node_modules/ts-node/src/index.ts:863:19)
    at getOutput (/Users/toannguyen/Documents/Source/tn-uptech-backend/node_modules/ts-node/src/index.ts:1077:36)
    at Object.compile (/Users/toannguyen/Documents/Source/tn-uptech-backend/node_modules/ts-node/src/index.ts:1433:41)
    at Module.m._compile (/Users/toannguyen/Documents/Source/tn-uptech-backend/node_modules/ts-node/src/index.ts:1617:30)
    at Module._extensions..js (node:internal/modules/cjs/loader:1245:10)
    at Object.require.extensions.<computed> [as .ts] (/Users/toannguyen/Documents/Source/tn-uptech-backend/node_modules/ts-node/src/index.ts:1621:12)
    at Module.load (node:internal/modules/cjs/loader:1069:32)
    at Function.Module._load (node:internal/modules/cjs/loader:904:12)
    at Module.require (node:internal/modules/cjs/loader:1093:19)
