2023-04-17 18:59:42 error: {"name":"SequelizeDatabaseError","parent":{"code":"ER_TRUNCATED_WRONG_VALUE","errno":1292,"sqlState":"22007","sqlMessage":"Incorrect datetime value: 'Invalid date' for column 'createdAt' at row 1","sql":"UPDATE `categories` SET `type`=?,`status`=?,`id`=?,`createdAt`=?,`updatedAt`=? WHERE `id` = ?","parameters":["post","active",3,"Invalid date","2023-04-17 11:58:03","3"]},"original":{"code":"ER_TRUNCATED_WRONG_VALUE","errno":1292,"sqlState":"22007","sqlMessage":"Incorrect datetime value: 'Invalid date' for column 'createdAt' at row 1","sql":"UPDATE `categories` SET `type`=?,`status`=?,`id`=?,`createdAt`=?,`updatedAt`=? WHERE `id` = ?","parameters":["post","active",3,"Invalid date","2023-04-17 11:58:03","3"]},"sql":"UPDATE `categories` SET `type`=?,`status`=?,`id`=?,`createdAt`=?,`updatedAt`=? WHERE `id` = ?","parameters":["post","active",3,"Invalid date","2023-04-17 11:58:03","3"]}
2023-04-17 18:59:48 error: {"name":"SequelizeDatabaseError","parent":{"code":"ER_TRUNCATED_WRONG_VALUE","errno":1292,"sqlState":"22007","sqlMessage":"Incorrect datetime value: 'Invalid date' for column 'createdAt' at row 1","sql":"UPDATE `categories` SET `type`=?,`status`=?,`id`=?,`createdAt`=?,`updatedAt`=? WHERE `id` = ?","parameters":["project","active",3,"Invalid date","2023-04-17 11:58:03","3"]},"original":{"code":"ER_TRUNCATED_WRONG_VALUE","errno":1292,"sqlState":"22007","sqlMessage":"Incorrect datetime value: 'Invalid date' for column 'createdAt' at row 1","sql":"UPDATE `categories` SET `type`=?,`status`=?,`id`=?,`createdAt`=?,`updatedAt`=? WHERE `id` = ?","parameters":["project","active",3,"Invalid date","2023-04-17 11:58:03","3"]},"sql":"UPDATE `categories` SET `type`=?,`status`=?,`id`=?,`createdAt`=?,`updatedAt`=? WHERE `id` = ?","parameters":["project","active",3,"Invalid date","2023-04-17 11:58:03","3"]}
2023-04-17 19:10:37 error: uncaughtException: тип Unable to compile TypeScript:
[96msrc/route/post.route.ts[0m:[93m16[0m:[93m51[0m - [91merror[0m[90m TS2339: [0mProperty 'getListPostIsFututed' does not exist on type 'PostController'.

[7m16[0m         this.router.get(`${this.path}`, this.post.getListPostIsFututed);
[7m  [0m [91m                                                  ~~~~~~~~~~~~~~~~~~~~[0m

TSError: тип Unable to compile TypeScript:
[96msrc/route/post.route.ts[0m:[93m16[0m:[93m51[0m - [91merror[0m[90m TS2339: [0mProperty 'getListPostIsFututed' does not exist on type 'PostController'.

[7m16[0m         this.router.get(`${this.path}`, this.post.getListPostIsFututed);
[7m  [0m [91m                                                  ~~~~~~~~~~~~~~~~~~~~[0m

    at createTSError (/Users/toannguyen/Documents/Source/tn-uptech-backend/node_modules/ts-node/src/index.ts:859:12)
    at reportTSError (/Users/toannguyen/Documents/Source/tn-uptech-backend/node_modules/ts-node/src/index.ts:863:19)
    at getOutput (/Users/toannguyen/Documents/Source/tn-uptech-backend/node_modules/ts-node/src/index.ts:1077:36)
    at Object.compile (/Users/toannguyen/Documents/Source/tn-uptech-backend/node_modules/ts-node/src/index.ts:1433:41)
    at Module.m._compile (/Users/toannguyen/Documents/Source/tn-uptech-backend/node_modules/ts-node/src/index.ts:1617:30)
    at Module._extensions..js (node:internal/modules/cjs/loader:1245:10)
    at Object.require.extensions.<computed> [as .ts] (/Users/toannguyen/Documents/Source/tn-uptech-backend/node_modules/ts-node/src/index.ts:1621:12)
    at Module.load (node:internal/modules/cjs/loader:1069:32)
    at Function.Module._load (node:internal/modules/cjs/loader:904:12)
    at Module.require (node:internal/modules/cjs/loader:1093:19)
2023-04-17 19:11:16 error: uncaughtException: тип Unable to compile TypeScript:
[96msrc/route/post.route.ts[0m:[93m16[0m:[93m51[0m - [91merror[0m[90m TS2339: [0mProperty 'getListHightLight' does not exist on type 'PostController'.

[7m16[0m         this.router.get(`${this.path}`, this.post.getListHightLight);
[7m  [0m [91m                                                  ~~~~~~~~~~~~~~~~~[0m

TSError: тип Unable to compile TypeScript:
[96msrc/route/post.route.ts[0m:[93m16[0m:[93m51[0m - [91merror[0m[90m TS2339: [0mProperty 'getListHightLight' does not exist on type 'PostController'.

[7m16[0m         this.router.get(`${this.path}`, this.post.getListHightLight);
[7m  [0m [91m                                                  ~~~~~~~~~~~~~~~~~[0m

    at createTSError (/Users/toannguyen/Documents/Source/tn-uptech-backend/node_modules/ts-node/src/index.ts:859:12)
    at reportTSError (/Users/toannguyen/Documents/Source/tn-uptech-backend/node_modules/ts-node/src/index.ts:863:19)
    at getOutput (/Users/toannguyen/Documents/Source/tn-uptech-backend/node_modules/ts-node/src/index.ts:1077:36)
    at Object.compile (/Users/toannguyen/Documents/Source/tn-uptech-backend/node_modules/ts-node/src/index.ts:1433:41)
    at Module.m._compile (/Users/toannguyen/Documents/Source/tn-uptech-backend/node_modules/ts-node/src/index.ts:1617:30)
    at Module._extensions..js (node:internal/modules/cjs/loader:1245:10)
    at Object.require.extensions.<computed> [as .ts] (/Users/toannguyen/Documents/Source/tn-uptech-backend/node_modules/ts-node/src/index.ts:1621:12)
    at Module.load (node:internal/modules/cjs/loader:1069:32)
    at Function.Module._load (node:internal/modules/cjs/loader:904:12)
    at Module.require (node:internal/modules/cjs/loader:1093:19)
2023-04-17 19:11:50 error: uncaughtException: тип Unable to compile TypeScript:
[96msrc/route/post.route.ts[0m:[93m16[0m:[93m51[0m - [91merror[0m[90m TS2339: [0mProperty 'getListFutured' does not exist on type 'PostController'.

[7m16[0m         this.router.get(`${this.path}`, this.post.getListFutured);
[7m  [0m [91m                                                  ~~~~~~~~~~~~~~[0m

TSError: тип Unable to compile TypeScript:
[96msrc/route/post.route.ts[0m:[93m16[0m:[93m51[0m - [91merror[0m[90m TS2339: [0mProperty 'getListFutured' does not exist on type 'PostController'.

[7m16[0m         this.router.get(`${this.path}`, this.post.getListFutured);
[7m  [0m [91m                                                  ~~~~~~~~~~~~~~[0m

    at createTSError (/Users/toannguyen/Documents/Source/tn-uptech-backend/node_modules/ts-node/src/index.ts:859:12)
    at reportTSError (/Users/toannguyen/Documents/Source/tn-uptech-backend/node_modules/ts-node/src/index.ts:863:19)
    at getOutput (/Users/toannguyen/Documents/Source/tn-uptech-backend/node_modules/ts-node/src/index.ts:1077:36)
    at Object.compile (/Users/toannguyen/Documents/Source/tn-uptech-backend/node_modules/ts-node/src/index.ts:1433:41)
    at Module.m._compile (/Users/toannguyen/Documents/Source/tn-uptech-backend/node_modules/ts-node/src/index.ts:1617:30)
    at Module._extensions..js (node:internal/modules/cjs/loader:1245:10)
    at Object.require.extensions.<computed> [as .ts] (/Users/toannguyen/Documents/Source/tn-uptech-backend/node_modules/ts-node/src/index.ts:1621:12)
    at Module.load (node:internal/modules/cjs/loader:1069:32)
    at Function.Module._load (node:internal/modules/cjs/loader:904:12)
    at Module.require (node:internal/modules/cjs/loader:1093:19)
2023-04-17 19:12:12 error: uncaughtException: тип Unable to compile TypeScript:
[96msrc/route/post.route.ts[0m:[93m16[0m:[93m51[0m - [91merror[0m[90m TS2339: [0mProperty 'getListOutstanding' does not exist on type 'PostController'.

[7m16[0m         this.router.get(`${this.path}`, this.post.getListOutstanding);
[7m  [0m [91m                                                  ~~~~~~~~~~~~~~~~~~[0m

TSError: тип Unable to compile TypeScript:
[96msrc/route/post.route.ts[0m:[93m16[0m:[93m51[0m - [91merror[0m[90m TS2339: [0mProperty 'getListOutstanding' does not exist on type 'PostController'.

[7m16[0m         this.router.get(`${this.path}`, this.post.getListOutstanding);
[7m  [0m [91m                                                  ~~~~~~~~~~~~~~~~~~[0m

    at createTSError (/Users/toannguyen/Documents/Source/tn-uptech-backend/node_modules/ts-node/src/index.ts:859:12)
    at reportTSError (/Users/toannguyen/Documents/Source/tn-uptech-backend/node_modules/ts-node/src/index.ts:863:19)
    at getOutput (/Users/toannguyen/Documents/Source/tn-uptech-backend/node_modules/ts-node/src/index.ts:1077:36)
    at Object.compile (/Users/toannguyen/Documents/Source/tn-uptech-backend/node_modules/ts-node/src/index.ts:1433:41)
    at Module.m._compile (/Users/toannguyen/Documents/Source/tn-uptech-backend/node_modules/ts-node/src/index.ts:1617:30)
    at Module._extensions..js (node:internal/modules/cjs/loader:1245:10)
    at Object.require.extensions.<computed> [as .ts] (/Users/toannguyen/Documents/Source/tn-uptech-backend/node_modules/ts-node/src/index.ts:1621:12)
    at Module.load (node:internal/modules/cjs/loader:1069:32)
    at Function.Module._load (node:internal/modules/cjs/loader:904:12)
    at Module.require (node:internal/modules/cjs/loader:1093:19)
2023-04-17 19:12:57 error: uncaughtException: тип Unable to compile TypeScript:
[96msrc/modules/controllers/post.controller.ts[0m:[93m24[0m:[93m37[0m - [91merror[0m[90m TS2339: [0mProperty 'getListOutstanding' does not exist on type 'PostService'.

[7m24[0m             const data = await post.getListOutstanding(req.query);
[7m  [0m [91m                                    ~~~~~~~~~~~~~~~~~~[0m

TSError: тип Unable to compile TypeScript:
[96msrc/modules/controllers/post.controller.ts[0m:[93m24[0m:[93m37[0m - [91merror[0m[90m TS2339: [0mProperty 'getListOutstanding' does not exist on type 'PostService'.

[7m24[0m             const data = await post.getListOutstanding(req.query);
[7m  [0m [91m                                    ~~~~~~~~~~~~~~~~~~[0m

    at createTSError (/Users/toannguyen/Documents/Source/tn-uptech-backend/node_modules/ts-node/src/index.ts:859:12)
    at reportTSError (/Users/toannguyen/Documents/Source/tn-uptech-backend/node_modules/ts-node/src/index.ts:863:19)
    at getOutput (/Users/toannguyen/Documents/Source/tn-uptech-backend/node_modules/ts-node/src/index.ts:1077:36)
    at Object.compile (/Users/toannguyen/Documents/Source/tn-uptech-backend/node_modules/ts-node/src/index.ts:1433:41)
    at Module.m._compile (/Users/toannguyen/Documents/Source/tn-uptech-backend/node_modules/ts-node/src/index.ts:1617:30)
    at Module._extensions..js (node:internal/modules/cjs/loader:1245:10)
    at Object.require.extensions.<computed> [as .ts] (/Users/toannguyen/Documents/Source/tn-uptech-backend/node_modules/ts-node/src/index.ts:1621:12)
    at Module.load (node:internal/modules/cjs/loader:1069:32)
    at Function.Module._load (node:internal/modules/cjs/loader:904:12)
    at Module.require (node:internal/modules/cjs/loader:1093:19)
2023-04-17 19:13:45 error: uncaughtException: тип Unable to compile TypeScript:
[96msrc/services/post.service.ts[0m:[93m125[0m:[93m32[0m - [91merror[0m[90m TS2304: [0mCannot find name 'queryTranslation'.

[7m125[0m                         where: queryTranslation
[7m   [0m [91m                               ~~~~~~~~~~~~~~~~[0m

TSError: тип Unable to compile TypeScript:
[96msrc/services/post.service.ts[0m:[93m125[0m:[93m32[0m - [91merror[0m[90m TS2304: [0mCannot find name 'queryTranslation'.

[7m125[0m                         where: queryTranslation
[7m   [0m [91m                               ~~~~~~~~~~~~~~~~[0m

    at createTSError (/Users/toannguyen/Documents/Source/tn-uptech-backend/node_modules/ts-node/src/index.ts:859:12)
    at reportTSError (/Users/toannguyen/Documents/Source/tn-uptech-backend/node_modules/ts-node/src/index.ts:863:19)
    at getOutput (/Users/toannguyen/Documents/Source/tn-uptech-backend/node_modules/ts-node/src/index.ts:1077:36)
    at Object.compile (/Users/toannguyen/Documents/Source/tn-uptech-backend/node_modules/ts-node/src/index.ts:1433:41)
    at Module.m._compile (/Users/toannguyen/Documents/Source/tn-uptech-backend/node_modules/ts-node/src/index.ts:1617:30)
    at Module._extensions..js (node:internal/modules/cjs/loader:1245:10)
    at Object.require.extensions.<computed> [as .ts] (/Users/toannguyen/Documents/Source/tn-uptech-backend/node_modules/ts-node/src/index.ts:1621:12)
    at Module.load (node:internal/modules/cjs/loader:1069:32)
    at Function.Module._load (node:internal/modules/cjs/loader:904:12)
    at Module.require (node:internal/modules/cjs/loader:1093:19)
2023-04-17 19:13:53 error: uncaughtException: тип Unable to compile TypeScript:
[96msrc/services/post.service.ts[0m:[93m98[0m:[93m20[0m - [91merror[0m[90m TS2304: [0mCannot find name 'result'.

[7m98[0m             return result;
[7m  [0m [91m                   ~~~~~~[0m

TSError: тип Unable to compile TypeScript:
[96msrc/services/post.service.ts[0m:[93m98[0m:[93m20[0m - [91merror[0m[90m TS2304: [0mCannot find name 'result'.

[7m98[0m             return result;
[7m  [0m [91m                   ~~~~~~[0m

    at createTSError (/Users/toannguyen/Documents/Source/tn-uptech-backend/node_modules/ts-node/src/index.ts:859:12)
    at reportTSError (/Users/toannguyen/Documents/Source/tn-uptech-backend/node_modules/ts-node/src/index.ts:863:19)
    at getOutput (/Users/toannguyen/Documents/Source/tn-uptech-backend/node_modules/ts-node/src/index.ts:1077:36)
    at Object.compile (/Users/toannguyen/Documents/Source/tn-uptech-backend/node_modules/ts-node/src/index.ts:1433:41)
    at Module.m._compile (/Users/toannguyen/Documents/Source/tn-uptech-backend/node_modules/ts-node/src/index.ts:1617:30)
    at Module._extensions..js (node:internal/modules/cjs/loader:1245:10)
    at Object.require.extensions.<computed> [as .ts] (/Users/toannguyen/Documents/Source/tn-uptech-backend/node_modules/ts-node/src/index.ts:1621:12)
    at Module.load (node:internal/modules/cjs/loader:1069:32)
    at Function.Module._load (node:internal/modules/cjs/loader:904:12)
    at Module.require (node:internal/modules/cjs/loader:1093:19)
2023-04-17 19:15:10 error: uncaughtException: тип Unable to compile TypeScript:
[96msrc/services/post.service.ts[0m:[93m98[0m:[93m33[0m - [91merror[0m[90m TS2552: [0mCannot find name 'User'. Did you mean 'users'?

[7m98[0m             const users = await User.findAll();
[7m  [0m [91m                                ~~~~[0m

  [96msrc/services/post.service.ts[0m:[93m98[0m:[93m19[0m
    [7m98[0m             const users = await User.findAll();
    [7m  [0m [96m                  ~~~~~[0m
    'users' is declared here.
[96msrc/services/post.service.ts[0m:[93m99[0m:[93m20[0m - [91merror[0m[90m TS2304: [0mCannot find name 'posts'.

[7m99[0m             return posts;
[7m  [0m [91m                   ~~~~~[0m

TSError: тип Unable to compile TypeScript:
[96msrc/services/post.service.ts[0m:[93m98[0m:[93m33[0m - [91merror[0m[90m TS2552: [0mCannot find name 'User'. Did you mean 'users'?

[7m98[0m             const users = await User.findAll();
[7m  [0m [91m                                ~~~~[0m

  [96msrc/services/post.service.ts[0m:[93m98[0m:[93m19[0m
    [7m98[0m             const users = await User.findAll();
    [7m  [0m [96m                  ~~~~~[0m
    'users' is declared here.
[96msrc/services/post.service.ts[0m:[93m99[0m:[93m20[0m - [91merror[0m[90m TS2304: [0mCannot find name 'posts'.

[7m99[0m             return posts;
[7m  [0m [91m                   ~~~~~[0m

    at createTSError (/Users/toannguyen/Documents/Source/tn-uptech-backend/node_modules/ts-node/src/index.ts:859:12)
    at reportTSError (/Users/toannguyen/Documents/Source/tn-uptech-backend/node_modules/ts-node/src/index.ts:863:19)
    at getOutput (/Users/toannguyen/Documents/Source/tn-uptech-backend/node_modules/ts-node/src/index.ts:1077:36)
    at Object.compile (/Users/toannguyen/Documents/Source/tn-uptech-backend/node_modules/ts-node/src/index.ts:1433:41)
    at Module.m._compile (/Users/toannguyen/Documents/Source/tn-uptech-backend/node_modules/ts-node/src/index.ts:1617:30)
    at Module._extensions..js (node:internal/modules/cjs/loader:1245:10)
    at Object.require.extensions.<computed> [as .ts] (/Users/toannguyen/Documents/Source/tn-uptech-backend/node_modules/ts-node/src/index.ts:1621:12)
    at Module.load (node:internal/modules/cjs/loader:1069:32)
    at Function.Module._load (node:internal/modules/cjs/loader:904:12)
    at Module.require (node:internal/modules/cjs/loader:1093:19)
2023-04-17 19:17:24 error: uncaughtException: тип Unable to compile TypeScript:
[96msrc/services/post.service.ts[0m:[93m112[0m:[93m32[0m - [91merror[0m[90m TS2304: [0mCannot find name 'queryTranslation'.

[7m112[0m                         where: queryTranslation
[7m   [0m [91m                               ~~~~~~~~~~~~~~~~[0m
[96msrc/services/post.service.ts[0m:[93m101[0m:[93m17[0m - [91merror[0m[90m TS1109: [0mExpression expected.

[7m101[0m                 },
[7m   [0m [91m                ~[0m

TSError: тип Unable to compile TypeScript:
[96msrc/services/post.service.ts[0m:[93m112[0m:[93m32[0m - [91merror[0m[90m TS2304: [0mCannot find name 'queryTranslation'.

[7m112[0m                         where: queryTranslation
[7m   [0m [91m                               ~~~~~~~~~~~~~~~~[0m
[96msrc/services/post.service.ts[0m:[93m101[0m:[93m17[0m - [91merror[0m[90m TS1109: [0mExpression expected.

[7m101[0m                 },
[7m   [0m [91m                ~[0m

    at createTSError (/Users/toannguyen/Documents/Source/tn-uptech-backend/node_modules/ts-node/src/index.ts:859:12)
    at reportTSError (/Users/toannguyen/Documents/Source/tn-uptech-backend/node_modules/ts-node/src/index.ts:863:19)
    at getOutput (/Users/toannguyen/Documents/Source/tn-uptech-backend/node_modules/ts-node/src/index.ts:1077:36)
    at Object.compile (/Users/toannguyen/Documents/Source/tn-uptech-backend/node_modules/ts-node/src/index.ts:1433:41)
    at Module.m._compile (/Users/toannguyen/Documents/Source/tn-uptech-backend/node_modules/ts-node/src/index.ts:1617:30)
    at Module._extensions..js (node:internal/modules/cjs/loader:1245:10)
    at Object.require.extensions.<computed> [as .ts] (/Users/toannguyen/Documents/Source/tn-uptech-backend/node_modules/ts-node/src/index.ts:1621:12)
    at Module.load (node:internal/modules/cjs/loader:1069:32)
    at Function.Module._load (node:internal/modules/cjs/loader:904:12)
    at Module.require (node:internal/modules/cjs/loader:1093:19)
2023-04-17 19:17:45 error: uncaughtException: тип Unable to compile TypeScript:
[96msrc/services/post.service.ts[0m:[93m101[0m:[93m17[0m - [91merror[0m[90m TS1109: [0mExpression expected.

[7m101[0m                 },
[7m   [0m [91m                ~[0m

TSError: тип Unable to compile TypeScript:
[96msrc/services/post.service.ts[0m:[93m101[0m:[93m17[0m - [91merror[0m[90m TS1109: [0mExpression expected.

[7m101[0m                 },
[7m   [0m [91m                ~[0m

    at createTSError (/Users/toannguyen/Documents/Source/tn-uptech-backend/node_modules/ts-node/src/index.ts:859:12)
    at reportTSError (/Users/toannguyen/Documents/Source/tn-uptech-backend/node_modules/ts-node/src/index.ts:863:19)
    at getOutput (/Users/toannguyen/Documents/Source/tn-uptech-backend/node_modules/ts-node/src/index.ts:1077:36)
    at Object.compile (/Users/toannguyen/Documents/Source/tn-uptech-backend/node_modules/ts-node/src/index.ts:1433:41)
    at Module.m._compile (/Users/toannguyen/Documents/Source/tn-uptech-backend/node_modules/ts-node/src/index.ts:1617:30)
    at Module._extensions..js (node:internal/modules/cjs/loader:1245:10)
    at Object.require.extensions.<computed> [as .ts] (/Users/toannguyen/Documents/Source/tn-uptech-backend/node_modules/ts-node/src/index.ts:1621:12)
    at Module.load (node:internal/modules/cjs/loader:1069:32)
    at Function.Module._load (node:internal/modules/cjs/loader:904:12)
    at Module.require (node:internal/modules/cjs/loader:1093:19)
2023-04-17 19:22:02 error: uncaughtException: тип Unable to compile TypeScript:
[96msrc/modules/controllers/post.controller.ts[0m:[93m24[0m:[93m56[0m - [91merror[0m[90m TS2554: [0mExpected 0 arguments, but got 1.

[7m24[0m             const data = await post.getListOutstanding(req.query);
[7m  [0m [91m                                                       ~~~~~~~~~[0m

TSError: тип Unable to compile TypeScript:
[96msrc/modules/controllers/post.controller.ts[0m:[93m24[0m:[93m56[0m - [91merror[0m[90m TS2554: [0mExpected 0 arguments, but got 1.

[7m24[0m             const data = await post.getListOutstanding(req.query);
[7m  [0m [91m                                                       ~~~~~~~~~[0m

    at createTSError (/Users/toannguyen/Documents/Source/tn-uptech-backend/node_modules/ts-node/src/index.ts:859:12)
    at reportTSError (/Users/toannguyen/Documents/Source/tn-uptech-backend/node_modules/ts-node/src/index.ts:863:19)
    at getOutput (/Users/toannguyen/Documents/Source/tn-uptech-backend/node_modules/ts-node/src/index.ts:1077:36)
    at Object.compile (/Users/toannguyen/Documents/Source/tn-uptech-backend/node_modules/ts-node/src/index.ts:1433:41)
    at Module.m._compile (/Users/toannguyen/Documents/Source/tn-uptech-backend/node_modules/ts-node/src/index.ts:1617:30)
    at Module._extensions..js (node:internal/modules/cjs/loader:1245:10)
    at Object.require.extensions.<computed> [as .ts] (/Users/toannguyen/Documents/Source/tn-uptech-backend/node_modules/ts-node/src/index.ts:1621:12)
    at Module.load (node:internal/modules/cjs/loader:1069:32)
    at Function.Module._load (node:internal/modules/cjs/loader:904:12)
    at Module.require (node:internal/modules/cjs/loader:1093:19)
2023-04-17 19:22:18 error: uncaughtException: тип Unable to compile TypeScript:
[96msrc/modules/controllers/post.controller.ts[0m:[93m24[0m:[93m56[0m - [91merror[0m[90m TS2554: [0mExpected 0 arguments, but got 1.

[7m24[0m             const data = await post.getListOutstanding(req.query);
[7m  [0m [91m                                                       ~~~~~~~~~[0m

TSError: тип Unable to compile TypeScript:
[96msrc/modules/controllers/post.controller.ts[0m:[93m24[0m:[93m56[0m - [91merror[0m[90m TS2554: [0mExpected 0 arguments, but got 1.

[7m24[0m             const data = await post.getListOutstanding(req.query);
[7m  [0m [91m                                                       ~~~~~~~~~[0m

    at createTSError (/Users/toannguyen/Documents/Source/tn-uptech-backend/node_modules/ts-node/src/index.ts:859:12)
    at reportTSError (/Users/toannguyen/Documents/Source/tn-uptech-backend/node_modules/ts-node/src/index.ts:863:19)
    at getOutput (/Users/toannguyen/Documents/Source/tn-uptech-backend/node_modules/ts-node/src/index.ts:1077:36)
    at Object.compile (/Users/toannguyen/Documents/Source/tn-uptech-backend/node_modules/ts-node/src/index.ts:1433:41)
    at Module.m._compile (/Users/toannguyen/Documents/Source/tn-uptech-backend/node_modules/ts-node/src/index.ts:1617:30)
    at Module._extensions..js (node:internal/modules/cjs/loader:1245:10)
    at Object.require.extensions.<computed> [as .ts] (/Users/toannguyen/Documents/Source/tn-uptech-backend/node_modules/ts-node/src/index.ts:1621:12)
    at Module.load (node:internal/modules/cjs/loader:1069:32)
    at Function.Module._load (node:internal/modules/cjs/loader:904:12)
    at Module.require (node:internal/modules/cjs/loader:1093:19)
2023-04-17 19:22:34 error: uncaughtException: тип Unable to compile TypeScript:
[96msrc/modules/controllers/post.controller.ts[0m:[93m24[0m:[93m56[0m - [91merror[0m[90m TS2554: [0mExpected 0 arguments, but got 1.

[7m24[0m             const data = await post.getListOutstanding(req.query);
[7m  [0m [91m                                                       ~~~~~~~~~[0m

TSError: тип Unable to compile TypeScript:
[96msrc/modules/controllers/post.controller.ts[0m:[93m24[0m:[93m56[0m - [91merror[0m[90m TS2554: [0mExpected 0 arguments, but got 1.

[7m24[0m             const data = await post.getListOutstanding(req.query);
[7m  [0m [91m                                                       ~~~~~~~~~[0m

    at createTSError (/Users/toannguyen/Documents/Source/tn-uptech-backend/node_modules/ts-node/src/index.ts:859:12)
    at reportTSError (/Users/toannguyen/Documents/Source/tn-uptech-backend/node_modules/ts-node/src/index.ts:863:19)
    at getOutput (/Users/toannguyen/Documents/Source/tn-uptech-backend/node_modules/ts-node/src/index.ts:1077:36)
    at Object.compile (/Users/toannguyen/Documents/Source/tn-uptech-backend/node_modules/ts-node/src/index.ts:1433:41)
    at Module.m._compile (/Users/toannguyen/Documents/Source/tn-uptech-backend/node_modules/ts-node/src/index.ts:1617:30)
    at Module._extensions..js (node:internal/modules/cjs/loader:1245:10)
    at Object.require.extensions.<computed> [as .ts] (/Users/toannguyen/Documents/Source/tn-uptech-backend/node_modules/ts-node/src/index.ts:1621:12)
    at Module.load (node:internal/modules/cjs/loader:1069:32)
    at Function.Module._load (node:internal/modules/cjs/loader:904:12)
    at Module.require (node:internal/modules/cjs/loader:1093:19)
2023-04-17 19:22:44 error: uncaughtException: тип Unable to compile TypeScript:
[96msrc/modules/controllers/post.controller.ts[0m:[93m24[0m:[93m56[0m - [91merror[0m[90m TS2554: [0mExpected 0 arguments, but got 1.

[7m24[0m             const data = await post.getListOutstanding(req.query);
[7m  [0m [91m                                                       ~~~~~~~~~[0m

TSError: тип Unable to compile TypeScript:
[96msrc/modules/controllers/post.controller.ts[0m:[93m24[0m:[93m56[0m - [91merror[0m[90m TS2554: [0mExpected 0 arguments, but got 1.

[7m24[0m             const data = await post.getListOutstanding(req.query);
[7m  [0m [91m                                                       ~~~~~~~~~[0m

    at createTSError (/Users/toannguyen/Documents/Source/tn-uptech-backend/node_modules/ts-node/src/index.ts:859:12)
    at reportTSError (/Users/toannguyen/Documents/Source/tn-uptech-backend/node_modules/ts-node/src/index.ts:863:19)
    at getOutput (/Users/toannguyen/Documents/Source/tn-uptech-backend/node_modules/ts-node/src/index.ts:1077:36)
    at Object.compile (/Users/toannguyen/Documents/Source/tn-uptech-backend/node_modules/ts-node/src/index.ts:1433:41)
    at Module.m._compile (/Users/toannguyen/Documents/Source/tn-uptech-backend/node_modules/ts-node/src/index.ts:1617:30)
    at Module._extensions..js (node:internal/modules/cjs/loader:1245:10)
    at Object.require.extensions.<computed> [as .ts] (/Users/toannguyen/Documents/Source/tn-uptech-backend/node_modules/ts-node/src/index.ts:1621:12)
    at Module.load (node:internal/modules/cjs/loader:1069:32)
    at Function.Module._load (node:internal/modules/cjs/loader:904:12)
    at Module.require (node:internal/modules/cjs/loader:1093:19)
2023-04-17 19:23:20 error: uncaughtException: тип Unable to compile TypeScript:
[96msrc/modules/controllers/post.controller.ts[0m:[93m24[0m:[93m56[0m - [91merror[0m[90m TS2554: [0mExpected 0 arguments, but got 1.

[7m24[0m             const data = await post.getListOutstanding(req.query);
[7m  [0m [91m                                                       ~~~~~~~~~[0m

TSError: тип Unable to compile TypeScript:
[96msrc/modules/controllers/post.controller.ts[0m:[93m24[0m:[93m56[0m - [91merror[0m[90m TS2554: [0mExpected 0 arguments, but got 1.

[7m24[0m             const data = await post.getListOutstanding(req.query);
[7m  [0m [91m                                                       ~~~~~~~~~[0m

    at createTSError (/Users/toannguyen/Documents/Source/tn-uptech-backend/node_modules/ts-node/src/index.ts:859:12)
    at reportTSError (/Users/toannguyen/Documents/Source/tn-uptech-backend/node_modules/ts-node/src/index.ts:863:19)
    at getOutput (/Users/toannguyen/Documents/Source/tn-uptech-backend/node_modules/ts-node/src/index.ts:1077:36)
    at Object.compile (/Users/toannguyen/Documents/Source/tn-uptech-backend/node_modules/ts-node/src/index.ts:1433:41)
    at Module.m._compile (/Users/toannguyen/Documents/Source/tn-uptech-backend/node_modules/ts-node/src/index.ts:1617:30)
    at Module._extensions..js (node:internal/modules/cjs/loader:1245:10)
    at Object.require.extensions.<computed> [as .ts] (/Users/toannguyen/Documents/Source/tn-uptech-backend/node_modules/ts-node/src/index.ts:1621:12)
    at Module.load (node:internal/modules/cjs/loader:1069:32)
    at Function.Module._load (node:internal/modules/cjs/loader:904:12)
    at Module.require (node:internal/modules/cjs/loader:1093:19)
2023-04-17 19:24:32 error: Incorrect integer value: '' for column 'view' at row 1
2023-04-17 19:24:46 error: Incorrect integer value: '' for column 'view' at row 1
2023-04-17 19:26:18 error: uncaughtException: тип Unable to compile TypeScript:
[96msrc/modules/controllers/post.controller.ts[0m:[93m35[0m:[93m43[0m - [91merror[0m[90m TS2339: [0mProperty 'store' does not exist on type 'PostService'.

[7m35[0m             const data = await await post.store(req.body);
[7m  [0m [91m                                          ~~~~~[0m
[96msrc/modules/controllers/post.controller.ts[0m:[93m45[0m:[93m37[0m - [91merror[0m[90m TS2339: [0mProperty 'findById' does not exist on type 'PostService'.

[7m45[0m             const data = await post.findById(req.params.id);
[7m  [0m [91m                                    ~~~~~~~~[0m
[96msrc/modules/controllers/post.controller.ts[0m:[93m56[0m:[93m37[0m - [91merror[0m[90m TS2339: [0mProperty 'updateById' does not exist on type 'PostService'.

[7m56[0m             const data = await post.updateById(id, req.body);
[7m  [0m [91m                                    ~~~~~~~~~~[0m
[96msrc/modules/controllers/post.controller.ts[0m:[93m66[0m:[93m37[0m - [91merror[0m[90m TS2339: [0mProperty 'deleteById' does not exist on type 'PostService'.

[7m66[0m             const data = await post.deleteById(req.params.id);
[7m  [0m [91m                                    ~~~~~~~~~~[0m

TSError: тип Unable to compile TypeScript:
[96msrc/modules/controllers/post.controller.ts[0m:[93m35[0m:[93m43[0m - [91merror[0m[90m TS2339: [0mProperty 'store' does not exist on type 'PostService'.

[7m35[0m             const data = await await post.store(req.body);
[7m  [0m [91m                                          ~~~~~[0m
[96msrc/modules/controllers/post.controller.ts[0m:[93m45[0m:[93m37[0m - [91merror[0m[90m TS2339: [0mProperty 'findById' does not exist on type 'PostService'.

[7m45[0m             const data = await post.findById(req.params.id);
[7m  [0m [91m                                    ~~~~~~~~[0m
[96msrc/modules/controllers/post.controller.ts[0m:[93m56[0m:[93m37[0m - [91merror[0m[90m TS2339: [0mProperty 'updateById' does not exist on type 'PostService'.

[7m56[0m             const data = await post.updateById(id, req.body);
[7m  [0m [91m                                    ~~~~~~~~~~[0m
[96msrc/modules/controllers/post.controller.ts[0m:[93m66[0m:[93m37[0m - [91merror[0m[90m TS2339: [0mProperty 'deleteById' does not exist on type 'PostService'.

[7m66[0m             const data = await post.deleteById(req.params.id);
[7m  [0m [91m                                    ~~~~~~~~~~[0m

    at createTSError (/Users/toannguyen/Documents/Source/tn-uptech-backend/node_modules/ts-node/src/index.ts:859:12)
    at reportTSError (/Users/toannguyen/Documents/Source/tn-uptech-backend/node_modules/ts-node/src/index.ts:863:19)
    at getOutput (/Users/toannguyen/Documents/Source/tn-uptech-backend/node_modules/ts-node/src/index.ts:1077:36)
    at Object.compile (/Users/toannguyen/Documents/Source/tn-uptech-backend/node_modules/ts-node/src/index.ts:1433:41)
    at Module.m._compile (/Users/toannguyen/Documents/Source/tn-uptech-backend/node_modules/ts-node/src/index.ts:1617:30)
    at Module._extensions..js (node:internal/modules/cjs/loader:1245:10)
    at Object.require.extensions.<computed> [as .ts] (/Users/toannguyen/Documents/Source/tn-uptech-backend/node_modules/ts-node/src/index.ts:1621:12)
    at Module.load (node:internal/modules/cjs/loader:1069:32)
    at Function.Module._load (node:internal/modules/cjs/loader:904:12)
    at Module.require (node:internal/modules/cjs/loader:1093:19)
2023-04-17 19:26:27 error: uncaughtException: тип Unable to compile TypeScript:
[96msrc/modules/controllers/post.controller.ts[0m:[93m35[0m:[93m43[0m - [91merror[0m[90m TS2339: [0mProperty 'store' does not exist on type 'PostService'.

[7m35[0m             const data = await await post.store(req.body);
[7m  [0m [91m                                          ~~~~~[0m
[96msrc/modules/controllers/post.controller.ts[0m:[93m45[0m:[93m37[0m - [91merror[0m[90m TS2339: [0mProperty 'findById' does not exist on type 'PostService'.

[7m45[0m             const data = await post.findById(req.params.id);
[7m  [0m [91m                                    ~~~~~~~~[0m
[96msrc/modules/controllers/post.controller.ts[0m:[93m56[0m:[93m37[0m - [91merror[0m[90m TS2339: [0mProperty 'updateById' does not exist on type 'PostService'.

[7m56[0m             const data = await post.updateById(id, req.body);
[7m  [0m [91m                                    ~~~~~~~~~~[0m
[96msrc/modules/controllers/post.controller.ts[0m:[93m66[0m:[93m37[0m - [91merror[0m[90m TS2339: [0mProperty 'deleteById' does not exist on type 'PostService'.

[7m66[0m             const data = await post.deleteById(req.params.id);
[7m  [0m [91m                                    ~~~~~~~~~~[0m

TSError: тип Unable to compile TypeScript:
[96msrc/modules/controllers/post.controller.ts[0m:[93m35[0m:[93m43[0m - [91merror[0m[90m TS2339: [0mProperty 'store' does not exist on type 'PostService'.

[7m35[0m             const data = await await post.store(req.body);
[7m  [0m [91m                                          ~~~~~[0m
[96msrc/modules/controllers/post.controller.ts[0m:[93m45[0m:[93m37[0m - [91merror[0m[90m TS2339: [0mProperty 'findById' does not exist on type 'PostService'.

[7m45[0m             const data = await post.findById(req.params.id);
[7m  [0m [91m                                    ~~~~~~~~[0m
[96msrc/modules/controllers/post.controller.ts[0m:[93m56[0m:[93m37[0m - [91merror[0m[90m TS2339: [0mProperty 'updateById' does not exist on type 'PostService'.

[7m56[0m             const data = await post.updateById(id, req.body);
[7m  [0m [91m                                    ~~~~~~~~~~[0m
[96msrc/modules/controllers/post.controller.ts[0m:[93m66[0m:[93m37[0m - [91merror[0m[90m TS2339: [0mProperty 'deleteById' does not exist on type 'PostService'.

[7m66[0m             const data = await post.deleteById(req.params.id);
[7m  [0m [91m                                    ~~~~~~~~~~[0m

    at createTSError (/Users/toannguyen/Documents/Source/tn-uptech-backend/node_modules/ts-node/src/index.ts:859:12)
    at reportTSError (/Users/toannguyen/Documents/Source/tn-uptech-backend/node_modules/ts-node/src/index.ts:863:19)
    at getOutput (/Users/toannguyen/Documents/Source/tn-uptech-backend/node_modules/ts-node/src/index.ts:1077:36)
    at Object.compile (/Users/toannguyen/Documents/Source/tn-uptech-backend/node_modules/ts-node/src/index.ts:1433:41)
    at Module.m._compile (/Users/toannguyen/Documents/Source/tn-uptech-backend/node_modules/ts-node/src/index.ts:1617:30)
    at Module._extensions..js (node:internal/modules/cjs/loader:1245:10)
    at Object.require.extensions.<computed> [as .ts] (/Users/toannguyen/Documents/Source/tn-uptech-backend/node_modules/ts-node/src/index.ts:1621:12)
    at Module.load (node:internal/modules/cjs/loader:1069:32)
    at Function.Module._load (node:internal/modules/cjs/loader:904:12)
    at Module.require (node:internal/modules/cjs/loader:1093:19)
2023-04-17 19:27:47 error: {"name":"SequelizeDatabaseError","parent":{"code":"ER_TRUNCATED_WRONG_VALUE","errno":1292,"sqlState":"22007","sqlMessage":"Incorrect datetime value: 'Invalid date' for column 'createdAt' at row 1","sql":"UPDATE `categories` SET `type`=?,`status`=?,`id`=?,`createdAt`=?,`updatedAt`=? WHERE `id` = ?","parameters":["post","active",1,"Invalid date","2023-04-17 12:26:46","1"]},"original":{"code":"ER_TRUNCATED_WRONG_VALUE","errno":1292,"sqlState":"22007","sqlMessage":"Incorrect datetime value: 'Invalid date' for column 'createdAt' at row 1","sql":"UPDATE `categories` SET `type`=?,`status`=?,`id`=?,`createdAt`=?,`updatedAt`=? WHERE `id` = ?","parameters":["post","active",1,"Invalid date","2023-04-17 12:26:46","1"]},"sql":"UPDATE `categories` SET `type`=?,`status`=?,`id`=?,`createdAt`=?,`updatedAt`=? WHERE `id` = ?","parameters":["post","active",1,"Invalid date","2023-04-17 12:26:46","1"]}
2023-04-17 19:32:01 error: uncaughtException: тип Unable to compile TypeScript:
[96msrc/dtos/post.dtos.ts[0m:[93m6[0m:[93m15[0m - [91merror[0m[90m TS2451: [0mCannot redeclare block-scoped variable 'translationData'.

[7m6[0m         const translationData = item.translations[0];
[7m [0m [91m              ~~~~~~~~~~~~~~~[0m
[96msrc/dtos/post.dtos.ts[0m:[93m7[0m:[93m15[0m - [91merror[0m[90m TS2451: [0mCannot redeclare block-scoped variable 'translationData'.

[7m7[0m         const translationData = item.translations[0];
[7m [0m [91m              ~~~~~~~~~~~~~~~[0m

TSError: тип Unable to compile TypeScript:
[96msrc/dtos/post.dtos.ts[0m:[93m6[0m:[93m15[0m - [91merror[0m[90m TS2451: [0mCannot redeclare block-scoped variable 'translationData'.

[7m6[0m         const translationData = item.translations[0];
[7m [0m [91m              ~~~~~~~~~~~~~~~[0m
[96msrc/dtos/post.dtos.ts[0m:[93m7[0m:[93m15[0m - [91merror[0m[90m TS2451: [0mCannot redeclare block-scoped variable 'translationData'.

[7m7[0m         const translationData = item.translations[0];
[7m [0m [91m              ~~~~~~~~~~~~~~~[0m

    at createTSError (/Users/toannguyen/Documents/Source/tn-uptech-backend/node_modules/ts-node/src/index.ts:859:12)
    at reportTSError (/Users/toannguyen/Documents/Source/tn-uptech-backend/node_modules/ts-node/src/index.ts:863:19)
    at getOutput (/Users/toannguyen/Documents/Source/tn-uptech-backend/node_modules/ts-node/src/index.ts:1077:36)
    at Object.compile (/Users/toannguyen/Documents/Source/tn-uptech-backend/node_modules/ts-node/src/index.ts:1433:41)
    at Module.m._compile (/Users/toannguyen/Documents/Source/tn-uptech-backend/node_modules/ts-node/src/index.ts:1617:30)
    at Module._extensions..js (node:internal/modules/cjs/loader:1245:10)
    at Object.require.extensions.<computed> [as .ts] (/Users/toannguyen/Documents/Source/tn-uptech-backend/node_modules/ts-node/src/index.ts:1621:12)
    at Module.load (node:internal/modules/cjs/loader:1069:32)
    at Function.Module._load (node:internal/modules/cjs/loader:904:12)
    at Module.require (node:internal/modules/cjs/loader:1093:19)
2023-04-17 19:32:10 error: uncaughtException: тип Unable to compile TypeScript:
[96msrc/dtos/post.dtos.ts[0m:[93m6[0m:[93m15[0m - [91merror[0m[90m TS2451: [0mCannot redeclare block-scoped variable 'translationData'.

[7m6[0m         const translationData = item.translations[0];
[7m [0m [91m              ~~~~~~~~~~~~~~~[0m
[96msrc/dtos/post.dtos.ts[0m:[93m7[0m:[93m15[0m - [91merror[0m[90m TS2451: [0mCannot redeclare block-scoped variable 'translationData'.

[7m7[0m         const translationData = item.categort.translations[0];
[7m [0m [91m              ~~~~~~~~~~~~~~~[0m

TSError: тип Unable to compile TypeScript:
[96msrc/dtos/post.dtos.ts[0m:[93m6[0m:[93m15[0m - [91merror[0m[90m TS2451: [0mCannot redeclare block-scoped variable 'translationData'.

[7m6[0m         const translationData = item.translations[0];
[7m [0m [91m              ~~~~~~~~~~~~~~~[0m
[96msrc/dtos/post.dtos.ts[0m:[93m7[0m:[93m15[0m - [91merror[0m[90m TS2451: [0mCannot redeclare block-scoped variable 'translationData'.

[7m7[0m         const translationData = item.categort.translations[0];
[7m [0m [91m              ~~~~~~~~~~~~~~~[0m

    at createTSError (/Users/toannguyen/Documents/Source/tn-uptech-backend/node_modules/ts-node/src/index.ts:859:12)
    at reportTSError (/Users/toannguyen/Documents/Source/tn-uptech-backend/node_modules/ts-node/src/index.ts:863:19)
    at getOutput (/Users/toannguyen/Documents/Source/tn-uptech-backend/node_modules/ts-node/src/index.ts:1077:36)
    at Object.compile (/Users/toannguyen/Documents/Source/tn-uptech-backend/node_modules/ts-node/src/index.ts:1433:41)
    at Module.m._compile (/Users/toannguyen/Documents/Source/tn-uptech-backend/node_modules/ts-node/src/index.ts:1617:30)
    at Module._extensions..js (node:internal/modules/cjs/loader:1245:10)
    at Object.require.extensions.<computed> [as .ts] (/Users/toannguyen/Documents/Source/tn-uptech-backend/node_modules/ts-node/src/index.ts:1621:12)
    at Module.load (node:internal/modules/cjs/loader:1069:32)
    at Function.Module._load (node:internal/modules/cjs/loader:904:12)
    at Module.require (node:internal/modules/cjs/loader:1093:19)
2023-04-17 19:32:39 error: {}
2023-04-17 19:33:03 error: {}
2023-04-17 19:35:46 error: {"name":"SequelizeUniqueConstraintError","errors":[{"message":"slug must be unique","type":"unique violation","path":"slug","value":"name-test-1-en","origin":"DB","instance":null,"validatorKey":"not_unique","validatorName":null,"validatorArgs":[]}],"parent":{"code":"ER_DUP_ENTRY","errno":1062,"sqlState":"23000","sqlMessage":"Duplicate entry 'name-test-1-en' for key 'post_translation.slug'","sql":"UPDATE `post_translation` SET `name`=?,`content`=?,`description`=?,`meta_title`=?,`meta_description`=?,`meta_keyword`=?,`meta_robots`=?,`canonica_link`=?,`meta_image`=?,`meta_viewport`=?,`slug`=?,`custom_slug`=? WHERE `post_id` = ? AND `locale` = ?","parameters":["Name En","content en","description en","","","","","","","","name-test-1-en","name-en","1","vi"]},"original":{"code":"ER_DUP_ENTRY","errno":1062,"sqlState":"23000","sqlMessage":"Duplicate entry 'name-test-1-en' for key 'post_translation.slug'","sql":"UPDATE `post_translation` SET `name`=?,`content`=?,`description`=?,`meta_title`=?,`meta_description`=?,`meta_keyword`=?,`meta_robots`=?,`canonica_link`=?,`meta_image`=?,`meta_viewport`=?,`slug`=?,`custom_slug`=? WHERE `post_id` = ? AND `locale` = ?","parameters":["Name En","content en","description en","","","","","","","","name-test-1-en","name-en","1","vi"]},"fields":{"slug":"name-test-1-en"},"sql":"UPDATE `post_translation` SET `name`=?,`content`=?,`description`=?,`meta_title`=?,`meta_description`=?,`meta_keyword`=?,`meta_robots`=?,`canonica_link`=?,`meta_image`=?,`meta_viewport`=?,`slug`=?,`custom_slug`=? WHERE `post_id` = ? AND `locale` = ?"}
2023-04-17 19:36:59 error: Cannot read properties of undefined (reading '0')
2023-04-17 19:40:01 error: uncaughtException: тип Unable to compile TypeScript:
[96msrc/infra/sequelize/models/post.model.ts[0m:[93m65[0m:[93m15[0m - [91merror[0m[90m TS2552: [0mCannot find name 'Sequelize'. Did you mean 'sequelize'?

[7m65[0m         type: Sequelize.DATE,
[7m  [0m [91m              ~~~~~~~~~[0m

  [96msrc/infra/sequelize/models/post.model.ts[0m:[93m3[0m:[93m28[0m
    [7m3[0m module.exports = function (sequelize, DataTypes) {
    [7m [0m [96m                           ~~~~~~~~~[0m
    'sequelize' is declared here.

TSError: тип Unable to compile TypeScript:
[96msrc/infra/sequelize/models/post.model.ts[0m:[93m65[0m:[93m15[0m - [91merror[0m[90m TS2552: [0mCannot find name 'Sequelize'. Did you mean 'sequelize'?

[7m65[0m         type: Sequelize.DATE,
[7m  [0m [91m              ~~~~~~~~~[0m

  [96msrc/infra/sequelize/models/post.model.ts[0m:[93m3[0m:[93m28[0m
    [7m3[0m module.exports = function (sequelize, DataTypes) {
    [7m [0m [96m                           ~~~~~~~~~[0m
    'sequelize' is declared here.

    at createTSError (/Users/toannguyen/Documents/Source/tn-uptech-backend/node_modules/ts-node/src/index.ts:859:12)
    at reportTSError (/Users/toannguyen/Documents/Source/tn-uptech-backend/node_modules/ts-node/src/index.ts:863:19)
    at getOutput (/Users/toannguyen/Documents/Source/tn-uptech-backend/node_modules/ts-node/src/index.ts:1077:36)
    at Object.compile (/Users/toannguyen/Documents/Source/tn-uptech-backend/node_modules/ts-node/src/index.ts:1433:41)
    at Module.m._compile (/Users/toannguyen/Documents/Source/tn-uptech-backend/node_modules/ts-node/src/index.ts:1617:30)
    at Module._extensions..js (node:internal/modules/cjs/loader:1245:10)
    at Object.require.extensions.<computed> [as .ts] (/Users/toannguyen/Documents/Source/tn-uptech-backend/node_modules/ts-node/src/index.ts:1621:12)
    at Module.load (node:internal/modules/cjs/loader:1069:32)
    at Function.Module._load (node:internal/modules/cjs/loader:904:12)
    at Module.require (node:internal/modules/cjs/loader:1093:19)
2023-04-17 19:40:20 error: {"name":"SequelizeDatabaseError","parent":{"code":"ER_BAD_FIELD_ERROR","errno":1054,"sqlState":"42S22","sqlMessage":"Unknown column 'posts.posted_at' in 'field list'","sql":"SELECT `posts`.*, `image`.`id` AS `image.id`, `image`.`filename` AS `image.filename`, `image`.`disk` AS `image.disk`, `image`.`folder_id` AS `image.folder_id`, `image`.`path` AS `image.path`, `image`.`extension` AS `image.extension`, `image`.`mime` AS `image.mime`, `image`.`size` AS `image.size`, `image`.`width` AS `image.width`, `image`.`height` AS `image.height`, `image`.`alt` AS `image.alt`, `image`.`creator` AS `image.creator`, `image`.`editor` AS `image.editor`, `image`.`createdAt` AS `image.createdAt`, `image`.`updatedAt` AS `image.updatedAt`, `category->translations`.`id` AS `category.translations.id`, `category->translations`.`slug` AS `category.translations.slug`, `category->translations`.`category_id` AS `category.translations.category_id`, `category->translations`.`locale` AS `category.translations.locale`, `category->translations`.`name` AS `category.translations.name`, `category->translations`.`description` AS `category.translations.description`, `translations`.`id` AS `translations.id`, `translations`.`post_id` AS `translations.post_id`, `translations`.`locale` AS `translations.locale`, `translations`.`name` AS `translations.name`, `translations`.`content` AS `translations.content`, `translations`.`description` AS `translations.description`, `translations`.`slug` AS `translations.slug`, `translations`.`custom_slug` AS `translations.custom_slug`, `translations`.`meta_title` AS `translations.meta_title`, `translations`.`meta_description` AS `translations.meta_description`, `translations`.`meta_keyword` AS `translations.meta_keyword`, `translations`.`meta_robots` AS `translations.meta_robots`, `translations`.`canonica_link` AS `translations.canonica_link`, `translations`.`meta_image` AS `translations.meta_image`, `translations`.`meta_viewport` AS `translations.meta_viewport` FROM (SELECT `posts`.`id`, `posts`.`thumbnail`, `posts`.`category_id`, `posts`.`ceo_id`, `posts`.`related`, `posts`.`banner`, `posts`.`isFeatured`, `posts`.`status`, `posts`.`posted_at`, `posts`.`createdAt`, `posts`.`updatedAt`, `category`.`id` AS `category.id`, `category`.`status` AS `category.status`, `category`.`type` AS `category.type`, `category`.`createdAt` AS `category.createdAt`, `category`.`updatedAt` AS `category.updatedAt` FROM `posts` AS `posts` LEFT OUTER JOIN `categories` AS `category` ON `posts`.`category_id` = `category`.`id` WHERE ( SELECT `post_id` FROM `post_translation` AS `translations` WHERE (`translations`.`locale` = 'vi' AND `translations`.`post_id` = `posts`.`id`) LIMIT 1 ) IS NOT NULL ORDER BY `posts`.`createdAt` DESC LIMIT 0, 10) AS `posts` LEFT OUTER JOIN `medias` AS `image` ON `posts`.`thumbnail` = `image`.`id` INNER JOIN `category_translation` AS `category->translations` ON `category.id` = `category->translations`.`category_id` AND `category->translations`.`locale` = 'vi' INNER JOIN `post_translation` AS `translations` ON `posts`.`id` = `translations`.`post_id` AND `translations`.`locale` = 'vi' ORDER BY `posts`.`createdAt` DESC;"},"original":{"code":"ER_BAD_FIELD_ERROR","errno":1054,"sqlState":"42S22","sqlMessage":"Unknown column 'posts.posted_at' in 'field list'","sql":"SELECT `posts`.*, `image`.`id` AS `image.id`, `image`.`filename` AS `image.filename`, `image`.`disk` AS `image.disk`, `image`.`folder_id` AS `image.folder_id`, `image`.`path` AS `image.path`, `image`.`extension` AS `image.extension`, `image`.`mime` AS `image.mime`, `image`.`size` AS `image.size`, `image`.`width` AS `image.width`, `image`.`height` AS `image.height`, `image`.`alt` AS `image.alt`, `image`.`creator` AS `image.creator`, `image`.`editor` AS `image.editor`, `image`.`createdAt` AS `image.createdAt`, `image`.`updatedAt` AS `image.updatedAt`, `category->translations`.`id` AS `category.translations.id`, `category->translations`.`slug` AS `category.translations.slug`, `category->translations`.`category_id` AS `category.translations.category_id`, `category->translations`.`locale` AS `category.translations.locale`, `category->translations`.`name` AS `category.translations.name`, `category->translations`.`description` AS `category.translations.description`, `translations`.`id` AS `translations.id`, `translations`.`post_id` AS `translations.post_id`, `translations`.`locale` AS `translations.locale`, `translations`.`name` AS `translations.name`, `translations`.`content` AS `translations.content`, `translations`.`description` AS `translations.description`, `translations`.`slug` AS `translations.slug`, `translations`.`custom_slug` AS `translations.custom_slug`, `translations`.`meta_title` AS `translations.meta_title`, `translations`.`meta_description` AS `translations.meta_description`, `translations`.`meta_keyword` AS `translations.meta_keyword`, `translations`.`meta_robots` AS `translations.meta_robots`, `translations`.`canonica_link` AS `translations.canonica_link`, `translations`.`meta_image` AS `translations.meta_image`, `translations`.`meta_viewport` AS `translations.meta_viewport` FROM (SELECT `posts`.`id`, `posts`.`thumbnail`, `posts`.`category_id`, `posts`.`ceo_id`, `posts`.`related`, `posts`.`banner`, `posts`.`isFeatured`, `posts`.`status`, `posts`.`posted_at`, `posts`.`createdAt`, `posts`.`updatedAt`, `category`.`id` AS `category.id`, `category`.`status` AS `category.status`, `category`.`type` AS `category.type`, `category`.`createdAt` AS `category.createdAt`, `category`.`updatedAt` AS `category.updatedAt` FROM `posts` AS `posts` LEFT OUTER JOIN `categories` AS `category` ON `posts`.`category_id` = `category`.`id` WHERE ( SELECT `post_id` FROM `post_translation` AS `translations` WHERE (`translations`.`locale` = 'vi' AND `translations`.`post_id` = `posts`.`id`) LIMIT 1 ) IS NOT NULL ORDER BY `posts`.`createdAt` DESC LIMIT 0, 10) AS `posts` LEFT OUTER JOIN `medias` AS `image` ON `posts`.`thumbnail` = `image`.`id` INNER JOIN `category_translation` AS `category->translations` ON `category.id` = `category->translations`.`category_id` AND `category->translations`.`locale` = 'vi' INNER JOIN `post_translation` AS `translations` ON `posts`.`id` = `translations`.`post_id` AND `translations`.`locale` = 'vi' ORDER BY `posts`.`createdAt` DESC;"},"sql":"SELECT `posts`.*, `image`.`id` AS `image.id`, `image`.`filename` AS `image.filename`, `image`.`disk` AS `image.disk`, `image`.`folder_id` AS `image.folder_id`, `image`.`path` AS `image.path`, `image`.`extension` AS `image.extension`, `image`.`mime` AS `image.mime`, `image`.`size` AS `image.size`, `image`.`width` AS `image.width`, `image`.`height` AS `image.height`, `image`.`alt` AS `image.alt`, `image`.`creator` AS `image.creator`, `image`.`editor` AS `image.editor`, `image`.`createdAt` AS `image.createdAt`, `image`.`updatedAt` AS `image.updatedAt`, `category->translations`.`id` AS `category.translations.id`, `category->translations`.`slug` AS `category.translations.slug`, `category->translations`.`category_id` AS `category.translations.category_id`, `category->translations`.`locale` AS `category.translations.locale`, `category->translations`.`name` AS `category.translations.name`, `category->translations`.`description` AS `category.translations.description`, `translations`.`id` AS `translations.id`, `translations`.`post_id` AS `translations.post_id`, `translations`.`locale` AS `translations.locale`, `translations`.`name` AS `translations.name`, `translations`.`content` AS `translations.content`, `translations`.`description` AS `translations.description`, `translations`.`slug` AS `translations.slug`, `translations`.`custom_slug` AS `translations.custom_slug`, `translations`.`meta_title` AS `translations.meta_title`, `translations`.`meta_description` AS `translations.meta_description`, `translations`.`meta_keyword` AS `translations.meta_keyword`, `translations`.`meta_robots` AS `translations.meta_robots`, `translations`.`canonica_link` AS `translations.canonica_link`, `translations`.`meta_image` AS `translations.meta_image`, `translations`.`meta_viewport` AS `translations.meta_viewport` FROM (SELECT `posts`.`id`, `posts`.`thumbnail`, `posts`.`category_id`, `posts`.`ceo_id`, `posts`.`related`, `posts`.`banner`, `posts`.`isFeatured`, `posts`.`status`, `posts`.`posted_at`, `posts`.`createdAt`, `posts`.`updatedAt`, `category`.`id` AS `category.id`, `category`.`status` AS `category.status`, `category`.`type` AS `category.type`, `category`.`createdAt` AS `category.createdAt`, `category`.`updatedAt` AS `category.updatedAt` FROM `posts` AS `posts` LEFT OUTER JOIN `categories` AS `category` ON `posts`.`category_id` = `category`.`id` WHERE ( SELECT `post_id` FROM `post_translation` AS `translations` WHERE (`translations`.`locale` = 'vi' AND `translations`.`post_id` = `posts`.`id`) LIMIT 1 ) IS NOT NULL ORDER BY `posts`.`createdAt` DESC LIMIT 0, 10) AS `posts` LEFT OUTER JOIN `medias` AS `image` ON `posts`.`thumbnail` = `image`.`id` INNER JOIN `category_translation` AS `category->translations` ON `category.id` = `category->translations`.`category_id` AND `category->translations`.`locale` = 'vi' INNER JOIN `post_translation` AS `translations` ON `posts`.`id` = `translations`.`post_id` AND `translations`.`locale` = 'vi' ORDER BY `posts`.`createdAt` DESC;","parameters":{}}
2023-04-17 19:40:20 error: Unknown column 'posts.posted_at' in 'field list'
2023-04-17 19:40:20 error: {"name":"SequelizeDatabaseError","parent":{"code":"ER_BAD_FIELD_ERROR","errno":1054,"sqlState":"42S22","sqlMessage":"Unknown column 'posts.posted_at' in 'field list'","sql":"SELECT `posts`.*, `image`.`id` AS `image.id`, `image`.`filename` AS `image.filename`, `image`.`disk` AS `image.disk`, `image`.`folder_id` AS `image.folder_id`, `image`.`path` AS `image.path`, `image`.`extension` AS `image.extension`, `image`.`mime` AS `image.mime`, `image`.`size` AS `image.size`, `image`.`width` AS `image.width`, `image`.`height` AS `image.height`, `image`.`alt` AS `image.alt`, `image`.`creator` AS `image.creator`, `image`.`editor` AS `image.editor`, `image`.`createdAt` AS `image.createdAt`, `image`.`updatedAt` AS `image.updatedAt`, `category->translations`.`id` AS `category.translations.id`, `category->translations`.`slug` AS `category.translations.slug`, `category->translations`.`category_id` AS `category.translations.category_id`, `category->translations`.`locale` AS `category.translations.locale`, `category->translations`.`name` AS `category.translations.name`, `category->translations`.`description` AS `category.translations.description`, `translations`.`id` AS `translations.id`, `translations`.`post_id` AS `translations.post_id`, `translations`.`locale` AS `translations.locale`, `translations`.`name` AS `translations.name`, `translations`.`content` AS `translations.content`, `translations`.`description` AS `translations.description`, `translations`.`slug` AS `translations.slug`, `translations`.`custom_slug` AS `translations.custom_slug`, `translations`.`meta_title` AS `translations.meta_title`, `translations`.`meta_description` AS `translations.meta_description`, `translations`.`meta_keyword` AS `translations.meta_keyword`, `translations`.`meta_robots` AS `translations.meta_robots`, `translations`.`canonica_link` AS `translations.canonica_link`, `translations`.`meta_image` AS `translations.meta_image`, `translations`.`meta_viewport` AS `translations.meta_viewport` FROM (SELECT `posts`.`id`, `posts`.`thumbnail`, `posts`.`category_id`, `posts`.`ceo_id`, `posts`.`related`, `posts`.`banner`, `posts`.`isFeatured`, `posts`.`status`, `posts`.`posted_at`, `posts`.`createdAt`, `posts`.`updatedAt`, `category`.`id` AS `category.id`, `category`.`status` AS `category.status`, `category`.`type` AS `category.type`, `category`.`createdAt` AS `category.createdAt`, `category`.`updatedAt` AS `category.updatedAt` FROM `posts` AS `posts` LEFT OUTER JOIN `categories` AS `category` ON `posts`.`category_id` = `category`.`id` WHERE ( SELECT `post_id` FROM `post_translation` AS `translations` WHERE (`translations`.`locale` = 'vi' AND `translations`.`post_id` = `posts`.`id`) LIMIT 1 ) IS NOT NULL ORDER BY `posts`.`createdAt` DESC LIMIT 0, 10) AS `posts` LEFT OUTER JOIN `medias` AS `image` ON `posts`.`thumbnail` = `image`.`id` INNER JOIN `category_translation` AS `category->translations` ON `category.id` = `category->translations`.`category_id` AND `category->translations`.`locale` = 'vi' INNER JOIN `post_translation` AS `translations` ON `posts`.`id` = `translations`.`post_id` AND `translations`.`locale` = 'vi' ORDER BY `posts`.`createdAt` DESC;"},"original":{"code":"ER_BAD_FIELD_ERROR","errno":1054,"sqlState":"42S22","sqlMessage":"Unknown column 'posts.posted_at' in 'field list'","sql":"SELECT `posts`.*, `image`.`id` AS `image.id`, `image`.`filename` AS `image.filename`, `image`.`disk` AS `image.disk`, `image`.`folder_id` AS `image.folder_id`, `image`.`path` AS `image.path`, `image`.`extension` AS `image.extension`, `image`.`mime` AS `image.mime`, `image`.`size` AS `image.size`, `image`.`width` AS `image.width`, `image`.`height` AS `image.height`, `image`.`alt` AS `image.alt`, `image`.`creator` AS `image.creator`, `image`.`editor` AS `image.editor`, `image`.`createdAt` AS `image.createdAt`, `image`.`updatedAt` AS `image.updatedAt`, `category->translations`.`id` AS `category.translations.id`, `category->translations`.`slug` AS `category.translations.slug`, `category->translations`.`category_id` AS `category.translations.category_id`, `category->translations`.`locale` AS `category.translations.locale`, `category->translations`.`name` AS `category.translations.name`, `category->translations`.`description` AS `category.translations.description`, `translations`.`id` AS `translations.id`, `translations`.`post_id` AS `translations.post_id`, `translations`.`locale` AS `translations.locale`, `translations`.`name` AS `translations.name`, `translations`.`content` AS `translations.content`, `translations`.`description` AS `translations.description`, `translations`.`slug` AS `translations.slug`, `translations`.`custom_slug` AS `translations.custom_slug`, `translations`.`meta_title` AS `translations.meta_title`, `translations`.`meta_description` AS `translations.meta_description`, `translations`.`meta_keyword` AS `translations.meta_keyword`, `translations`.`meta_robots` AS `translations.meta_robots`, `translations`.`canonica_link` AS `translations.canonica_link`, `translations`.`meta_image` AS `translations.meta_image`, `translations`.`meta_viewport` AS `translations.meta_viewport` FROM (SELECT `posts`.`id`, `posts`.`thumbnail`, `posts`.`category_id`, `posts`.`ceo_id`, `posts`.`related`, `posts`.`banner`, `posts`.`isFeatured`, `posts`.`status`, `posts`.`posted_at`, `posts`.`createdAt`, `posts`.`updatedAt`, `category`.`id` AS `category.id`, `category`.`status` AS `category.status`, `category`.`type` AS `category.type`, `category`.`createdAt` AS `category.createdAt`, `category`.`updatedAt` AS `category.updatedAt` FROM `posts` AS `posts` LEFT OUTER JOIN `categories` AS `category` ON `posts`.`category_id` = `category`.`id` WHERE ( SELECT `post_id` FROM `post_translation` AS `translations` WHERE (`translations`.`locale` = 'vi' AND `translations`.`post_id` = `posts`.`id`) LIMIT 1 ) IS NOT NULL ORDER BY `posts`.`createdAt` DESC LIMIT 0, 10) AS `posts` LEFT OUTER JOIN `medias` AS `image` ON `posts`.`thumbnail` = `image`.`id` INNER JOIN `category_translation` AS `category->translations` ON `category.id` = `category->translations`.`category_id` AND `category->translations`.`locale` = 'vi' INNER JOIN `post_translation` AS `translations` ON `posts`.`id` = `translations`.`post_id` AND `translations`.`locale` = 'vi' ORDER BY `posts`.`createdAt` DESC;"},"sql":"SELECT `posts`.*, `image`.`id` AS `image.id`, `image`.`filename` AS `image.filename`, `image`.`disk` AS `image.disk`, `image`.`folder_id` AS `image.folder_id`, `image`.`path` AS `image.path`, `image`.`extension` AS `image.extension`, `image`.`mime` AS `image.mime`, `image`.`size` AS `image.size`, `image`.`width` AS `image.width`, `image`.`height` AS `image.height`, `image`.`alt` AS `image.alt`, `image`.`creator` AS `image.creator`, `image`.`editor` AS `image.editor`, `image`.`createdAt` AS `image.createdAt`, `image`.`updatedAt` AS `image.updatedAt`, `category->translations`.`id` AS `category.translations.id`, `category->translations`.`slug` AS `category.translations.slug`, `category->translations`.`category_id` AS `category.translations.category_id`, `category->translations`.`locale` AS `category.translations.locale`, `category->translations`.`name` AS `category.translations.name`, `category->translations`.`description` AS `category.translations.description`, `translations`.`id` AS `translations.id`, `translations`.`post_id` AS `translations.post_id`, `translations`.`locale` AS `translations.locale`, `translations`.`name` AS `translations.name`, `translations`.`content` AS `translations.content`, `translations`.`description` AS `translations.description`, `translations`.`slug` AS `translations.slug`, `translations`.`custom_slug` AS `translations.custom_slug`, `translations`.`meta_title` AS `translations.meta_title`, `translations`.`meta_description` AS `translations.meta_description`, `translations`.`meta_keyword` AS `translations.meta_keyword`, `translations`.`meta_robots` AS `translations.meta_robots`, `translations`.`canonica_link` AS `translations.canonica_link`, `translations`.`meta_image` AS `translations.meta_image`, `translations`.`meta_viewport` AS `translations.meta_viewport` FROM (SELECT `posts`.`id`, `posts`.`thumbnail`, `posts`.`category_id`, `posts`.`ceo_id`, `posts`.`related`, `posts`.`banner`, `posts`.`isFeatured`, `posts`.`status`, `posts`.`posted_at`, `posts`.`createdAt`, `posts`.`updatedAt`, `category`.`id` AS `category.id`, `category`.`status` AS `category.status`, `category`.`type` AS `category.type`, `category`.`createdAt` AS `category.createdAt`, `category`.`updatedAt` AS `category.updatedAt` FROM `posts` AS `posts` LEFT OUTER JOIN `categories` AS `category` ON `posts`.`category_id` = `category`.`id` WHERE ( SELECT `post_id` FROM `post_translation` AS `translations` WHERE (`translations`.`locale` = 'vi' AND `translations`.`post_id` = `posts`.`id`) LIMIT 1 ) IS NOT NULL ORDER BY `posts`.`createdAt` DESC LIMIT 0, 10) AS `posts` LEFT OUTER JOIN `medias` AS `image` ON `posts`.`thumbnail` = `image`.`id` INNER JOIN `category_translation` AS `category->translations` ON `category.id` = `category->translations`.`category_id` AND `category->translations`.`locale` = 'vi' INNER JOIN `post_translation` AS `translations` ON `posts`.`id` = `translations`.`post_id` AND `translations`.`locale` = 'vi' ORDER BY `posts`.`createdAt` DESC;","parameters":{}}
2023-04-17 19:40:28 error: {"name":"SequelizeDatabaseError","parent":{"code":"ER_BAD_FIELD_ERROR","errno":1054,"sqlState":"42S22","sqlMessage":"Unknown column 'posts.posted_at' in 'field list'","sql":"SELECT `posts`.*, `image`.`id` AS `image.id`, `image`.`filename` AS `image.filename`, `image`.`disk` AS `image.disk`, `image`.`folder_id` AS `image.folder_id`, `image`.`path` AS `image.path`, `image`.`extension` AS `image.extension`, `image`.`mime` AS `image.mime`, `image`.`size` AS `image.size`, `image`.`width` AS `image.width`, `image`.`height` AS `image.height`, `image`.`alt` AS `image.alt`, `image`.`creator` AS `image.creator`, `image`.`editor` AS `image.editor`, `image`.`createdAt` AS `image.createdAt`, `image`.`updatedAt` AS `image.updatedAt`, `category->translations`.`id` AS `category.translations.id`, `category->translations`.`slug` AS `category.translations.slug`, `category->translations`.`category_id` AS `category.translations.category_id`, `category->translations`.`locale` AS `category.translations.locale`, `category->translations`.`name` AS `category.translations.name`, `category->translations`.`description` AS `category.translations.description`, `translations`.`id` AS `translations.id`, `translations`.`post_id` AS `translations.post_id`, `translations`.`locale` AS `translations.locale`, `translations`.`name` AS `translations.name`, `translations`.`content` AS `translations.content`, `translations`.`description` AS `translations.description`, `translations`.`slug` AS `translations.slug`, `translations`.`custom_slug` AS `translations.custom_slug`, `translations`.`meta_title` AS `translations.meta_title`, `translations`.`meta_description` AS `translations.meta_description`, `translations`.`meta_keyword` AS `translations.meta_keyword`, `translations`.`meta_robots` AS `translations.meta_robots`, `translations`.`canonica_link` AS `translations.canonica_link`, `translations`.`meta_image` AS `translations.meta_image`, `translations`.`meta_viewport` AS `translations.meta_viewport` FROM (SELECT `posts`.`id`, `posts`.`thumbnail`, `posts`.`category_id`, `posts`.`ceo_id`, `posts`.`related`, `posts`.`banner`, `posts`.`isFeatured`, `posts`.`status`, `posts`.`posted_at`, `posts`.`createdAt`, `posts`.`updatedAt`, `category`.`id` AS `category.id`, `category`.`status` AS `category.status`, `category`.`type` AS `category.type`, `category`.`createdAt` AS `category.createdAt`, `category`.`updatedAt` AS `category.updatedAt` FROM `posts` AS `posts` LEFT OUTER JOIN `categories` AS `category` ON `posts`.`category_id` = `category`.`id` WHERE ( SELECT `post_id` FROM `post_translation` AS `translations` WHERE (`translations`.`locale` = 'vi' AND `translations`.`post_id` = `posts`.`id`) LIMIT 1 ) IS NOT NULL ORDER BY `posts`.`createdAt` DESC LIMIT 0, 10) AS `posts` LEFT OUTER JOIN `medias` AS `image` ON `posts`.`thumbnail` = `image`.`id` INNER JOIN `category_translation` AS `category->translations` ON `category.id` = `category->translations`.`category_id` AND `category->translations`.`locale` = 'vi' INNER JOIN `post_translation` AS `translations` ON `posts`.`id` = `translations`.`post_id` AND `translations`.`locale` = 'vi' ORDER BY `posts`.`createdAt` DESC;"},"original":{"code":"ER_BAD_FIELD_ERROR","errno":1054,"sqlState":"42S22","sqlMessage":"Unknown column 'posts.posted_at' in 'field list'","sql":"SELECT `posts`.*, `image`.`id` AS `image.id`, `image`.`filename` AS `image.filename`, `image`.`disk` AS `image.disk`, `image`.`folder_id` AS `image.folder_id`, `image`.`path` AS `image.path`, `image`.`extension` AS `image.extension`, `image`.`mime` AS `image.mime`, `image`.`size` AS `image.size`, `image`.`width` AS `image.width`, `image`.`height` AS `image.height`, `image`.`alt` AS `image.alt`, `image`.`creator` AS `image.creator`, `image`.`editor` AS `image.editor`, `image`.`createdAt` AS `image.createdAt`, `image`.`updatedAt` AS `image.updatedAt`, `category->translations`.`id` AS `category.translations.id`, `category->translations`.`slug` AS `category.translations.slug`, `category->translations`.`category_id` AS `category.translations.category_id`, `category->translations`.`locale` AS `category.translations.locale`, `category->translations`.`name` AS `category.translations.name`, `category->translations`.`description` AS `category.translations.description`, `translations`.`id` AS `translations.id`, `translations`.`post_id` AS `translations.post_id`, `translations`.`locale` AS `translations.locale`, `translations`.`name` AS `translations.name`, `translations`.`content` AS `translations.content`, `translations`.`description` AS `translations.description`, `translations`.`slug` AS `translations.slug`, `translations`.`custom_slug` AS `translations.custom_slug`, `translations`.`meta_title` AS `translations.meta_title`, `translations`.`meta_description` AS `translations.meta_description`, `translations`.`meta_keyword` AS `translations.meta_keyword`, `translations`.`meta_robots` AS `translations.meta_robots`, `translations`.`canonica_link` AS `translations.canonica_link`, `translations`.`meta_image` AS `translations.meta_image`, `translations`.`meta_viewport` AS `translations.meta_viewport` FROM (SELECT `posts`.`id`, `posts`.`thumbnail`, `posts`.`category_id`, `posts`.`ceo_id`, `posts`.`related`, `posts`.`banner`, `posts`.`isFeatured`, `posts`.`status`, `posts`.`posted_at`, `posts`.`createdAt`, `posts`.`updatedAt`, `category`.`id` AS `category.id`, `category`.`status` AS `category.status`, `category`.`type` AS `category.type`, `category`.`createdAt` AS `category.createdAt`, `category`.`updatedAt` AS `category.updatedAt` FROM `posts` AS `posts` LEFT OUTER JOIN `categories` AS `category` ON `posts`.`category_id` = `category`.`id` WHERE ( SELECT `post_id` FROM `post_translation` AS `translations` WHERE (`translations`.`locale` = 'vi' AND `translations`.`post_id` = `posts`.`id`) LIMIT 1 ) IS NOT NULL ORDER BY `posts`.`createdAt` DESC LIMIT 0, 10) AS `posts` LEFT OUTER JOIN `medias` AS `image` ON `posts`.`thumbnail` = `image`.`id` INNER JOIN `category_translation` AS `category->translations` ON `category.id` = `category->translations`.`category_id` AND `category->translations`.`locale` = 'vi' INNER JOIN `post_translation` AS `translations` ON `posts`.`id` = `translations`.`post_id` AND `translations`.`locale` = 'vi' ORDER BY `posts`.`createdAt` DESC;"},"sql":"SELECT `posts`.*, `image`.`id` AS `image.id`, `image`.`filename` AS `image.filename`, `image`.`disk` AS `image.disk`, `image`.`folder_id` AS `image.folder_id`, `image`.`path` AS `image.path`, `image`.`extension` AS `image.extension`, `image`.`mime` AS `image.mime`, `image`.`size` AS `image.size`, `image`.`width` AS `image.width`, `image`.`height` AS `image.height`, `image`.`alt` AS `image.alt`, `image`.`creator` AS `image.creator`, `image`.`editor` AS `image.editor`, `image`.`createdAt` AS `image.createdAt`, `image`.`updatedAt` AS `image.updatedAt`, `category->translations`.`id` AS `category.translations.id`, `category->translations`.`slug` AS `category.translations.slug`, `category->translations`.`category_id` AS `category.translations.category_id`, `category->translations`.`locale` AS `category.translations.locale`, `category->translations`.`name` AS `category.translations.name`, `category->translations`.`description` AS `category.translations.description`, `translations`.`id` AS `translations.id`, `translations`.`post_id` AS `translations.post_id`, `translations`.`locale` AS `translations.locale`, `translations`.`name` AS `translations.name`, `translations`.`content` AS `translations.content`, `translations`.`description` AS `translations.description`, `translations`.`slug` AS `translations.slug`, `translations`.`custom_slug` AS `translations.custom_slug`, `translations`.`meta_title` AS `translations.meta_title`, `translations`.`meta_description` AS `translations.meta_description`, `translations`.`meta_keyword` AS `translations.meta_keyword`, `translations`.`meta_robots` AS `translations.meta_robots`, `translations`.`canonica_link` AS `translations.canonica_link`, `translations`.`meta_image` AS `translations.meta_image`, `translations`.`meta_viewport` AS `translations.meta_viewport` FROM (SELECT `posts`.`id`, `posts`.`thumbnail`, `posts`.`category_id`, `posts`.`ceo_id`, `posts`.`related`, `posts`.`banner`, `posts`.`isFeatured`, `posts`.`status`, `posts`.`posted_at`, `posts`.`createdAt`, `posts`.`updatedAt`, `category`.`id` AS `category.id`, `category`.`status` AS `category.status`, `category`.`type` AS `category.type`, `category`.`createdAt` AS `category.createdAt`, `category`.`updatedAt` AS `category.updatedAt` FROM `posts` AS `posts` LEFT OUTER JOIN `categories` AS `category` ON `posts`.`category_id` = `category`.`id` WHERE ( SELECT `post_id` FROM `post_translation` AS `translations` WHERE (`translations`.`locale` = 'vi' AND `translations`.`post_id` = `posts`.`id`) LIMIT 1 ) IS NOT NULL ORDER BY `posts`.`createdAt` DESC LIMIT 0, 10) AS `posts` LEFT OUTER JOIN `medias` AS `image` ON `posts`.`thumbnail` = `image`.`id` INNER JOIN `category_translation` AS `category->translations` ON `category.id` = `category->translations`.`category_id` AND `category->translations`.`locale` = 'vi' INNER JOIN `post_translation` AS `translations` ON `posts`.`id` = `translations`.`post_id` AND `translations`.`locale` = 'vi' ORDER BY `posts`.`createdAt` DESC;","parameters":{}}
2023-04-17 19:40:29 error: Unknown column 'posts.posted_at' in 'field list'
2023-04-17 19:40:29 error: {"name":"SequelizeDatabaseError","parent":{"code":"ER_BAD_FIELD_ERROR","errno":1054,"sqlState":"42S22","sqlMessage":"Unknown column 'posts.posted_at' in 'field list'","sql":"SELECT `posts`.*, `image`.`id` AS `image.id`, `image`.`filename` AS `image.filename`, `image`.`disk` AS `image.disk`, `image`.`folder_id` AS `image.folder_id`, `image`.`path` AS `image.path`, `image`.`extension` AS `image.extension`, `image`.`mime` AS `image.mime`, `image`.`size` AS `image.size`, `image`.`width` AS `image.width`, `image`.`height` AS `image.height`, `image`.`alt` AS `image.alt`, `image`.`creator` AS `image.creator`, `image`.`editor` AS `image.editor`, `image`.`createdAt` AS `image.createdAt`, `image`.`updatedAt` AS `image.updatedAt`, `category->translations`.`id` AS `category.translations.id`, `category->translations`.`slug` AS `category.translations.slug`, `category->translations`.`category_id` AS `category.translations.category_id`, `category->translations`.`locale` AS `category.translations.locale`, `category->translations`.`name` AS `category.translations.name`, `category->translations`.`description` AS `category.translations.description`, `translations`.`id` AS `translations.id`, `translations`.`post_id` AS `translations.post_id`, `translations`.`locale` AS `translations.locale`, `translations`.`name` AS `translations.name`, `translations`.`content` AS `translations.content`, `translations`.`description` AS `translations.description`, `translations`.`slug` AS `translations.slug`, `translations`.`custom_slug` AS `translations.custom_slug`, `translations`.`meta_title` AS `translations.meta_title`, `translations`.`meta_description` AS `translations.meta_description`, `translations`.`meta_keyword` AS `translations.meta_keyword`, `translations`.`meta_robots` AS `translations.meta_robots`, `translations`.`canonica_link` AS `translations.canonica_link`, `translations`.`meta_image` AS `translations.meta_image`, `translations`.`meta_viewport` AS `translations.meta_viewport` FROM (SELECT `posts`.`id`, `posts`.`thumbnail`, `posts`.`category_id`, `posts`.`ceo_id`, `posts`.`related`, `posts`.`banner`, `posts`.`isFeatured`, `posts`.`status`, `posts`.`posted_at`, `posts`.`createdAt`, `posts`.`updatedAt`, `category`.`id` AS `category.id`, `category`.`status` AS `category.status`, `category`.`type` AS `category.type`, `category`.`createdAt` AS `category.createdAt`, `category`.`updatedAt` AS `category.updatedAt` FROM `posts` AS `posts` LEFT OUTER JOIN `categories` AS `category` ON `posts`.`category_id` = `category`.`id` WHERE ( SELECT `post_id` FROM `post_translation` AS `translations` WHERE (`translations`.`locale` = 'vi' AND `translations`.`post_id` = `posts`.`id`) LIMIT 1 ) IS NOT NULL ORDER BY `posts`.`createdAt` DESC LIMIT 0, 10) AS `posts` LEFT OUTER JOIN `medias` AS `image` ON `posts`.`thumbnail` = `image`.`id` INNER JOIN `category_translation` AS `category->translations` ON `category.id` = `category->translations`.`category_id` AND `category->translations`.`locale` = 'vi' INNER JOIN `post_translation` AS `translations` ON `posts`.`id` = `translations`.`post_id` AND `translations`.`locale` = 'vi' ORDER BY `posts`.`createdAt` DESC;"},"original":{"code":"ER_BAD_FIELD_ERROR","errno":1054,"sqlState":"42S22","sqlMessage":"Unknown column 'posts.posted_at' in 'field list'","sql":"SELECT `posts`.*, `image`.`id` AS `image.id`, `image`.`filename` AS `image.filename`, `image`.`disk` AS `image.disk`, `image`.`folder_id` AS `image.folder_id`, `image`.`path` AS `image.path`, `image`.`extension` AS `image.extension`, `image`.`mime` AS `image.mime`, `image`.`size` AS `image.size`, `image`.`width` AS `image.width`, `image`.`height` AS `image.height`, `image`.`alt` AS `image.alt`, `image`.`creator` AS `image.creator`, `image`.`editor` AS `image.editor`, `image`.`createdAt` AS `image.createdAt`, `image`.`updatedAt` AS `image.updatedAt`, `category->translations`.`id` AS `category.translations.id`, `category->translations`.`slug` AS `category.translations.slug`, `category->translations`.`category_id` AS `category.translations.category_id`, `category->translations`.`locale` AS `category.translations.locale`, `category->translations`.`name` AS `category.translations.name`, `category->translations`.`description` AS `category.translations.description`, `translations`.`id` AS `translations.id`, `translations`.`post_id` AS `translations.post_id`, `translations`.`locale` AS `translations.locale`, `translations`.`name` AS `translations.name`, `translations`.`content` AS `translations.content`, `translations`.`description` AS `translations.description`, `translations`.`slug` AS `translations.slug`, `translations`.`custom_slug` AS `translations.custom_slug`, `translations`.`meta_title` AS `translations.meta_title`, `translations`.`meta_description` AS `translations.meta_description`, `translations`.`meta_keyword` AS `translations.meta_keyword`, `translations`.`meta_robots` AS `translations.meta_robots`, `translations`.`canonica_link` AS `translations.canonica_link`, `translations`.`meta_image` AS `translations.meta_image`, `translations`.`meta_viewport` AS `translations.meta_viewport` FROM (SELECT `posts`.`id`, `posts`.`thumbnail`, `posts`.`category_id`, `posts`.`ceo_id`, `posts`.`related`, `posts`.`banner`, `posts`.`isFeatured`, `posts`.`status`, `posts`.`posted_at`, `posts`.`createdAt`, `posts`.`updatedAt`, `category`.`id` AS `category.id`, `category`.`status` AS `category.status`, `category`.`type` AS `category.type`, `category`.`createdAt` AS `category.createdAt`, `category`.`updatedAt` AS `category.updatedAt` FROM `posts` AS `posts` LEFT OUTER JOIN `categories` AS `category` ON `posts`.`category_id` = `category`.`id` WHERE ( SELECT `post_id` FROM `post_translation` AS `translations` WHERE (`translations`.`locale` = 'vi' AND `translations`.`post_id` = `posts`.`id`) LIMIT 1 ) IS NOT NULL ORDER BY `posts`.`createdAt` DESC LIMIT 0, 10) AS `posts` LEFT OUTER JOIN `medias` AS `image` ON `posts`.`thumbnail` = `image`.`id` INNER JOIN `category_translation` AS `category->translations` ON `category.id` = `category->translations`.`category_id` AND `category->translations`.`locale` = 'vi' INNER JOIN `post_translation` AS `translations` ON `posts`.`id` = `translations`.`post_id` AND `translations`.`locale` = 'vi' ORDER BY `posts`.`createdAt` DESC;"},"sql":"SELECT `posts`.*, `image`.`id` AS `image.id`, `image`.`filename` AS `image.filename`, `image`.`disk` AS `image.disk`, `image`.`folder_id` AS `image.folder_id`, `image`.`path` AS `image.path`, `image`.`extension` AS `image.extension`, `image`.`mime` AS `image.mime`, `image`.`size` AS `image.size`, `image`.`width` AS `image.width`, `image`.`height` AS `image.height`, `image`.`alt` AS `image.alt`, `image`.`creator` AS `image.creator`, `image`.`editor` AS `image.editor`, `image`.`createdAt` AS `image.createdAt`, `image`.`updatedAt` AS `image.updatedAt`, `category->translations`.`id` AS `category.translations.id`, `category->translations`.`slug` AS `category.translations.slug`, `category->translations`.`category_id` AS `category.translations.category_id`, `category->translations`.`locale` AS `category.translations.locale`, `category->translations`.`name` AS `category.translations.name`, `category->translations`.`description` AS `category.translations.description`, `translations`.`id` AS `translations.id`, `translations`.`post_id` AS `translations.post_id`, `translations`.`locale` AS `translations.locale`, `translations`.`name` AS `translations.name`, `translations`.`content` AS `translations.content`, `translations`.`description` AS `translations.description`, `translations`.`slug` AS `translations.slug`, `translations`.`custom_slug` AS `translations.custom_slug`, `translations`.`meta_title` AS `translations.meta_title`, `translations`.`meta_description` AS `translations.meta_description`, `translations`.`meta_keyword` AS `translations.meta_keyword`, `translations`.`meta_robots` AS `translations.meta_robots`, `translations`.`canonica_link` AS `translations.canonica_link`, `translations`.`meta_image` AS `translations.meta_image`, `translations`.`meta_viewport` AS `translations.meta_viewport` FROM (SELECT `posts`.`id`, `posts`.`thumbnail`, `posts`.`category_id`, `posts`.`ceo_id`, `posts`.`related`, `posts`.`banner`, `posts`.`isFeatured`, `posts`.`status`, `posts`.`posted_at`, `posts`.`createdAt`, `posts`.`updatedAt`, `category`.`id` AS `category.id`, `category`.`status` AS `category.status`, `category`.`type` AS `category.type`, `category`.`createdAt` AS `category.createdAt`, `category`.`updatedAt` AS `category.updatedAt` FROM `posts` AS `posts` LEFT OUTER JOIN `categories` AS `category` ON `posts`.`category_id` = `category`.`id` WHERE ( SELECT `post_id` FROM `post_translation` AS `translations` WHERE (`translations`.`locale` = 'vi' AND `translations`.`post_id` = `posts`.`id`) LIMIT 1 ) IS NOT NULL ORDER BY `posts`.`createdAt` DESC LIMIT 0, 10) AS `posts` LEFT OUTER JOIN `medias` AS `image` ON `posts`.`thumbnail` = `image`.`id` INNER JOIN `category_translation` AS `category->translations` ON `category.id` = `category->translations`.`category_id` AND `category->translations`.`locale` = 'vi' INNER JOIN `post_translation` AS `translations` ON `posts`.`id` = `translations`.`post_id` AND `translations`.`locale` = 'vi' ORDER BY `posts`.`createdAt` DESC;","parameters":{}}
2023-04-17 19:40:40 error: Unknown column 'posts.posted_at' in 'field list'
2023-04-17 19:41:00 error: Cannot read properties of null (reading 'translations')
2023-04-17 19:41:02 error: Cannot read properties of null (reading 'translations')
2023-04-17 19:41:02 error: Cannot read properties of null (reading 'translations')
2023-04-17 19:42:50 error: Cannot read properties of null (reading 'translations')
2023-04-17 19:43:29 error: Cannot read properties of null (reading 'translations')
2023-04-17 19:44:03 error: Cannot read properties of null (reading 'translations')
2023-04-17 19:44:04 error: Cannot read properties of null (reading 'translations')
2023-04-17 19:44:04 error: Cannot read properties of null (reading 'translations')
2023-04-17 19:45:08 error: Cannot read properties of null (reading 'translations')
2023-04-17 19:53:15 error: Cannot read properties of null (reading 'translations')
2023-04-17 19:53:27 error: Cannot read properties of null (reading 'translations')
2023-04-17 19:56:20 error: Cannot read properties of undefined (reading 'translations')
2023-04-17 19:56:22 error: Cannot read properties of undefined (reading 'translations')
2023-04-17 20:00:23 error: Cannot read properties of undefined (reading 'translations')
2023-04-17 20:01:41 error: Cannot read properties of undefined (reading 'translations')
2023-04-17 20:01:43 error: Cannot read properties of undefined (reading 'translations')
2023-04-17 20:02:21 error: Cannot read properties of null (reading 'translations')
2023-04-17 20:02:22 error: Cannot read properties of null (reading 'translations')
2023-04-17 20:02:22 error: Cannot read properties of null (reading 'translations')
2023-04-17 20:02:22 error: Cannot read properties of null (reading 'translations')
2023-04-17 20:02:26 error: Cannot read properties of null (reading 'translations')
2023-04-17 20:02:29 error: Cannot read properties of null (reading 'translations')
2023-04-17 20:03:40 error: Cannot read properties of null (reading 'name')
2023-04-17 20:06:27 error: uncaughtException: тип Unable to compile TypeScript:
[96msrc/services/post.service.ts[0m:[93m148[0m:[93m25[0m - [91merror[0m[90m TS2304: [0mCannot find name 'sequelize'.

[7m148[0m         const t = await sequelize.transaction();
[7m   [0m [91m                        ~~~~~~~~~[0m

TSError: тип Unable to compile TypeScript:
[96msrc/services/post.service.ts[0m:[93m148[0m:[93m25[0m - [91merror[0m[90m TS2304: [0mCannot find name 'sequelize'.

[7m148[0m         const t = await sequelize.transaction();
[7m   [0m [91m                        ~~~~~~~~~[0m

    at createTSError (/Users/toannguyen/Documents/Source/tn-uptech-backend/node_modules/ts-node/src/index.ts:859:12)
    at reportTSError (/Users/toannguyen/Documents/Source/tn-uptech-backend/node_modules/ts-node/src/index.ts:863:19)
    at getOutput (/Users/toannguyen/Documents/Source/tn-uptech-backend/node_modules/ts-node/src/index.ts:1077:36)
    at Object.compile (/Users/toannguyen/Documents/Source/tn-uptech-backend/node_modules/ts-node/src/index.ts:1433:41)
    at Module.m._compile (/Users/toannguyen/Documents/Source/tn-uptech-backend/node_modules/ts-node/src/index.ts:1617:30)
    at Module._extensions..js (node:internal/modules/cjs/loader:1245:10)
    at Object.require.extensions.<computed> [as .ts] (/Users/toannguyen/Documents/Source/tn-uptech-backend/node_modules/ts-node/src/index.ts:1621:12)
    at Module.load (node:internal/modules/cjs/loader:1069:32)
    at Function.Module._load (node:internal/modules/cjs/loader:904:12)
    at Module.require (node:internal/modules/cjs/loader:1093:19)
2023-04-17 21:29:40 error: {}
2023-04-17 21:29:41 error: {}
2023-04-17 21:34:09 error: {}
2023-04-17 21:34:25 error: {}
2023-04-17 21:34:26 error: {}
2023-04-17 21:34:44 error: {}
2023-04-17 21:34:58 error: {}
2023-04-17 21:37:23 error: {"name":"SequelizeUniqueConstraintError","errors":[{"message":"custom_slug must be unique","type":"unique violation","path":"custom_slug","value":"name-vi","origin":"DB","instance":null,"validatorKey":"not_unique","validatorName":null,"validatorArgs":[]}],"parent":{"code":"ER_DUP_ENTRY","errno":1062,"sqlState":"23000","sqlMessage":"Duplicate entry 'name-vi' for key 'post_translation.custom_slug'","sql":"UPDATE `post_translation` SET `name`=?,`content`=?,`description`=?,`meta_title`=?,`meta_description`=?,`meta_keyword`=?,`meta_robots`=?,`canonica_link`=?,`meta_image`=?,`meta_viewport`=?,`slug`=?,`custom_slug`=? WHERE `post_id` = ? AND `locale` = ?","parameters":["Name Vi","content vi","description vi","","","","","","","","name-test-2-vi","name-vi","2","vi"]},"original":{"code":"ER_DUP_ENTRY","errno":1062,"sqlState":"23000","sqlMessage":"Duplicate entry 'name-vi' for key 'post_translation.custom_slug'","sql":"UPDATE `post_translation` SET `name`=?,`content`=?,`description`=?,`meta_title`=?,`meta_description`=?,`meta_keyword`=?,`meta_robots`=?,`canonica_link`=?,`meta_image`=?,`meta_viewport`=?,`slug`=?,`custom_slug`=? WHERE `post_id` = ? AND `locale` = ?","parameters":["Name Vi","content vi","description vi","","","","","","","","name-test-2-vi","name-vi","2","vi"]},"fields":{"custom_slug":"name-vi"},"sql":"UPDATE `post_translation` SET `name`=?,`content`=?,`description`=?,`meta_title`=?,`meta_description`=?,`meta_keyword`=?,`meta_robots`=?,`canonica_link`=?,`meta_image`=?,`meta_viewport`=?,`slug`=?,`custom_slug`=? WHERE `post_id` = ? AND `locale` = ?"}
2023-04-17 21:38:53 error: {"name":"SequelizeUniqueConstraintError","errors":[{"message":"slug must be unique","type":"unique violation","path":"slug","value":"name-test-1-en","origin":"DB","instance":null,"validatorKey":"not_unique","validatorName":null,"validatorArgs":[]}],"parent":{"code":"ER_DUP_ENTRY","errno":1062,"sqlState":"23000","sqlMessage":"Duplicate entry 'name-test-1-en' for key 'post_translation.slug'","sql":"UPDATE `post_translation` SET `name`=?,`content`=?,`description`=?,`meta_title`=?,`meta_description`=?,`meta_keyword`=?,`meta_robots`=?,`canonica_link`=?,`meta_image`=?,`meta_viewport`=?,`slug`=?,`custom_slug`=? WHERE `post_id` = ? AND `locale` = ?","parameters":["Name En","content en","description en","Name En","Name En","","Name En","Name En","Name En","","name-test-1-en","name-en","1","vi"]},"original":{"code":"ER_DUP_ENTRY","errno":1062,"sqlState":"23000","sqlMessage":"Duplicate entry 'name-test-1-en' for key 'post_translation.slug'","sql":"UPDATE `post_translation` SET `name`=?,`content`=?,`description`=?,`meta_title`=?,`meta_description`=?,`meta_keyword`=?,`meta_robots`=?,`canonica_link`=?,`meta_image`=?,`meta_viewport`=?,`slug`=?,`custom_slug`=? WHERE `post_id` = ? AND `locale` = ?","parameters":["Name En","content en","description en","Name En","Name En","","Name En","Name En","Name En","","name-test-1-en","name-en","1","vi"]},"fields":{"slug":"name-test-1-en"},"sql":"UPDATE `post_translation` SET `name`=?,`content`=?,`description`=?,`meta_title`=?,`meta_description`=?,`meta_keyword`=?,`meta_robots`=?,`canonica_link`=?,`meta_image`=?,`meta_viewport`=?,`slug`=?,`custom_slug`=? WHERE `post_id` = ? AND `locale` = ?"}
2023-04-17 21:54:54 error: uncaughtException: тип Unable to compile TypeScript:
[96msrc/services/categories.service.ts[0m:[93m95[0m:[93m24[0m - [91merror[0m[90m TS2304: [0mCannot find name 'queryTranslation'.

[7m95[0m                 where: queryTranslation
[7m  [0m [91m                       ~~~~~~~~~~~~~~~~[0m

TSError: тип Unable to compile TypeScript:
[96msrc/services/categories.service.ts[0m:[93m95[0m:[93m24[0m - [91merror[0m[90m TS2304: [0mCannot find name 'queryTranslation'.

[7m95[0m                 where: queryTranslation
[7m  [0m [91m                       ~~~~~~~~~~~~~~~~[0m

    at createTSError (/Users/toannguyen/Documents/Source/tn-uptech-backend/node_modules/ts-node/src/index.ts:859:12)
    at reportTSError (/Users/toannguyen/Documents/Source/tn-uptech-backend/node_modules/ts-node/src/index.ts:863:19)
    at getOutput (/Users/toannguyen/Documents/Source/tn-uptech-backend/node_modules/ts-node/src/index.ts:1077:36)
    at Object.compile (/Users/toannguyen/Documents/Source/tn-uptech-backend/node_modules/ts-node/src/index.ts:1433:41)
    at Module.m._compile (/Users/toannguyen/Documents/Source/tn-uptech-backend/node_modules/ts-node/src/index.ts:1617:30)
    at Module._extensions..js (node:internal/modules/cjs/loader:1245:10)
    at Object.require.extensions.<computed> [as .ts] (/Users/toannguyen/Documents/Source/tn-uptech-backend/node_modules/ts-node/src/index.ts:1621:12)
    at Module.load (node:internal/modules/cjs/loader:1069:32)
    at Function.Module._load (node:internal/modules/cjs/loader:904:12)
    at Module.require (node:internal/modules/cjs/loader:1093:19)
2023-04-17 21:55:18 error: uncaughtException: тип Unable to compile TypeScript:
[96msrc/services/categories.service.ts[0m:[93m99[0m:[93m31[0m - [91merror[0m[90m TS2304: [0mCannot find name 'rows'.

[7m99[0m         const transformData = rows.map((item) => {
[7m  [0m [91m                              ~~~~[0m

TSError: тип Unable to compile TypeScript:
[96msrc/services/categories.service.ts[0m:[93m99[0m:[93m31[0m - [91merror[0m[90m TS2304: [0mCannot find name 'rows'.

[7m99[0m         const transformData = rows.map((item) => {
[7m  [0m [91m                              ~~~~[0m

    at createTSError (/Users/toannguyen/Documents/Source/tn-uptech-backend/node_modules/ts-node/src/index.ts:859:12)
    at reportTSError (/Users/toannguyen/Documents/Source/tn-uptech-backend/node_modules/ts-node/src/index.ts:863:19)
    at getOutput (/Users/toannguyen/Documents/Source/tn-uptech-backend/node_modules/ts-node/src/index.ts:1077:36)
    at Object.compile (/Users/toannguyen/Documents/Source/tn-uptech-backend/node_modules/ts-node/src/index.ts:1433:41)
    at Module.m._compile (/Users/toannguyen/Documents/Source/tn-uptech-backend/node_modules/ts-node/src/index.ts:1617:30)
    at Module._extensions..js (node:internal/modules/cjs/loader:1245:10)
    at Object.require.extensions.<computed> [as .ts] (/Users/toannguyen/Documents/Source/tn-uptech-backend/node_modules/ts-node/src/index.ts:1621:12)
    at Module.load (node:internal/modules/cjs/loader:1069:32)
    at Function.Module._load (node:internal/modules/cjs/loader:904:12)
    at Module.require (node:internal/modules/cjs/loader:1093:19)
2023-04-17 21:56:02 error: uncaughtException: тип Unable to compile TypeScript:
[96msrc/services/categories.service.ts[0m:[93m102[0m:[93m19[0m - [91merror[0m[90m TS2304: [0mCannot find name 'translationData'.

[7m102[0m             name: translationData.name || "",
[7m   [0m [91m                  ~~~~~~~~~~~~~~~[0m
[96msrc/services/categories.service.ts[0m:[93m103[0m:[93m26[0m - [91merror[0m[90m TS2304: [0mCannot find name 'translationData'.

[7m103[0m             description: translationData.description || "",
[7m   [0m [91m                         ~~~~~~~~~~~~~~~[0m

TSError: тип Unable to compile TypeScript:
[96msrc/services/categories.service.ts[0m:[93m102[0m:[93m19[0m - [91merror[0m[90m TS2304: [0mCannot find name 'translationData'.

[7m102[0m             name: translationData.name || "",
[7m   [0m [91m                  ~~~~~~~~~~~~~~~[0m
[96msrc/services/categories.service.ts[0m:[93m103[0m:[93m26[0m - [91merror[0m[90m TS2304: [0mCannot find name 'translationData'.

[7m103[0m             description: translationData.description || "",
[7m   [0m [91m                         ~~~~~~~~~~~~~~~[0m

    at createTSError (/Users/toannguyen/Documents/Source/tn-uptech-backend/node_modules/ts-node/src/index.ts:859:12)
    at reportTSError (/Users/toannguyen/Documents/Source/tn-uptech-backend/node_modules/ts-node/src/index.ts:863:19)
    at getOutput (/Users/toannguyen/Documents/Source/tn-uptech-backend/node_modules/ts-node/src/index.ts:1077:36)
    at Object.compile (/Users/toannguyen/Documents/Source/tn-uptech-backend/node_modules/ts-node/src/index.ts:1433:41)
    at Module.m._compile (/Users/toannguyen/Documents/Source/tn-uptech-backend/node_modules/ts-node/src/index.ts:1617:30)
    at Module._extensions..js (node:internal/modules/cjs/loader:1245:10)
    at Object.require.extensions.<computed> [as .ts] (/Users/toannguyen/Documents/Source/tn-uptech-backend/node_modules/ts-node/src/index.ts:1621:12)
    at Module.load (node:internal/modules/cjs/loader:1069:32)
    at Function.Module._load (node:internal/modules/cjs/loader:904:12)
    at Module.require (node:internal/modules/cjs/loader:1093:19)
2023-04-17 21:56:16 error: uncaughtException: тип Unable to compile TypeScript:
[96msrc/services/categories.service.ts[0m:[93m102[0m:[93m19[0m - [91merror[0m[90m TS2304: [0mCannot find name 'translationData'.

[7m102[0m             name: translationData.name || "",
[7m   [0m [91m                  ~~~~~~~~~~~~~~~[0m
[96msrc/services/categories.service.ts[0m:[93m103[0m:[93m26[0m - [91merror[0m[90m TS2304: [0mCannot find name 'translationData'.

[7m103[0m             description: translationData.description || "",
[7m   [0m [91m                         ~~~~~~~~~~~~~~~[0m

TSError: тип Unable to compile TypeScript:
[96msrc/services/categories.service.ts[0m:[93m102[0m:[93m19[0m - [91merror[0m[90m TS2304: [0mCannot find name 'translationData'.

[7m102[0m             name: translationData.name || "",
[7m   [0m [91m                  ~~~~~~~~~~~~~~~[0m
[96msrc/services/categories.service.ts[0m:[93m103[0m:[93m26[0m - [91merror[0m[90m TS2304: [0mCannot find name 'translationData'.

[7m103[0m             description: translationData.description || "",
[7m   [0m [91m                         ~~~~~~~~~~~~~~~[0m

    at createTSError (/Users/toannguyen/Documents/Source/tn-uptech-backend/node_modules/ts-node/src/index.ts:859:12)
    at reportTSError (/Users/toannguyen/Documents/Source/tn-uptech-backend/node_modules/ts-node/src/index.ts:863:19)
    at getOutput (/Users/toannguyen/Documents/Source/tn-uptech-backend/node_modules/ts-node/src/index.ts:1077:36)
    at Object.compile (/Users/toannguyen/Documents/Source/tn-uptech-backend/node_modules/ts-node/src/index.ts:1433:41)
    at Module.m._compile (/Users/toannguyen/Documents/Source/tn-uptech-backend/node_modules/ts-node/src/index.ts:1617:30)
    at Module._extensions..js (node:internal/modules/cjs/loader:1245:10)
    at Object.require.extensions.<computed> [as .ts] (/Users/toannguyen/Documents/Source/tn-uptech-backend/node_modules/ts-node/src/index.ts:1621:12)
    at Module.load (node:internal/modules/cjs/loader:1069:32)
    at Function.Module._load (node:internal/modules/cjs/loader:904:12)
    at Module.require (node:internal/modules/cjs/loader:1093:19)
2023-04-17 22:52:25 error: uncaughtException: тип Unable to compile TypeScript:
[96msrc/route/job.route.ts[0m:[93m17[0m:[93m63[0m - [91merror[0m[90m TS2339: [0mProperty 'listFeatured' does not exist on type 'JobController'.

[7m17[0m         this.router.get(`${this.path}/listFeatured`, this.job.listFeatured);
[7m  [0m [91m                                                              ~~~~~~~~~~~~[0m

TSError: тип Unable to compile TypeScript:
[96msrc/route/job.route.ts[0m:[93m17[0m:[93m63[0m - [91merror[0m[90m TS2339: [0mProperty 'listFeatured' does not exist on type 'JobController'.

[7m17[0m         this.router.get(`${this.path}/listFeatured`, this.job.listFeatured);
[7m  [0m [91m                                                              ~~~~~~~~~~~~[0m

    at createTSError (/Users/toannguyen/Documents/Source/tn-uptech-backend/node_modules/ts-node/src/index.ts:859:12)
    at reportTSError (/Users/toannguyen/Documents/Source/tn-uptech-backend/node_modules/ts-node/src/index.ts:863:19)
    at getOutput (/Users/toannguyen/Documents/Source/tn-uptech-backend/node_modules/ts-node/src/index.ts:1077:36)
    at Object.compile (/Users/toannguyen/Documents/Source/tn-uptech-backend/node_modules/ts-node/src/index.ts:1433:41)
    at Module.m._compile (/Users/toannguyen/Documents/Source/tn-uptech-backend/node_modules/ts-node/src/index.ts:1617:30)
    at Module._extensions..js (node:internal/modules/cjs/loader:1245:10)
    at Object.require.extensions.<computed> [as .ts] (/Users/toannguyen/Documents/Source/tn-uptech-backend/node_modules/ts-node/src/index.ts:1621:12)
    at Module.load (node:internal/modules/cjs/loader:1069:32)
    at Function.Module._load (node:internal/modules/cjs/loader:904:12)
    at Module.require (node:internal/modules/cjs/loader:1093:19)
2023-04-17 22:53:18 error: uncaughtException: тип Unable to compile TypeScript:
[96msrc/modules/controllers/job.controller.ts[0m:[93m32[0m:[93m36[0m - [91merror[0m[90m TS2339: [0mProperty 'getListFeatured' does not exist on type 'JobService'.

[7m32[0m             const data = await job.getListFeatured();
[7m  [0m [91m                                   ~~~~~~~~~~~~~~~[0m

TSError: тип Unable to compile TypeScript:
[96msrc/modules/controllers/job.controller.ts[0m:[93m32[0m:[93m36[0m - [91merror[0m[90m TS2339: [0mProperty 'getListFeatured' does not exist on type 'JobService'.

[7m32[0m             const data = await job.getListFeatured();
[7m  [0m [91m                                   ~~~~~~~~~~~~~~~[0m

    at createTSError (/Users/toannguyen/Documents/Source/tn-uptech-backend/node_modules/ts-node/src/index.ts:859:12)
    at reportTSError (/Users/toannguyen/Documents/Source/tn-uptech-backend/node_modules/ts-node/src/index.ts:863:19)
    at getOutput (/Users/toannguyen/Documents/Source/tn-uptech-backend/node_modules/ts-node/src/index.ts:1077:36)
    at Object.compile (/Users/toannguyen/Documents/Source/tn-uptech-backend/node_modules/ts-node/src/index.ts:1433:41)
    at Module.m._compile (/Users/toannguyen/Documents/Source/tn-uptech-backend/node_modules/ts-node/src/index.ts:1617:30)
    at Module._extensions..js (node:internal/modules/cjs/loader:1245:10)
    at Object.require.extensions.<computed> [as .ts] (/Users/toannguyen/Documents/Source/tn-uptech-backend/node_modules/ts-node/src/index.ts:1621:12)
    at Module.load (node:internal/modules/cjs/loader:1069:32)
    at Function.Module._load (node:internal/modules/cjs/loader:904:12)
    at Module.require (node:internal/modules/cjs/loader:1093:19)
2023-04-17 22:53:59 error: uncaughtException: тип Unable to compile TypeScript:
[96msrc/services/job.service.ts[0m:[93m94[0m:[93m54[0m - [91merror[0m[90m TS2304: [0mCannot find name 'queryObject'.

[7m94[0m             excludedFields.forEach((field) => delete queryObject[field]);
[7m  [0m [91m                                                     ~~~~~~~~~~~[0m
[96msrc/services/job.service.ts[0m:[93m96[0m:[93m51[0m - [91merror[0m[90m TS2304: [0mCannot find name 'queryObject'.

[7m96[0m             const arrQueryObject = Object.entries(queryObject).map((item) => {
[7m  [0m [91m                                                  ~~~~~~~~~~~[0m
[96msrc/services/job.service.ts[0m:[93m109[0m:[93m29[0m - [91merror[0m[90m TS2304: [0mCannot find name 'conditions'.

[7m109[0m                             conditions["status"] = {
[7m   [0m [91m                            ~~~~~~~~~~[0m
[96msrc/services/job.service.ts[0m:[93m122[0m:[93m17[0m - [91merror[0m[90m TS2304: [0mCannot find name 'query'.

[7m122[0m             if (query.search) {
[7m   [0m [91m                ~~~~~[0m
[96msrc/services/job.service.ts[0m:[93m124[0m:[93m44[0m - [91merror[0m[90m TS2304: [0mCannot find name 'query'.

[7m124[0m                     name: { [Op.like]: `%${query.search}%` },
[7m   [0m [91m                                           ~~~~~[0m
[96msrc/services/job.service.ts[0m:[93m132[0m:[93m46[0m - [91merror[0m[90m TS2304: [0mCannot find name 'query'.

[7m132[0m             const objQuery = new ApiFeatures(query)
[7m   [0m [91m                                             ~~~~~[0m
[96msrc/services/job.service.ts[0m:[93m133[0m:[93m25[0m - [91merror[0m[90m TS2304: [0mCannot find name 'conditions'.

[7m133[0m                 .filter(conditions)
[7m   [0m [91m                        ~~~~~~~~~~[0m
[96msrc/services/job.service.ts[0m:[93m142[0m:[93m23[0m - [91merror[0m[90m TS2304: [0mCannot find name 'query'.

[7m142[0m                 .sort(query.sort_field || "createdAt", query.sort_order || "DESC")
[7m   [0m [91m                      ~~~~~[0m
[96msrc/services/job.service.ts[0m:[93m142[0m:[93m56[0m - [91merror[0m[90m TS2304: [0mCannot find name 'query'.

[7m142[0m                 .sort(query.sort_field || "createdAt", query.sort_order || "DESC")
[7m   [0m [91m                                                       ~~~~~[0m
[96msrc/services/job.service.ts[0m:[93m150[0m:[93m30[0m - [91merror[0m[90m TS2304: [0mCannot find name 'query'.

[7m150[0m                 page: Number(query?.page) * 1,
[7m   [0m [91m                             ~~~~~[0m
[96msrc/services/job.service.ts[0m:[93m151[0m:[93m34[0m - [91merror[0m[90m TS2304: [0mCannot find name 'query'.

[7m151[0m                 pageSize: Number(query?.page_size) * 1,
[7m   [0m [91m                                 ~~~~~[0m
[96msrc/services/job.service.ts[0m:[93m152[0m:[93m53[0m - [91merror[0m[90m TS2304: [0mCannot find name 'query'.

[7m152[0m                 pageCount: Math.ceil(count / Number(query?.page_size) * 1),
[7m   [0m [91m                                                    ~~~~~[0m

TSError: тип Unable to compile TypeScript:
[96msrc/services/job.service.ts[0m:[93m94[0m:[93m54[0m - [91merror[0m[90m TS2304: [0mCannot find name 'queryObject'.

[7m94[0m             excludedFields.forEach((field) => delete queryObject[field]);
[7m  [0m [91m                                                     ~~~~~~~~~~~[0m
[96msrc/services/job.service.ts[0m:[93m96[0m:[93m51[0m - [91merror[0m[90m TS2304: [0mCannot find name 'queryObject'.

[7m96[0m             const arrQueryObject = Object.entries(queryObject).map((item) => {
[7m  [0m [91m                                                  ~~~~~~~~~~~[0m
[96msrc/services/job.service.ts[0m:[93m109[0m:[93m29[0m - [91merror[0m[90m TS2304: [0mCannot find name 'conditions'.

[7m109[0m                             conditions["status"] = {
[7m   [0m [91m                            ~~~~~~~~~~[0m
[96msrc/services/job.service.ts[0m:[93m122[0m:[93m17[0m - [91merror[0m[90m TS2304: [0mCannot find name 'query'.

[7m122[0m             if (query.search) {
[7m   [0m [91m                ~~~~~[0m
[96msrc/services/job.service.ts[0m:[93m124[0m:[93m44[0m - [91merror[0m[90m TS2304: [0mCannot find name 'query'.

[7m124[0m                     name: { [Op.like]: `%${query.search}%` },
[7m   [0m [91m                                           ~~~~~[0m
[96msrc/services/job.service.ts[0m:[93m132[0m:[93m46[0m - [91merror[0m[90m TS2304: [0mCannot find name 'query'.

[7m132[0m             const objQuery = new ApiFeatures(query)
[7m   [0m [91m                                             ~~~~~[0m
[96msrc/services/job.service.ts[0m:[93m133[0m:[93m25[0m - [91merror[0m[90m TS2304: [0mCannot find name 'conditions'.

[7m133[0m                 .filter(conditions)
[7m   [0m [91m                        ~~~~~~~~~~[0m
[96msrc/services/job.service.ts[0m:[93m142[0m:[93m23[0m - [91merror[0m[90m TS2304: [0mCannot find name 'query'.

[7m142[0m                 .sort(query.sort_field || "createdAt", query.sort_order || "DESC")
[7m   [0m [91m                      ~~~~~[0m
[96msrc/services/job.service.ts[0m:[93m142[0m:[93m56[0m - [91merror[0m[90m TS2304: [0mCannot find name 'query'.

[7m142[0m                 .sort(query.sort_field || "createdAt", query.sort_order || "DESC")
[7m   [0m [91m                                                       ~~~~~[0m
[96msrc/services/job.service.ts[0m:[93m150[0m:[93m30[0m - [91merror[0m[90m TS2304: [0mCannot find name 'query'.

[7m150[0m                 page: Number(query?.page) * 1,
[7m   [0m [91m                             ~~~~~[0m
[96msrc/services/job.service.ts[0m:[93m151[0m:[93m34[0m - [91merror[0m[90m TS2304: [0mCannot find name 'query'.

[7m151[0m                 pageSize: Number(query?.page_size) * 1,
[7m   [0m [91m                                 ~~~~~[0m
[96msrc/services/job.service.ts[0m:[93m152[0m:[93m53[0m - [91merror[0m[90m TS2304: [0mCannot find name 'query'.

[7m152[0m                 pageCount: Math.ceil(count / Number(query?.page_size) * 1),
[7m   [0m [91m                                                    ~~~~~[0m

    at createTSError (/Users/toannguyen/Documents/Source/tn-uptech-backend/node_modules/ts-node/src/index.ts:859:12)
    at reportTSError (/Users/toannguyen/Documents/Source/tn-uptech-backend/node_modules/ts-node/src/index.ts:863:19)
    at getOutput (/Users/toannguyen/Documents/Source/tn-uptech-backend/node_modules/ts-node/src/index.ts:1077:36)
    at Object.compile (/Users/toannguyen/Documents/Source/tn-uptech-backend/node_modules/ts-node/src/index.ts:1433:41)
    at Module.m._compile (/Users/toannguyen/Documents/Source/tn-uptech-backend/node_modules/ts-node/src/index.ts:1617:30)
    at Module._extensions..js (node:internal/modules/cjs/loader:1245:10)
    at Object.require.extensions.<computed> [as .ts] (/Users/toannguyen/Documents/Source/tn-uptech-backend/node_modules/ts-node/src/index.ts:1621:12)
    at Module.load (node:internal/modules/cjs/loader:1069:32)
    at Function.Module._load (node:internal/modules/cjs/loader:904:12)
    at Module.require (node:internal/modules/cjs/loader:1093:19)
2023-04-17 22:54:25 error: uncaughtException: тип Unable to compile TypeScript:
[96msrc/services/job.service.ts[0m:[93m125[0m:[93m17[0m - [91merror[0m[90m TS2304: [0mCannot find name 'logger'.

[7m125[0m                 logger.error(JSON.stringify(error));
[7m   [0m [91m                ~~~~~~[0m

TSError: тип Unable to compile TypeScript:
[96msrc/services/job.service.ts[0m:[93m125[0m:[93m17[0m - [91merror[0m[90m TS2304: [0mCannot find name 'logger'.

[7m125[0m                 logger.error(JSON.stringify(error));
[7m   [0m [91m                ~~~~~~[0m

    at createTSError (/Users/toannguyen/Documents/Source/tn-uptech-backend/node_modules/ts-node/src/index.ts:859:12)
    at reportTSError (/Users/toannguyen/Documents/Source/tn-uptech-backend/node_modules/ts-node/src/index.ts:863:19)
    at getOutput (/Users/toannguyen/Documents/Source/tn-uptech-backend/node_modules/ts-node/src/index.ts:1077:36)
    at Object.compile (/Users/toannguyen/Documents/Source/tn-uptech-backend/node_modules/ts-node/src/index.ts:1433:41)
    at Module.m._compile (/Users/toannguyen/Documents/Source/tn-uptech-backend/node_modules/ts-node/src/index.ts:1617:30)
    at Module._extensions..js (node:internal/modules/cjs/loader:1245:10)
    at Object.require.extensions.<computed> [as .ts] (/Users/toannguyen/Documents/Source/tn-uptech-backend/node_modules/ts-node/src/index.ts:1621:12)
    at Module.load (node:internal/modules/cjs/loader:1069:32)
    at Function.Module._load (node:internal/modules/cjs/loader:904:12)
    at Module.require (node:internal/modules/cjs/loader:1093:19)
2023-04-17 23:16:29 error: uncaughtException: тип Unable to compile TypeScript:
[96msrc/services/job.service.ts[0m:[93m89[0m:[93m10[0m - [91merror[0m[90m TS2451: [0mCannot redeclare block-scoped variable 'rows'.

[7m89[0m    const rows = await models.Job.findAll({
[7m  [0m [91m         ~~~~[0m
[96msrc/services/job.service.ts[0m:[93m98[0m:[93m19[0m - [91merror[0m[90m TS2451: [0mCannot redeclare block-scoped variable 'rows'.

[7m98[0m             const rows = [];
[7m  [0m [91m                  ~~~~[0m
[96msrc/services/job.service.ts[0m:[93m99[0m:[93m24[0m - [91merror[0m[90m TS2304: [0mCannot find name 'jobs'.

[7m99[0m                 return jobs;
[7m  [0m [91m                       ~~~~[0m

TSError: тип Unable to compile TypeScript:
[96msrc/services/job.service.ts[0m:[93m89[0m:[93m10[0m - [91merror[0m[90m TS2451: [0mCannot redeclare block-scoped variable 'rows'.

[7m89[0m    const rows = await models.Job.findAll({
[7m  [0m [91m         ~~~~[0m
[96msrc/services/job.service.ts[0m:[93m98[0m:[93m19[0m - [91merror[0m[90m TS2451: [0mCannot redeclare block-scoped variable 'rows'.

[7m98[0m             const rows = [];
[7m  [0m [91m                  ~~~~[0m
[96msrc/services/job.service.ts[0m:[93m99[0m:[93m24[0m - [91merror[0m[90m TS2304: [0mCannot find name 'jobs'.

[7m99[0m                 return jobs;
[7m  [0m [91m                       ~~~~[0m

    at createTSError (/Users/toannguyen/Documents/Source/tn-uptech-backend/node_modules/ts-node/src/index.ts:859:12)
    at reportTSError (/Users/toannguyen/Documents/Source/tn-uptech-backend/node_modules/ts-node/src/index.ts:863:19)
    at getOutput (/Users/toannguyen/Documents/Source/tn-uptech-backend/node_modules/ts-node/src/index.ts:1077:36)
    at Object.compile (/Users/toannguyen/Documents/Source/tn-uptech-backend/node_modules/ts-node/src/index.ts:1433:41)
    at Module.m._compile (/Users/toannguyen/Documents/Source/tn-uptech-backend/node_modules/ts-node/src/index.ts:1617:30)
    at Module._extensions..js (node:internal/modules/cjs/loader:1245:10)
    at Object.require.extensions.<computed> [as .ts] (/Users/toannguyen/Documents/Source/tn-uptech-backend/node_modules/ts-node/src/index.ts:1621:12)
    at Module.load (node:internal/modules/cjs/loader:1069:32)
    at Function.Module._load (node:internal/modules/cjs/loader:904:12)
    at Module.require (node:internal/modules/cjs/loader:1093:19)
2023-04-17 23:50:46 error: uncaughtException: тип Unable to compile TypeScript:
[96msrc/dtos/job.dtos.ts[0m:[93m29[0m:[93m13[0m - [91merror[0m[90m TS1117: [0mAn object literal cannot have multiple properties with the same name.

[7m29[0m             slug: translationData.slug || "",
[7m  [0m [91m            ~~~~[0m
[96msrc/dtos/job.dtos.ts[0m:[93m30[0m:[93m13[0m - [91merror[0m[90m TS1117: [0mAn object literal cannot have multiple properties with the same name.

[7m30[0m             slug: translationData.slug || "",
[7m  [0m [91m            ~~~~[0m

TSError: тип Unable to compile TypeScript:
[96msrc/dtos/job.dtos.ts[0m:[93m29[0m:[93m13[0m - [91merror[0m[90m TS1117: [0mAn object literal cannot have multiple properties with the same name.

[7m29[0m             slug: translationData.slug || "",
[7m  [0m [91m            ~~~~[0m
[96msrc/dtos/job.dtos.ts[0m:[93m30[0m:[93m13[0m - [91merror[0m[90m TS1117: [0mAn object literal cannot have multiple properties with the same name.

[7m30[0m             slug: translationData.slug || "",
[7m  [0m [91m            ~~~~[0m

    at createTSError (/Users/toannguyen/Documents/Source/tn-uptech-backend/node_modules/ts-node/src/index.ts:859:12)
    at reportTSError (/Users/toannguyen/Documents/Source/tn-uptech-backend/node_modules/ts-node/src/index.ts:863:19)
    at getOutput (/Users/toannguyen/Documents/Source/tn-uptech-backend/node_modules/ts-node/src/index.ts:1077:36)
    at Object.compile (/Users/toannguyen/Documents/Source/tn-uptech-backend/node_modules/ts-node/src/index.ts:1433:41)
    at Module.m._compile (/Users/toannguyen/Documents/Source/tn-uptech-backend/node_modules/ts-node/src/index.ts:1617:30)
    at Module._extensions..js (node:internal/modules/cjs/loader:1245:10)
    at Object.require.extensions.<computed> [as .ts] (/Users/toannguyen/Documents/Source/tn-uptech-backend/node_modules/ts-node/src/index.ts:1621:12)
    at Module.load (node:internal/modules/cjs/loader:1069:32)
    at Function.Module._load (node:internal/modules/cjs/loader:904:12)
    at Module.require (node:internal/modules/cjs/loader:1093:19)
2023-04-17 23:52:58 error: uncaughtException: тип Unable to compile TypeScript:
[96msrc/services/job.service.ts[0m:[93m136[0m:[93m19[0m - [91merror[0m[90m TS2304: [0mCannot find name 't'.

[7m136[0m             await t.rollback();
[7m   [0m [91m                  ~[0m

TSError: тип Unable to compile TypeScript:
[96msrc/services/job.service.ts[0m:[93m136[0m:[93m19[0m - [91merror[0m[90m TS2304: [0mCannot find name 't'.

[7m136[0m             await t.rollback();
[7m   [0m [91m                  ~[0m

    at createTSError (/Users/toannguyen/Documents/Source/tn-uptech-backend/node_modules/ts-node/src/index.ts:859:12)
    at reportTSError (/Users/toannguyen/Documents/Source/tn-uptech-backend/node_modules/ts-node/src/index.ts:863:19)
    at getOutput (/Users/toannguyen/Documents/Source/tn-uptech-backend/node_modules/ts-node/src/index.ts:1077:36)
    at Object.compile (/Users/toannguyen/Documents/Source/tn-uptech-backend/node_modules/ts-node/src/index.ts:1433:41)
    at Module.m._compile (/Users/toannguyen/Documents/Source/tn-uptech-backend/node_modules/ts-node/src/index.ts:1617:30)
    at Module._extensions..js (node:internal/modules/cjs/loader:1245:10)
    at Object.require.extensions.<computed> [as .ts] (/Users/toannguyen/Documents/Source/tn-uptech-backend/node_modules/ts-node/src/index.ts:1621:12)
    at Module.load (node:internal/modules/cjs/loader:1069:32)
    at Function.Module._load (node:internal/modules/cjs/loader:904:12)
    at Module.require (node:internal/modules/cjs/loader:1093:19)
2023-04-17 23:53:28 error: uncaughtException: тип Unable to compile TypeScript:
[96msrc/services/job.service.ts[0m:[93m138[0m:[93m19[0m - [91merror[0m[90m TS2304: [0mCannot find name 't'.

[7m138[0m             await t.rollback();
[7m   [0m [91m                  ~[0m

TSError: тип Unable to compile TypeScript:
[96msrc/services/job.service.ts[0m:[93m138[0m:[93m19[0m - [91merror[0m[90m TS2304: [0mCannot find name 't'.

[7m138[0m             await t.rollback();
[7m   [0m [91m                  ~[0m

    at createTSError (/Users/toannguyen/Documents/Source/tn-uptech-backend/node_modules/ts-node/src/index.ts:859:12)
    at reportTSError (/Users/toannguyen/Documents/Source/tn-uptech-backend/node_modules/ts-node/src/index.ts:863:19)
    at getOutput (/Users/toannguyen/Documents/Source/tn-uptech-backend/node_modules/ts-node/src/index.ts:1077:36)
    at Object.compile (/Users/toannguyen/Documents/Source/tn-uptech-backend/node_modules/ts-node/src/index.ts:1433:41)
    at Module.m._compile (/Users/toannguyen/Documents/Source/tn-uptech-backend/node_modules/ts-node/src/index.ts:1617:30)
    at Module._extensions..js (node:internal/modules/cjs/loader:1245:10)
    at Object.require.extensions.<computed> [as .ts] (/Users/toannguyen/Documents/Source/tn-uptech-backend/node_modules/ts-node/src/index.ts:1621:12)
    at Module.load (node:internal/modules/cjs/loader:1069:32)
    at Function.Module._load (node:internal/modules/cjs/loader:904:12)
    at Module.require (node:internal/modules/cjs/loader:1093:19)
2023-04-17 23:55:46 error: uncaughtException: тип Unable to compile TypeScript:
[96msrc/services/job.service.ts[0m:[93m131[0m:[93m31[0m - [91merror[0m[90m TS1002: [0mUnterminated string literal.

[7m131[0m             location: 'du an 1
[7m   [0m [91m                              [0m

TSError: тип Unable to compile TypeScript:
[96msrc/services/job.service.ts[0m:[93m131[0m:[93m31[0m - [91merror[0m[90m TS1002: [0mUnterminated string literal.

[7m131[0m             location: 'du an 1
[7m   [0m [91m                              [0m

    at createTSError (/Users/toannguyen/Documents/Source/tn-uptech-backend/node_modules/ts-node/src/index.ts:859:12)
    at reportTSError (/Users/toannguyen/Documents/Source/tn-uptech-backend/node_modules/ts-node/src/index.ts:863:19)
    at getOutput (/Users/toannguyen/Documents/Source/tn-uptech-backend/node_modules/ts-node/src/index.ts:1077:36)
    at Object.compile (/Users/toannguyen/Documents/Source/tn-uptech-backend/node_modules/ts-node/src/index.ts:1433:41)
    at Module.m._compile (/Users/toannguyen/Documents/Source/tn-uptech-backend/node_modules/ts-node/src/index.ts:1617:30)
    at Module._extensions..js (node:internal/modules/cjs/loader:1245:10)
    at Object.require.extensions.<computed> [as .ts] (/Users/toannguyen/Documents/Source/tn-uptech-backend/node_modules/ts-node/src/index.ts:1621:12)
    at Module.load (node:internal/modules/cjs/loader:1069:32)
    at Function.Module._load (node:internal/modules/cjs/loader:904:12)
    at Module.require (node:internal/modules/cjs/loader:1093:19)
