2023-04-26 11:40:43 error: uncaughtException: тип Unable to compile TypeScript:
[96msrc/infra/sequelize/models/contact.model.ts[0m:[93m52[0m:[93m23[0m - [91merror[0m[90m TS2552: [0mCannot find name 'Sequelize'. Did you mean 'sequelize'?

[7m52[0m                 type: Sequelize.DATE,
[7m  [0m [91m                      ~~~~~~~~~[0m

  [96msrc/infra/sequelize/models/contact.model.ts[0m:[93m3[0m:[93m28[0m
    [7m3[0m module.exports = function (sequelize, DataTypes) {
    [7m [0m [96m                           ~~~~~~~~~[0m
    'sequelize' is declared here.
[96msrc/infra/sequelize/models/contact.model.ts[0m:[93m57[0m:[93m23[0m - [91merror[0m[90m TS2552: [0mCannot find name 'Sequelize'. Did you mean 'sequelize'?

[7m57[0m                 type: Sequelize.DATE,
[7m  [0m [91m                      ~~~~~~~~~[0m

  [96msrc/infra/sequelize/models/contact.model.ts[0m:[93m3[0m:[93m28[0m
    [7m3[0m module.exports = function (sequelize, DataTypes) {
    [7m [0m [96m                           ~~~~~~~~~[0m
    'sequelize' is declared here.
[96msrc/infra/sequelize/models/contact.model.ts[0m:[93m61[0m:[93m13[0m - [91merror[0m[90m TS1117: [0mAn object literal cannot have multiple properties with the same name.

[7m61[0m             createdAt: {
[7m  [0m [91m            ~~~~~~~~~[0m
[96msrc/infra/sequelize/models/contact.model.ts[0m:[93m69[0m:[93m13[0m - [91merror[0m[90m TS1117: [0mAn object literal cannot have multiple properties with the same name.

[7m69[0m             updatedAt: {
[7m  [0m [91m            ~~~~~~~~~[0m

TSError: тип Unable to compile TypeScript:
[96msrc/infra/sequelize/models/contact.model.ts[0m:[93m52[0m:[93m23[0m - [91merror[0m[90m TS2552: [0mCannot find name 'Sequelize'. Did you mean 'sequelize'?

[7m52[0m                 type: Sequelize.DATE,
[7m  [0m [91m                      ~~~~~~~~~[0m

  [96msrc/infra/sequelize/models/contact.model.ts[0m:[93m3[0m:[93m28[0m
    [7m3[0m module.exports = function (sequelize, DataTypes) {
    [7m [0m [96m                           ~~~~~~~~~[0m
    'sequelize' is declared here.
[96msrc/infra/sequelize/models/contact.model.ts[0m:[93m57[0m:[93m23[0m - [91merror[0m[90m TS2552: [0mCannot find name 'Sequelize'. Did you mean 'sequelize'?

[7m57[0m                 type: Sequelize.DATE,
[7m  [0m [91m                      ~~~~~~~~~[0m

  [96msrc/infra/sequelize/models/contact.model.ts[0m:[93m3[0m:[93m28[0m
    [7m3[0m module.exports = function (sequelize, DataTypes) {
    [7m [0m [96m                           ~~~~~~~~~[0m
    'sequelize' is declared here.
[96msrc/infra/sequelize/models/contact.model.ts[0m:[93m61[0m:[93m13[0m - [91merror[0m[90m TS1117: [0mAn object literal cannot have multiple properties with the same name.

[7m61[0m             createdAt: {
[7m  [0m [91m            ~~~~~~~~~[0m
[96msrc/infra/sequelize/models/contact.model.ts[0m:[93m69[0m:[93m13[0m - [91merror[0m[90m TS1117: [0mAn object literal cannot have multiple properties with the same name.

[7m69[0m             updatedAt: {
[7m  [0m [91m            ~~~~~~~~~[0m

    at createTSError (/Users/toannguyen/Documents/Source/tn-uptech-backend/node_modules/ts-node/src/index.ts:859:12)
    at reportTSError (/Users/toannguyen/Documents/Source/tn-uptech-backend/node_modules/ts-node/src/index.ts:863:19)
    at getOutput (/Users/toannguyen/Documents/Source/tn-uptech-backend/node_modules/ts-node/src/index.ts:1077:36)
    at Object.compile (/Users/toannguyen/Documents/Source/tn-uptech-backend/node_modules/ts-node/src/index.ts:1433:41)
    at Module.m._compile (/Users/toannguyen/Documents/Source/tn-uptech-backend/node_modules/ts-node/src/index.ts:1617:30)
    at Module._extensions..js (node:internal/modules/cjs/loader:1245:10)
    at Object.require.extensions.<computed> [as .ts] (/Users/toannguyen/Documents/Source/tn-uptech-backend/node_modules/ts-node/src/index.ts:1621:12)
    at Module.load (node:internal/modules/cjs/loader:1069:32)
    at Function.Module._load (node:internal/modules/cjs/loader:904:12)
    at Module.require (node:internal/modules/cjs/loader:1093:19)
2023-04-26 11:40:53 error: uncaughtException: Naming collision between attribute 'file' and association 'file' on model contacts. To remedy this, change either foreignKey or as in your association definition
Error: Naming collision between attribute 'file' and association 'file' on model contacts. To remedy this, change either foreignKey or as in your association definition
    at Object.checkNamingCollision (/Users/toannguyen/Documents/Source/tn-uptech-backend/node_modules/sequelize/src/associations/helpers.js:5:11)
    at BelongsTo._injectAttributes (/Users/toannguyen/Documents/Source/tn-uptech-backend/node_modules/sequelize/src/associations/belongs-to.js:103:13)
    at Function.<anonymous> (/Users/toannguyen/Documents/Source/tn-uptech-backend/node_modules/sequelize/src/associations/mixin.js:108:17)
    at Function.Contact.associate (/Users/toannguyen/Documents/Source/tn-uptech-backend/src/infra/sequelize/models/contact.model.ts:74:17)
    at /Users/toannguyen/Documents/Source/tn-uptech-backend/src/infra/sequelize/models/index.ts:51:31
    at Array.forEach (<anonymous>)
    at createModels (/Users/toannguyen/Documents/Source/tn-uptech-backend/src/infra/sequelize/models/index.ts:49:25)
    at Object.<anonymous> (/Users/toannguyen/Documents/Source/tn-uptech-backend/src/infra/sequelize/models/index.ts:63:16)
    at Module._compile (node:internal/modules/cjs/loader:1191:14)
    at Module.m._compile (/Users/toannguyen/Documents/Source/tn-uptech-backend/node_modules/ts-node/src/index.ts:1618:23)
2023-04-26 12:15:32 error: uncaughtException: тип Unable to compile TypeScript:
[96msrc/services/contact.service.ts[0m:[93m78[0m:[93m47[0m - [91merror[0m[90m TS2304: [0mCannot find name 'ContactDTO'.

[7m78[0m                 data: rows.map((item: any) => ContactDTO.transform(item)),
[7m  [0m [91m                                              ~~~~~~~~~~[0m
[96msrc/services/contact.service.ts[0m:[93m115[0m:[93m16[0m - [91merror[0m[90m TS2304: [0mCannot find name 'ContactDTO'.

[7m115[0m         return ContactDTO.transformDetail(post);
[7m   [0m [91m               ~~~~~~~~~~[0m

TSError: тип Unable to compile TypeScript:
[96msrc/services/contact.service.ts[0m:[93m78[0m:[93m47[0m - [91merror[0m[90m TS2304: [0mCannot find name 'ContactDTO'.

[7m78[0m                 data: rows.map((item: any) => ContactDTO.transform(item)),
[7m  [0m [91m                                              ~~~~~~~~~~[0m
[96msrc/services/contact.service.ts[0m:[93m115[0m:[93m16[0m - [91merror[0m[90m TS2304: [0mCannot find name 'ContactDTO'.

[7m115[0m         return ContactDTO.transformDetail(post);
[7m   [0m [91m               ~~~~~~~~~~[0m

    at createTSError (/Users/toannguyen/Documents/Source/tn-uptech-backend/node_modules/ts-node/src/index.ts:859:12)
    at reportTSError (/Users/toannguyen/Documents/Source/tn-uptech-backend/node_modules/ts-node/src/index.ts:863:19)
    at getOutput (/Users/toannguyen/Documents/Source/tn-uptech-backend/node_modules/ts-node/src/index.ts:1077:36)
    at Object.compile (/Users/toannguyen/Documents/Source/tn-uptech-backend/node_modules/ts-node/src/index.ts:1433:41)
    at Module.m._compile (/Users/toannguyen/Documents/Source/tn-uptech-backend/node_modules/ts-node/src/index.ts:1617:30)
    at Module._extensions..js (node:internal/modules/cjs/loader:1245:10)
    at Object.require.extensions.<computed> [as .ts] (/Users/toannguyen/Documents/Source/tn-uptech-backend/node_modules/ts-node/src/index.ts:1621:12)
    at Module.load (node:internal/modules/cjs/loader:1069:32)
    at Function.Module._load (node:internal/modules/cjs/loader:904:12)
    at Module.require (node:internal/modules/cjs/loader:1093:19)
2023-04-26 12:16:16 error: uncaughtException: тип Unable to compile TypeScript:
[96msrc/services/contact.service.ts[0m:[93m127[0m:[93m28[0m - [91merror[0m[90m TS2339: [0mProperty 'handleUpdate' does not exist on type 'ContactService'.

[7m127[0m                 await this.handleUpdate({ post_id: id, lang: global.lang, body });
[7m   [0m [91m                           ~~~~~~~~~~~~[0m

TSError: тип Unable to compile TypeScript:
[96msrc/services/contact.service.ts[0m:[93m127[0m:[93m28[0m - [91merror[0m[90m TS2339: [0mProperty 'handleUpdate' does not exist on type 'ContactService'.

[7m127[0m                 await this.handleUpdate({ post_id: id, lang: global.lang, body });
[7m   [0m [91m                           ~~~~~~~~~~~~[0m

    at createTSError (/Users/toannguyen/Documents/Source/tn-uptech-backend/node_modules/ts-node/src/index.ts:859:12)
    at reportTSError (/Users/toannguyen/Documents/Source/tn-uptech-backend/node_modules/ts-node/src/index.ts:863:19)
    at getOutput (/Users/toannguyen/Documents/Source/tn-uptech-backend/node_modules/ts-node/src/index.ts:1077:36)
    at Object.compile (/Users/toannguyen/Documents/Source/tn-uptech-backend/node_modules/ts-node/src/index.ts:1433:41)
    at Module.m._compile (/Users/toannguyen/Documents/Source/tn-uptech-backend/node_modules/ts-node/src/index.ts:1617:30)
    at Module._extensions..js (node:internal/modules/cjs/loader:1245:10)
    at Object.require.extensions.<computed> [as .ts] (/Users/toannguyen/Documents/Source/tn-uptech-backend/node_modules/ts-node/src/index.ts:1621:12)
    at Module.load (node:internal/modules/cjs/loader:1069:32)
    at Function.Module._load (node:internal/modules/cjs/loader:904:12)
    at Module.require (node:internal/modules/cjs/loader:1093:19)
2023-04-26 12:24:06 error: uncaughtException: тип Unable to compile TypeScript:
[96msrc/route/contact.route .ts[0m:[93m17[0m:[93m63[0m - [91merror[0m[90m TS2339: [0mProperty 'show' does not exist on type 'ContactController'.

[7m17[0m         this.router.get(`${this.path}/show/:id`, this.contact.show);
[7m  [0m [91m                                                              ~~~~[0m

TSError: тип Unable to compile TypeScript:
[96msrc/route/contact.route .ts[0m:[93m17[0m:[93m63[0m - [91merror[0m[90m TS2339: [0mProperty 'show' does not exist on type 'ContactController'.

[7m17[0m         this.router.get(`${this.path}/show/:id`, this.contact.show);
[7m  [0m [91m                                                              ~~~~[0m

    at createTSError (/Users/toannguyen/Documents/Source/tn-uptech-backend/node_modules/ts-node/src/index.ts:859:12)
    at reportTSError (/Users/toannguyen/Documents/Source/tn-uptech-backend/node_modules/ts-node/src/index.ts:863:19)
    at getOutput (/Users/toannguyen/Documents/Source/tn-uptech-backend/node_modules/ts-node/src/index.ts:1077:36)
    at Object.compile (/Users/toannguyen/Documents/Source/tn-uptech-backend/node_modules/ts-node/src/index.ts:1433:41)
    at Module.m._compile (/Users/toannguyen/Documents/Source/tn-uptech-backend/node_modules/ts-node/src/index.ts:1617:30)
    at Module._extensions..js (node:internal/modules/cjs/loader:1245:10)
    at Object.require.extensions.<computed> [as .ts] (/Users/toannguyen/Documents/Source/tn-uptech-backend/node_modules/ts-node/src/index.ts:1621:12)
    at Module.load (node:internal/modules/cjs/loader:1069:32)
    at Function.Module._load (node:internal/modules/cjs/loader:904:12)
    at Module.require (node:internal/modules/cjs/loader:1093:19)
2023-04-26 12:24:59 error: uncaughtException: тип Unable to compile TypeScript:
[96msrc/route/contact.route .ts[0m:[93m4[0m:[93m8[0m - [91merror[0m[90m TS2613: [0mModule '"/Users/toannguyen/Documents/Source/tn-uptech-backend/src/modules/controllers/contact.controller"' has no default export. Did you mean to use 'import { ContactController } from "/Users/toannguyen/Documents/Source/tn-uptech-backend/src/modules/controllers/contact.controller"' instead?

[7m4[0m import ContactController from "../modules/controllers/contact.controller";
[7m [0m [91m       ~~~~~~~~~~~~~~~~~[0m

TSError: тип Unable to compile TypeScript:
[96msrc/route/contact.route .ts[0m:[93m4[0m:[93m8[0m - [91merror[0m[90m TS2613: [0mModule '"/Users/toannguyen/Documents/Source/tn-uptech-backend/src/modules/controllers/contact.controller"' has no default export. Did you mean to use 'import { ContactController } from "/Users/toannguyen/Documents/Source/tn-uptech-backend/src/modules/controllers/contact.controller"' instead?

[7m4[0m import ContactController from "../modules/controllers/contact.controller";
[7m [0m [91m       ~~~~~~~~~~~~~~~~~[0m

    at createTSError (/Users/toannguyen/Documents/Source/tn-uptech-backend/node_modules/ts-node/src/index.ts:859:12)
    at reportTSError (/Users/toannguyen/Documents/Source/tn-uptech-backend/node_modules/ts-node/src/index.ts:863:19)
    at getOutput (/Users/toannguyen/Documents/Source/tn-uptech-backend/node_modules/ts-node/src/index.ts:1077:36)
    at Object.compile (/Users/toannguyen/Documents/Source/tn-uptech-backend/node_modules/ts-node/src/index.ts:1433:41)
    at Module.m._compile (/Users/toannguyen/Documents/Source/tn-uptech-backend/node_modules/ts-node/src/index.ts:1617:30)
    at Module._extensions..js (node:internal/modules/cjs/loader:1245:10)
    at Object.require.extensions.<computed> [as .ts] (/Users/toannguyen/Documents/Source/tn-uptech-backend/node_modules/ts-node/src/index.ts:1621:12)
    at Module.load (node:internal/modules/cjs/loader:1069:32)
    at Function.Module._load (node:internal/modules/cjs/loader:904:12)
    at Module.require (node:internal/modules/cjs/loader:1093:19)
2023-04-26 12:25:19 error: uncaughtException: тип Unable to compile TypeScript:
[96msrc/route/contact.route .ts[0m:[93m4[0m:[93m8[0m - [91merror[0m[90m TS2613: [0mModule '"/Users/toannguyen/Documents/Source/tn-uptech-backend/src/modules/controllers/contact.controller"' has no default export. Did you mean to use 'import { ContactController } from "/Users/toannguyen/Documents/Source/tn-uptech-backend/src/modules/controllers/contact.controller"' instead?

[7m4[0m import ContactController from "../modules/controllers/contact.controller";
[7m [0m [91m       ~~~~~~~~~~~~~~~~~[0m

TSError: тип Unable to compile TypeScript:
[96msrc/route/contact.route .ts[0m:[93m4[0m:[93m8[0m - [91merror[0m[90m TS2613: [0mModule '"/Users/toannguyen/Documents/Source/tn-uptech-backend/src/modules/controllers/contact.controller"' has no default export. Did you mean to use 'import { ContactController } from "/Users/toannguyen/Documents/Source/tn-uptech-backend/src/modules/controllers/contact.controller"' instead?

[7m4[0m import ContactController from "../modules/controllers/contact.controller";
[7m [0m [91m       ~~~~~~~~~~~~~~~~~[0m

    at createTSError (/Users/toannguyen/Documents/Source/tn-uptech-backend/node_modules/ts-node/src/index.ts:859:12)
    at reportTSError (/Users/toannguyen/Documents/Source/tn-uptech-backend/node_modules/ts-node/src/index.ts:863:19)
    at getOutput (/Users/toannguyen/Documents/Source/tn-uptech-backend/node_modules/ts-node/src/index.ts:1077:36)
    at Object.compile (/Users/toannguyen/Documents/Source/tn-uptech-backend/node_modules/ts-node/src/index.ts:1433:41)
    at Module.m._compile (/Users/toannguyen/Documents/Source/tn-uptech-backend/node_modules/ts-node/src/index.ts:1617:30)
    at Module._extensions..js (node:internal/modules/cjs/loader:1245:10)
    at Object.require.extensions.<computed> [as .ts] (/Users/toannguyen/Documents/Source/tn-uptech-backend/node_modules/ts-node/src/index.ts:1621:12)
    at Module.load (node:internal/modules/cjs/loader:1069:32)
    at Function.Module._load (node:internal/modules/cjs/loader:904:12)
    at Module.require (node:internal/modules/cjs/loader:1093:19)
2023-04-26 12:25:28 error: uncaughtException: тип Unable to compile TypeScript:
[96msrc/route/contact.route .ts[0m:[93m4[0m:[93m8[0m - [91merror[0m[90m TS2613: [0mModule '"/Users/toannguyen/Documents/Source/tn-uptech-backend/src/modules/controllers/contact.controller"' has no default export. Did you mean to use 'import { ContactController } from "/Users/toannguyen/Documents/Source/tn-uptech-backend/src/modules/controllers/contact.controller"' instead?

[7m4[0m import ContactController from "../modules/controllers/contact.controller";
[7m [0m [91m       ~~~~~~~~~~~~~~~~~[0m

TSError: тип Unable to compile TypeScript:
[96msrc/route/contact.route .ts[0m:[93m4[0m:[93m8[0m - [91merror[0m[90m TS2613: [0mModule '"/Users/toannguyen/Documents/Source/tn-uptech-backend/src/modules/controllers/contact.controller"' has no default export. Did you mean to use 'import { ContactController } from "/Users/toannguyen/Documents/Source/tn-uptech-backend/src/modules/controllers/contact.controller"' instead?

[7m4[0m import ContactController from "../modules/controllers/contact.controller";
[7m [0m [91m       ~~~~~~~~~~~~~~~~~[0m

    at createTSError (/Users/toannguyen/Documents/Source/tn-uptech-backend/node_modules/ts-node/src/index.ts:859:12)
    at reportTSError (/Users/toannguyen/Documents/Source/tn-uptech-backend/node_modules/ts-node/src/index.ts:863:19)
    at getOutput (/Users/toannguyen/Documents/Source/tn-uptech-backend/node_modules/ts-node/src/index.ts:1077:36)
    at Object.compile (/Users/toannguyen/Documents/Source/tn-uptech-backend/node_modules/ts-node/src/index.ts:1433:41)
    at Module.m._compile (/Users/toannguyen/Documents/Source/tn-uptech-backend/node_modules/ts-node/src/index.ts:1617:30)
    at Module._extensions..js (node:internal/modules/cjs/loader:1245:10)
    at Object.require.extensions.<computed> [as .ts] (/Users/toannguyen/Documents/Source/tn-uptech-backend/node_modules/ts-node/src/index.ts:1621:12)
    at Module.load (node:internal/modules/cjs/loader:1069:32)
    at Function.Module._load (node:internal/modules/cjs/loader:904:12)
    at Module.require (node:internal/modules/cjs/loader:1093:19)
2023-04-26 12:25:57 error: uncaughtException: тип Unable to compile TypeScript:
[96msrc/route/contact.route .ts[0m:[93m4[0m:[93m8[0m - [91merror[0m[90m TS2613: [0mModule '"/Users/toannguyen/Documents/Source/tn-uptech-backend/src/modules/controllers/contact.controller"' has no default export. Did you mean to use 'import { ContactController } from "/Users/toannguyen/Documents/Source/tn-uptech-backend/src/modules/controllers/contact.controller"' instead?

[7m4[0m import ContactController from "../modules/controllers/contact.controller";
[7m [0m [91m       ~~~~~~~~~~~~~~~~~[0m

TSError: тип Unable to compile TypeScript:
[96msrc/route/contact.route .ts[0m:[93m4[0m:[93m8[0m - [91merror[0m[90m TS2613: [0mModule '"/Users/toannguyen/Documents/Source/tn-uptech-backend/src/modules/controllers/contact.controller"' has no default export. Did you mean to use 'import { ContactController } from "/Users/toannguyen/Documents/Source/tn-uptech-backend/src/modules/controllers/contact.controller"' instead?

[7m4[0m import ContactController from "../modules/controllers/contact.controller";
[7m [0m [91m       ~~~~~~~~~~~~~~~~~[0m

    at createTSError (/Users/toannguyen/Documents/Source/tn-uptech-backend/node_modules/ts-node/src/index.ts:859:12)
    at reportTSError (/Users/toannguyen/Documents/Source/tn-uptech-backend/node_modules/ts-node/src/index.ts:863:19)
    at getOutput (/Users/toannguyen/Documents/Source/tn-uptech-backend/node_modules/ts-node/src/index.ts:1077:36)
    at Object.compile (/Users/toannguyen/Documents/Source/tn-uptech-backend/node_modules/ts-node/src/index.ts:1433:41)
    at Module.m._compile (/Users/toannguyen/Documents/Source/tn-uptech-backend/node_modules/ts-node/src/index.ts:1617:30)
    at Module._extensions..js (node:internal/modules/cjs/loader:1245:10)
    at Object.require.extensions.<computed> [as .ts] (/Users/toannguyen/Documents/Source/tn-uptech-backend/node_modules/ts-node/src/index.ts:1621:12)
    at Module.load (node:internal/modules/cjs/loader:1069:32)
    at Function.Module._load (node:internal/modules/cjs/loader:904:12)
    at Module.require (node:internal/modules/cjs/loader:1093:19)
2023-04-26 12:26:44 error: uncaughtException: тип Unable to compile TypeScript:
[96msrc/modules/controllers/recruitment.controller.ts[0m:[93m33[0m:[93m44[0m - [91merror[0m[90m TS2339: [0mProperty 'findById' does not exist on type 'ContactService'.

[7m33[0m                 const data = await contact.findById(id);
[7m  [0m [91m                                           ~~~~~~~~[0m
[96msrc/modules/controllers/recruitment.controller.ts[0m:[93m46[0m:[93m40[0m - [91merror[0m[90m TS2339: [0mProperty 'updateById' does not exist on type 'ContactService'.

[7m46[0m             const data = await contact.updateById(id, req.body);
[7m  [0m [91m                                       ~~~~~~~~~~[0m

TSError: тип Unable to compile TypeScript:
[96msrc/modules/controllers/recruitment.controller.ts[0m:[93m33[0m:[93m44[0m - [91merror[0m[90m TS2339: [0mProperty 'findById' does not exist on type 'ContactService'.

[7m33[0m                 const data = await contact.findById(id);
[7m  [0m [91m                                           ~~~~~~~~[0m
[96msrc/modules/controllers/recruitment.controller.ts[0m:[93m46[0m:[93m40[0m - [91merror[0m[90m TS2339: [0mProperty 'updateById' does not exist on type 'ContactService'.

[7m46[0m             const data = await contact.updateById(id, req.body);
[7m  [0m [91m                                       ~~~~~~~~~~[0m

    at createTSError (/Users/toannguyen/Documents/Source/tn-uptech-backend/node_modules/ts-node/src/index.ts:859:12)
    at reportTSError (/Users/toannguyen/Documents/Source/tn-uptech-backend/node_modules/ts-node/src/index.ts:863:19)
    at getOutput (/Users/toannguyen/Documents/Source/tn-uptech-backend/node_modules/ts-node/src/index.ts:1077:36)
    at Object.compile (/Users/toannguyen/Documents/Source/tn-uptech-backend/node_modules/ts-node/src/index.ts:1433:41)
    at Module.m._compile (/Users/toannguyen/Documents/Source/tn-uptech-backend/node_modules/ts-node/src/index.ts:1617:30)
    at Module._extensions..js (node:internal/modules/cjs/loader:1245:10)
    at Object.require.extensions.<computed> [as .ts] (/Users/toannguyen/Documents/Source/tn-uptech-backend/node_modules/ts-node/src/index.ts:1621:12)
    at Module.load (node:internal/modules/cjs/loader:1069:32)
    at Function.Module._load (node:internal/modules/cjs/loader:904:12)
    at Module.require (node:internal/modules/cjs/loader:1093:19)
2023-04-26 12:28:03 error: uncaughtException: тип Unable to compile TypeScript:
[96msrc/modules/controllers/recruitment.controller.ts[0m:[93m33[0m:[93m44[0m - [91merror[0m[90m TS2339: [0mProperty 'findById' does not exist on type 'ContactService'.

[7m33[0m                 const data = await contact.findById(id);
[7m  [0m [91m                                           ~~~~~~~~[0m
[96msrc/modules/controllers/recruitment.controller.ts[0m:[93m46[0m:[93m40[0m - [91merror[0m[90m TS2339: [0mProperty 'updateById' does not exist on type 'ContactService'.

[7m46[0m             const data = await contact.updateById(id, req.body);
[7m  [0m [91m                                       ~~~~~~~~~~[0m

TSError: тип Unable to compile TypeScript:
[96msrc/modules/controllers/recruitment.controller.ts[0m:[93m33[0m:[93m44[0m - [91merror[0m[90m TS2339: [0mProperty 'findById' does not exist on type 'ContactService'.

[7m33[0m                 const data = await contact.findById(id);
[7m  [0m [91m                                           ~~~~~~~~[0m
[96msrc/modules/controllers/recruitment.controller.ts[0m:[93m46[0m:[93m40[0m - [91merror[0m[90m TS2339: [0mProperty 'updateById' does not exist on type 'ContactService'.

[7m46[0m             const data = await contact.updateById(id, req.body);
[7m  [0m [91m                                       ~~~~~~~~~~[0m

    at createTSError (/Users/toannguyen/Documents/Source/tn-uptech-backend/node_modules/ts-node/src/index.ts:859:12)
    at reportTSError (/Users/toannguyen/Documents/Source/tn-uptech-backend/node_modules/ts-node/src/index.ts:863:19)
    at getOutput (/Users/toannguyen/Documents/Source/tn-uptech-backend/node_modules/ts-node/src/index.ts:1077:36)
    at Object.compile (/Users/toannguyen/Documents/Source/tn-uptech-backend/node_modules/ts-node/src/index.ts:1433:41)
    at Module.m._compile (/Users/toannguyen/Documents/Source/tn-uptech-backend/node_modules/ts-node/src/index.ts:1617:30)
    at Module._extensions..js (node:internal/modules/cjs/loader:1245:10)
    at Object.require.extensions.<computed> [as .ts] (/Users/toannguyen/Documents/Source/tn-uptech-backend/node_modules/ts-node/src/index.ts:1621:12)
    at Module.load (node:internal/modules/cjs/loader:1069:32)
    at Function.Module._load (node:internal/modules/cjs/loader:904:12)
    at Module.require (node:internal/modules/cjs/loader:1093:19)
2023-04-26 12:28:50 error: uncaughtException: тип Unable to compile TypeScript:
[96msrc/route/recruitments.route .ts[0m:[93m16[0m:[93m46[0m - [91merror[0m[90m TS2339: [0mProperty 'post' does not exist on type 'RecruitmentsRoute'.

[7m16[0m         this.router.get(`${this.path}`, this.post.index);
[7m  [0m [91m                                             ~~~~[0m
[96msrc/route/recruitments.route .ts[0m:[93m17[0m:[93m54[0m - [91merror[0m[90m TS2339: [0mProperty 'post' does not exist on type 'RecruitmentsRoute'.

[7m17[0m         this.router.post(`${this.path}/create`, this.post.create);
[7m  [0m [91m                                                     ~~~~[0m
[96msrc/route/recruitments.route .ts[0m:[93m18[0m:[93m55[0m - [91merror[0m[90m TS2339: [0mProperty 'post' does not exist on type 'RecruitmentsRoute'.

[7m18[0m         this.router.get(`${this.path}/show/:id`, this.post.show);
[7m  [0m [91m                                                      ~~~~[0m
[96msrc/route/recruitments.route .ts[0m:[93m19[0m:[93m57[0m - [91merror[0m[90m TS2339: [0mProperty 'post' does not exist on type 'RecruitmentsRoute'.

[7m19[0m         this.router.put(`${this.path}/update/:id`, this.post.update);
[7m  [0m [91m                                                        ~~~~[0m
[96msrc/route/recruitments.route .ts[0m:[93m20[0m:[93m66[0m - [91merror[0m[90m TS2339: [0mProperty 'post' does not exist on type 'RecruitmentsRoute'.

[7m20[0m         this.router.delete(`${this.path}/delete/:id(\\d+)`, this.post.delete);
[7m  [0m [91m                                                                 ~~~~[0m

TSError: тип Unable to compile TypeScript:
[96msrc/route/recruitments.route .ts[0m:[93m16[0m:[93m46[0m - [91merror[0m[90m TS2339: [0mProperty 'post' does not exist on type 'RecruitmentsRoute'.

[7m16[0m         this.router.get(`${this.path}`, this.post.index);
[7m  [0m [91m                                             ~~~~[0m
[96msrc/route/recruitments.route .ts[0m:[93m17[0m:[93m54[0m - [91merror[0m[90m TS2339: [0mProperty 'post' does not exist on type 'RecruitmentsRoute'.

[7m17[0m         this.router.post(`${this.path}/create`, this.post.create);
[7m  [0m [91m                                                     ~~~~[0m
[96msrc/route/recruitments.route .ts[0m:[93m18[0m:[93m55[0m - [91merror[0m[90m TS2339: [0mProperty 'post' does not exist on type 'RecruitmentsRoute'.

[7m18[0m         this.router.get(`${this.path}/show/:id`, this.post.show);
[7m  [0m [91m                                                      ~~~~[0m
[96msrc/route/recruitments.route .ts[0m:[93m19[0m:[93m57[0m - [91merror[0m[90m TS2339: [0mProperty 'post' does not exist on type 'RecruitmentsRoute'.

[7m19[0m         this.router.put(`${this.path}/update/:id`, this.post.update);
[7m  [0m [91m                                                        ~~~~[0m
[96msrc/route/recruitments.route .ts[0m:[93m20[0m:[93m66[0m - [91merror[0m[90m TS2339: [0mProperty 'post' does not exist on type 'RecruitmentsRoute'.

[7m20[0m         this.router.delete(`${this.path}/delete/:id(\\d+)`, this.post.delete);
[7m  [0m [91m                                                                 ~~~~[0m

    at createTSError (/Users/toannguyen/Documents/Source/tn-uptech-backend/node_modules/ts-node/src/index.ts:859:12)
    at reportTSError (/Users/toannguyen/Documents/Source/tn-uptech-backend/node_modules/ts-node/src/index.ts:863:19)
    at getOutput (/Users/toannguyen/Documents/Source/tn-uptech-backend/node_modules/ts-node/src/index.ts:1077:36)
    at Object.compile (/Users/toannguyen/Documents/Source/tn-uptech-backend/node_modules/ts-node/src/index.ts:1433:41)
    at Module.m._compile (/Users/toannguyen/Documents/Source/tn-uptech-backend/node_modules/ts-node/src/index.ts:1617:30)
    at Module._extensions..js (node:internal/modules/cjs/loader:1245:10)
    at Object.require.extensions.<computed> [as .ts] (/Users/toannguyen/Documents/Source/tn-uptech-backend/node_modules/ts-node/src/index.ts:1621:12)
    at Module.load (node:internal/modules/cjs/loader:1069:32)
    at Function.Module._load (node:internal/modules/cjs/loader:904:12)
    at Module.require (node:internal/modules/cjs/loader:1093:19)
2023-04-26 12:29:00 error: uncaughtException: тип Unable to compile TypeScript:
[96msrc/modules/controllers/recruitment.controller.ts[0m:[93m33[0m:[93m44[0m - [91merror[0m[90m TS2339: [0mProperty 'findById' does not exist on type 'ContactService'.

[7m33[0m                 const data = await contact.findById(id);
[7m  [0m [91m                                           ~~~~~~~~[0m
[96msrc/modules/controllers/recruitment.controller.ts[0m:[93m46[0m:[93m40[0m - [91merror[0m[90m TS2339: [0mProperty 'updateById' does not exist on type 'ContactService'.

[7m46[0m             const data = await contact.updateById(id, req.body);
[7m  [0m [91m                                       ~~~~~~~~~~[0m

TSError: тип Unable to compile TypeScript:
[96msrc/modules/controllers/recruitment.controller.ts[0m:[93m33[0m:[93m44[0m - [91merror[0m[90m TS2339: [0mProperty 'findById' does not exist on type 'ContactService'.

[7m33[0m                 const data = await contact.findById(id);
[7m  [0m [91m                                           ~~~~~~~~[0m
[96msrc/modules/controllers/recruitment.controller.ts[0m:[93m46[0m:[93m40[0m - [91merror[0m[90m TS2339: [0mProperty 'updateById' does not exist on type 'ContactService'.

[7m46[0m             const data = await contact.updateById(id, req.body);
[7m  [0m [91m                                       ~~~~~~~~~~[0m

    at createTSError (/Users/toannguyen/Documents/Source/tn-uptech-backend/node_modules/ts-node/src/index.ts:859:12)
    at reportTSError (/Users/toannguyen/Documents/Source/tn-uptech-backend/node_modules/ts-node/src/index.ts:863:19)
    at getOutput (/Users/toannguyen/Documents/Source/tn-uptech-backend/node_modules/ts-node/src/index.ts:1077:36)
    at Object.compile (/Users/toannguyen/Documents/Source/tn-uptech-backend/node_modules/ts-node/src/index.ts:1433:41)
    at Module.m._compile (/Users/toannguyen/Documents/Source/tn-uptech-backend/node_modules/ts-node/src/index.ts:1617:30)
    at Module._extensions..js (node:internal/modules/cjs/loader:1245:10)
    at Object.require.extensions.<computed> [as .ts] (/Users/toannguyen/Documents/Source/tn-uptech-backend/node_modules/ts-node/src/index.ts:1621:12)
    at Module.load (node:internal/modules/cjs/loader:1069:32)
    at Function.Module._load (node:internal/modules/cjs/loader:904:12)
    at Module.require (node:internal/modules/cjs/loader:1093:19)
2023-04-26 12:29:17 error: uncaughtException: тип Unable to compile TypeScript:
[96msrc/route/recruitments.route .ts[0m:[93m4[0m:[93m1[0m - [91merror[0m[90m TS2304: [0mCannot find name 'x'.

[7m4[0m x
[7m [0m [91m~[0m
[96msrc/route/recruitments.route .ts[0m:[93m9[0m:[93m30[0m - [91merror[0m[90m TS2304: [0mCannot find name 'RecruitmentController'.

[7m9[0m     public recruitment = new RecruitmentController();
[7m [0m [91m                             ~~~~~~~~~~~~~~~~~~~~~[0m

TSError: тип Unable to compile TypeScript:
[96msrc/route/recruitments.route .ts[0m:[93m4[0m:[93m1[0m - [91merror[0m[90m TS2304: [0mCannot find name 'x'.

[7m4[0m x
[7m [0m [91m~[0m
[96msrc/route/recruitments.route .ts[0m:[93m9[0m:[93m30[0m - [91merror[0m[90m TS2304: [0mCannot find name 'RecruitmentController'.

[7m9[0m     public recruitment = new RecruitmentController();
[7m [0m [91m                             ~~~~~~~~~~~~~~~~~~~~~[0m

    at createTSError (/Users/toannguyen/Documents/Source/tn-uptech-backend/node_modules/ts-node/src/index.ts:859:12)
    at reportTSError (/Users/toannguyen/Documents/Source/tn-uptech-backend/node_modules/ts-node/src/index.ts:863:19)
    at getOutput (/Users/toannguyen/Documents/Source/tn-uptech-backend/node_modules/ts-node/src/index.ts:1077:36)
    at Object.compile (/Users/toannguyen/Documents/Source/tn-uptech-backend/node_modules/ts-node/src/index.ts:1433:41)
    at Module.m._compile (/Users/toannguyen/Documents/Source/tn-uptech-backend/node_modules/ts-node/src/index.ts:1617:30)
    at Module._extensions..js (node:internal/modules/cjs/loader:1245:10)
    at Object.require.extensions.<computed> [as .ts] (/Users/toannguyen/Documents/Source/tn-uptech-backend/node_modules/ts-node/src/index.ts:1621:12)
    at Module.load (node:internal/modules/cjs/loader:1069:32)
    at Function.Module._load (node:internal/modules/cjs/loader:904:12)
    at Module.require (node:internal/modules/cjs/loader:1093:19)
2023-04-26 12:31:20 error: {"name":"SequelizeEagerLoadingError"}
2023-04-26 12:31:21 error: {"name":"SequelizeEagerLoadingError"}
2023-04-26 12:31:22 error: {"name":"SequelizeEagerLoadingError"}
2023-04-26 12:31:22 error: {"name":"SequelizeEagerLoadingError"}
2023-04-26 17:36:14 error: uncaughtException: listen EADDRINUSE: address already in use :::8000
Error: listen EADDRINUSE: address already in use :::8000
    at Server.setupListenHandle [as _listen2] (node:net:1463:16)
    at listenInCluster (node:net:1511:12)
    at Server.listen (node:net:1599:7)
    at Function.listen (/Users/toannguyen/Documents/Source/tn-uptech-backend/node_modules/express/lib/application.js:635:24)
    at App.listen (/Users/toannguyen/Documents/Source/tn-uptech-backend/src/infra/express/app.ts:31:18)
    at Object.<anonymous> (/Users/toannguyen/Documents/Source/tn-uptech-backend/src/server.ts:41:5)
    at Module._compile (node:internal/modules/cjs/loader:1191:14)
    at Module.m._compile (/Users/toannguyen/Documents/Source/tn-uptech-backend/node_modules/ts-node/src/index.ts:1618:23)
    at Module._extensions..js (node:internal/modules/cjs/loader:1245:10)
    at Object.require.extensions.<computed> [as .ts] (/Users/toannguyen/Documents/Source/tn-uptech-backend/node_modules/ts-node/src/index.ts:1621:12)
2023-04-26 20:28:24 error: {"name":"SequelizeDatabaseError","parent":{"code":"ER_BAD_FIELD_ERROR","errno":1054,"sqlState":"42S22","sqlMessage":"Unknown column 'contacts.detail' in 'field list'","sql":"SELECT `contacts`.`id`, `contacts`.`file_id`, `contacts`.`name`, `contacts`.`email`, `contacts`.`phone`, `contacts`.`note`, `contacts`.`detail`, `contacts`.`type`, `contacts`.`status`, `contacts`.`createdAt`, `contacts`.`updatedAt`, `file`.`id` AS `file.id`, `file`.`filename` AS `file.filename`, `file`.`disk` AS `file.disk`, `file`.`folder_id` AS `file.folder_id`, `file`.`path` AS `file.path`, `file`.`extension` AS `file.extension`, `file`.`mime` AS `file.mime`, `file`.`size` AS `file.size`, `file`.`width` AS `file.width`, `file`.`height` AS `file.height`, `file`.`alt` AS `file.alt`, `file`.`creator` AS `file.creator`, `file`.`editor` AS `file.editor`, `file`.`createdAt` AS `file.createdAt`, `file`.`updatedAt` AS `file.updatedAt` FROM `contacts` AS `contacts` LEFT OUTER JOIN `medias` AS `file` ON `contacts`.`file_id` = `file`.`id` ORDER BY `contacts`.`createdAt` DESC LIMIT 0, 10;"},"original":{"code":"ER_BAD_FIELD_ERROR","errno":1054,"sqlState":"42S22","sqlMessage":"Unknown column 'contacts.detail' in 'field list'","sql":"SELECT `contacts`.`id`, `contacts`.`file_id`, `contacts`.`name`, `contacts`.`email`, `contacts`.`phone`, `contacts`.`note`, `contacts`.`detail`, `contacts`.`type`, `contacts`.`status`, `contacts`.`createdAt`, `contacts`.`updatedAt`, `file`.`id` AS `file.id`, `file`.`filename` AS `file.filename`, `file`.`disk` AS `file.disk`, `file`.`folder_id` AS `file.folder_id`, `file`.`path` AS `file.path`, `file`.`extension` AS `file.extension`, `file`.`mime` AS `file.mime`, `file`.`size` AS `file.size`, `file`.`width` AS `file.width`, `file`.`height` AS `file.height`, `file`.`alt` AS `file.alt`, `file`.`creator` AS `file.creator`, `file`.`editor` AS `file.editor`, `file`.`createdAt` AS `file.createdAt`, `file`.`updatedAt` AS `file.updatedAt` FROM `contacts` AS `contacts` LEFT OUTER JOIN `medias` AS `file` ON `contacts`.`file_id` = `file`.`id` ORDER BY `contacts`.`createdAt` DESC LIMIT 0, 10;"},"sql":"SELECT `contacts`.`id`, `contacts`.`file_id`, `contacts`.`name`, `contacts`.`email`, `contacts`.`phone`, `contacts`.`note`, `contacts`.`detail`, `contacts`.`type`, `contacts`.`status`, `contacts`.`createdAt`, `contacts`.`updatedAt`, `file`.`id` AS `file.id`, `file`.`filename` AS `file.filename`, `file`.`disk` AS `file.disk`, `file`.`folder_id` AS `file.folder_id`, `file`.`path` AS `file.path`, `file`.`extension` AS `file.extension`, `file`.`mime` AS `file.mime`, `file`.`size` AS `file.size`, `file`.`width` AS `file.width`, `file`.`height` AS `file.height`, `file`.`alt` AS `file.alt`, `file`.`creator` AS `file.creator`, `file`.`editor` AS `file.editor`, `file`.`createdAt` AS `file.createdAt`, `file`.`updatedAt` AS `file.updatedAt` FROM `contacts` AS `contacts` LEFT OUTER JOIN `medias` AS `file` ON `contacts`.`file_id` = `file`.`id` ORDER BY `contacts`.`createdAt` DESC LIMIT 0, 10;","parameters":{}}
2023-04-26 20:28:24 error: {"name":"SequelizeDatabaseError","parent":{"code":"ER_BAD_FIELD_ERROR","errno":1054,"sqlState":"42S22","sqlMessage":"Unknown column 'contacts.detail' in 'field list'","sql":"SELECT `contacts`.`id`, `contacts`.`file_id`, `contacts`.`name`, `contacts`.`email`, `contacts`.`phone`, `contacts`.`note`, `contacts`.`detail`, `contacts`.`type`, `contacts`.`status`, `contacts`.`createdAt`, `contacts`.`updatedAt`, `file`.`id` AS `file.id`, `file`.`filename` AS `file.filename`, `file`.`disk` AS `file.disk`, `file`.`folder_id` AS `file.folder_id`, `file`.`path` AS `file.path`, `file`.`extension` AS `file.extension`, `file`.`mime` AS `file.mime`, `file`.`size` AS `file.size`, `file`.`width` AS `file.width`, `file`.`height` AS `file.height`, `file`.`alt` AS `file.alt`, `file`.`creator` AS `file.creator`, `file`.`editor` AS `file.editor`, `file`.`createdAt` AS `file.createdAt`, `file`.`updatedAt` AS `file.updatedAt` FROM `contacts` AS `contacts` LEFT OUTER JOIN `medias` AS `file` ON `contacts`.`file_id` = `file`.`id` ORDER BY `contacts`.`createdAt` DESC LIMIT 0, 10;"},"original":{"code":"ER_BAD_FIELD_ERROR","errno":1054,"sqlState":"42S22","sqlMessage":"Unknown column 'contacts.detail' in 'field list'","sql":"SELECT `contacts`.`id`, `contacts`.`file_id`, `contacts`.`name`, `contacts`.`email`, `contacts`.`phone`, `contacts`.`note`, `contacts`.`detail`, `contacts`.`type`, `contacts`.`status`, `contacts`.`createdAt`, `contacts`.`updatedAt`, `file`.`id` AS `file.id`, `file`.`filename` AS `file.filename`, `file`.`disk` AS `file.disk`, `file`.`folder_id` AS `file.folder_id`, `file`.`path` AS `file.path`, `file`.`extension` AS `file.extension`, `file`.`mime` AS `file.mime`, `file`.`size` AS `file.size`, `file`.`width` AS `file.width`, `file`.`height` AS `file.height`, `file`.`alt` AS `file.alt`, `file`.`creator` AS `file.creator`, `file`.`editor` AS `file.editor`, `file`.`createdAt` AS `file.createdAt`, `file`.`updatedAt` AS `file.updatedAt` FROM `contacts` AS `contacts` LEFT OUTER JOIN `medias` AS `file` ON `contacts`.`file_id` = `file`.`id` ORDER BY `contacts`.`createdAt` DESC LIMIT 0, 10;"},"sql":"SELECT `contacts`.`id`, `contacts`.`file_id`, `contacts`.`name`, `contacts`.`email`, `contacts`.`phone`, `contacts`.`note`, `contacts`.`detail`, `contacts`.`type`, `contacts`.`status`, `contacts`.`createdAt`, `contacts`.`updatedAt`, `file`.`id` AS `file.id`, `file`.`filename` AS `file.filename`, `file`.`disk` AS `file.disk`, `file`.`folder_id` AS `file.folder_id`, `file`.`path` AS `file.path`, `file`.`extension` AS `file.extension`, `file`.`mime` AS `file.mime`, `file`.`size` AS `file.size`, `file`.`width` AS `file.width`, `file`.`height` AS `file.height`, `file`.`alt` AS `file.alt`, `file`.`creator` AS `file.creator`, `file`.`editor` AS `file.editor`, `file`.`createdAt` AS `file.createdAt`, `file`.`updatedAt` AS `file.updatedAt` FROM `contacts` AS `contacts` LEFT OUTER JOIN `medias` AS `file` ON `contacts`.`file_id` = `file`.`id` ORDER BY `contacts`.`createdAt` DESC LIMIT 0, 10;","parameters":{}}
2023-04-26 20:29:33 error: {"name":"SequelizeDatabaseError","parent":{"code":"ER_BAD_FIELD_ERROR","errno":1054,"sqlState":"42S22","sqlMessage":"Unknown column 'contacts.detail' in 'field list'","sql":"SELECT `contacts`.`id`, `contacts`.`file_id`, `contacts`.`name`, `contacts`.`email`, `contacts`.`phone`, `contacts`.`note`, `contacts`.`detail`, `contacts`.`type`, `contacts`.`status`, `contacts`.`createdAt`, `contacts`.`updatedAt`, `file`.`id` AS `file.id`, `file`.`filename` AS `file.filename`, `file`.`disk` AS `file.disk`, `file`.`folder_id` AS `file.folder_id`, `file`.`path` AS `file.path`, `file`.`extension` AS `file.extension`, `file`.`mime` AS `file.mime`, `file`.`size` AS `file.size`, `file`.`width` AS `file.width`, `file`.`height` AS `file.height`, `file`.`alt` AS `file.alt`, `file`.`creator` AS `file.creator`, `file`.`editor` AS `file.editor`, `file`.`createdAt` AS `file.createdAt`, `file`.`updatedAt` AS `file.updatedAt` FROM `contacts` AS `contacts` LEFT OUTER JOIN `medias` AS `file` ON `contacts`.`file_id` = `file`.`id` ORDER BY `contacts`.`createdAt` DESC LIMIT 0, 10;"},"original":{"code":"ER_BAD_FIELD_ERROR","errno":1054,"sqlState":"42S22","sqlMessage":"Unknown column 'contacts.detail' in 'field list'","sql":"SELECT `contacts`.`id`, `contacts`.`file_id`, `contacts`.`name`, `contacts`.`email`, `contacts`.`phone`, `contacts`.`note`, `contacts`.`detail`, `contacts`.`type`, `contacts`.`status`, `contacts`.`createdAt`, `contacts`.`updatedAt`, `file`.`id` AS `file.id`, `file`.`filename` AS `file.filename`, `file`.`disk` AS `file.disk`, `file`.`folder_id` AS `file.folder_id`, `file`.`path` AS `file.path`, `file`.`extension` AS `file.extension`, `file`.`mime` AS `file.mime`, `file`.`size` AS `file.size`, `file`.`width` AS `file.width`, `file`.`height` AS `file.height`, `file`.`alt` AS `file.alt`, `file`.`creator` AS `file.creator`, `file`.`editor` AS `file.editor`, `file`.`createdAt` AS `file.createdAt`, `file`.`updatedAt` AS `file.updatedAt` FROM `contacts` AS `contacts` LEFT OUTER JOIN `medias` AS `file` ON `contacts`.`file_id` = `file`.`id` ORDER BY `contacts`.`createdAt` DESC LIMIT 0, 10;"},"sql":"SELECT `contacts`.`id`, `contacts`.`file_id`, `contacts`.`name`, `contacts`.`email`, `contacts`.`phone`, `contacts`.`note`, `contacts`.`detail`, `contacts`.`type`, `contacts`.`status`, `contacts`.`createdAt`, `contacts`.`updatedAt`, `file`.`id` AS `file.id`, `file`.`filename` AS `file.filename`, `file`.`disk` AS `file.disk`, `file`.`folder_id` AS `file.folder_id`, `file`.`path` AS `file.path`, `file`.`extension` AS `file.extension`, `file`.`mime` AS `file.mime`, `file`.`size` AS `file.size`, `file`.`width` AS `file.width`, `file`.`height` AS `file.height`, `file`.`alt` AS `file.alt`, `file`.`creator` AS `file.creator`, `file`.`editor` AS `file.editor`, `file`.`createdAt` AS `file.createdAt`, `file`.`updatedAt` AS `file.updatedAt` FROM `contacts` AS `contacts` LEFT OUTER JOIN `medias` AS `file` ON `contacts`.`file_id` = `file`.`id` ORDER BY `contacts`.`createdAt` DESC LIMIT 0, 10;","parameters":{}}
2023-04-26 20:29:33 error: {"name":"SequelizeDatabaseError","parent":{"code":"ER_BAD_FIELD_ERROR","errno":1054,"sqlState":"42S22","sqlMessage":"Unknown column 'contacts.detail' in 'field list'","sql":"SELECT `contacts`.`id`, `contacts`.`file_id`, `contacts`.`name`, `contacts`.`email`, `contacts`.`phone`, `contacts`.`note`, `contacts`.`detail`, `contacts`.`type`, `contacts`.`status`, `contacts`.`createdAt`, `contacts`.`updatedAt`, `file`.`id` AS `file.id`, `file`.`filename` AS `file.filename`, `file`.`disk` AS `file.disk`, `file`.`folder_id` AS `file.folder_id`, `file`.`path` AS `file.path`, `file`.`extension` AS `file.extension`, `file`.`mime` AS `file.mime`, `file`.`size` AS `file.size`, `file`.`width` AS `file.width`, `file`.`height` AS `file.height`, `file`.`alt` AS `file.alt`, `file`.`creator` AS `file.creator`, `file`.`editor` AS `file.editor`, `file`.`createdAt` AS `file.createdAt`, `file`.`updatedAt` AS `file.updatedAt` FROM `contacts` AS `contacts` LEFT OUTER JOIN `medias` AS `file` ON `contacts`.`file_id` = `file`.`id` ORDER BY `contacts`.`createdAt` DESC LIMIT 0, 10;"},"original":{"code":"ER_BAD_FIELD_ERROR","errno":1054,"sqlState":"42S22","sqlMessage":"Unknown column 'contacts.detail' in 'field list'","sql":"SELECT `contacts`.`id`, `contacts`.`file_id`, `contacts`.`name`, `contacts`.`email`, `contacts`.`phone`, `contacts`.`note`, `contacts`.`detail`, `contacts`.`type`, `contacts`.`status`, `contacts`.`createdAt`, `contacts`.`updatedAt`, `file`.`id` AS `file.id`, `file`.`filename` AS `file.filename`, `file`.`disk` AS `file.disk`, `file`.`folder_id` AS `file.folder_id`, `file`.`path` AS `file.path`, `file`.`extension` AS `file.extension`, `file`.`mime` AS `file.mime`, `file`.`size` AS `file.size`, `file`.`width` AS `file.width`, `file`.`height` AS `file.height`, `file`.`alt` AS `file.alt`, `file`.`creator` AS `file.creator`, `file`.`editor` AS `file.editor`, `file`.`createdAt` AS `file.createdAt`, `file`.`updatedAt` AS `file.updatedAt` FROM `contacts` AS `contacts` LEFT OUTER JOIN `medias` AS `file` ON `contacts`.`file_id` = `file`.`id` ORDER BY `contacts`.`createdAt` DESC LIMIT 0, 10;"},"sql":"SELECT `contacts`.`id`, `contacts`.`file_id`, `contacts`.`name`, `contacts`.`email`, `contacts`.`phone`, `contacts`.`note`, `contacts`.`detail`, `contacts`.`type`, `contacts`.`status`, `contacts`.`createdAt`, `contacts`.`updatedAt`, `file`.`id` AS `file.id`, `file`.`filename` AS `file.filename`, `file`.`disk` AS `file.disk`, `file`.`folder_id` AS `file.folder_id`, `file`.`path` AS `file.path`, `file`.`extension` AS `file.extension`, `file`.`mime` AS `file.mime`, `file`.`size` AS `file.size`, `file`.`width` AS `file.width`, `file`.`height` AS `file.height`, `file`.`alt` AS `file.alt`, `file`.`creator` AS `file.creator`, `file`.`editor` AS `file.editor`, `file`.`createdAt` AS `file.createdAt`, `file`.`updatedAt` AS `file.updatedAt` FROM `contacts` AS `contacts` LEFT OUTER JOIN `medias` AS `file` ON `contacts`.`file_id` = `file`.`id` ORDER BY `contacts`.`createdAt` DESC LIMIT 0, 10;","parameters":{}}
2023-04-26 20:29:35 error: {"name":"SequelizeDatabaseError","parent":{"code":"ER_BAD_FIELD_ERROR","errno":1054,"sqlState":"42S22","sqlMessage":"Unknown column 'contacts.detail' in 'field list'","sql":"SELECT `contacts`.`id`, `contacts`.`file_id`, `contacts`.`name`, `contacts`.`email`, `contacts`.`phone`, `contacts`.`note`, `contacts`.`detail`, `contacts`.`type`, `contacts`.`status`, `contacts`.`createdAt`, `contacts`.`updatedAt`, `file`.`id` AS `file.id`, `file`.`filename` AS `file.filename`, `file`.`disk` AS `file.disk`, `file`.`folder_id` AS `file.folder_id`, `file`.`path` AS `file.path`, `file`.`extension` AS `file.extension`, `file`.`mime` AS `file.mime`, `file`.`size` AS `file.size`, `file`.`width` AS `file.width`, `file`.`height` AS `file.height`, `file`.`alt` AS `file.alt`, `file`.`creator` AS `file.creator`, `file`.`editor` AS `file.editor`, `file`.`createdAt` AS `file.createdAt`, `file`.`updatedAt` AS `file.updatedAt` FROM `contacts` AS `contacts` LEFT OUTER JOIN `medias` AS `file` ON `contacts`.`file_id` = `file`.`id` ORDER BY `contacts`.`createdAt` DESC LIMIT 0, 10;"},"original":{"code":"ER_BAD_FIELD_ERROR","errno":1054,"sqlState":"42S22","sqlMessage":"Unknown column 'contacts.detail' in 'field list'","sql":"SELECT `contacts`.`id`, `contacts`.`file_id`, `contacts`.`name`, `contacts`.`email`, `contacts`.`phone`, `contacts`.`note`, `contacts`.`detail`, `contacts`.`type`, `contacts`.`status`, `contacts`.`createdAt`, `contacts`.`updatedAt`, `file`.`id` AS `file.id`, `file`.`filename` AS `file.filename`, `file`.`disk` AS `file.disk`, `file`.`folder_id` AS `file.folder_id`, `file`.`path` AS `file.path`, `file`.`extension` AS `file.extension`, `file`.`mime` AS `file.mime`, `file`.`size` AS `file.size`, `file`.`width` AS `file.width`, `file`.`height` AS `file.height`, `file`.`alt` AS `file.alt`, `file`.`creator` AS `file.creator`, `file`.`editor` AS `file.editor`, `file`.`createdAt` AS `file.createdAt`, `file`.`updatedAt` AS `file.updatedAt` FROM `contacts` AS `contacts` LEFT OUTER JOIN `medias` AS `file` ON `contacts`.`file_id` = `file`.`id` ORDER BY `contacts`.`createdAt` DESC LIMIT 0, 10;"},"sql":"SELECT `contacts`.`id`, `contacts`.`file_id`, `contacts`.`name`, `contacts`.`email`, `contacts`.`phone`, `contacts`.`note`, `contacts`.`detail`, `contacts`.`type`, `contacts`.`status`, `contacts`.`createdAt`, `contacts`.`updatedAt`, `file`.`id` AS `file.id`, `file`.`filename` AS `file.filename`, `file`.`disk` AS `file.disk`, `file`.`folder_id` AS `file.folder_id`, `file`.`path` AS `file.path`, `file`.`extension` AS `file.extension`, `file`.`mime` AS `file.mime`, `file`.`size` AS `file.size`, `file`.`width` AS `file.width`, `file`.`height` AS `file.height`, `file`.`alt` AS `file.alt`, `file`.`creator` AS `file.creator`, `file`.`editor` AS `file.editor`, `file`.`createdAt` AS `file.createdAt`, `file`.`updatedAt` AS `file.updatedAt` FROM `contacts` AS `contacts` LEFT OUTER JOIN `medias` AS `file` ON `contacts`.`file_id` = `file`.`id` ORDER BY `contacts`.`createdAt` DESC LIMIT 0, 10;","parameters":{}}
2023-04-26 20:29:36 error: {"name":"SequelizeDatabaseError","parent":{"code":"ER_BAD_FIELD_ERROR","errno":1054,"sqlState":"42S22","sqlMessage":"Unknown column 'contacts.detail' in 'field list'","sql":"SELECT `contacts`.`id`, `contacts`.`file_id`, `contacts`.`name`, `contacts`.`email`, `contacts`.`phone`, `contacts`.`note`, `contacts`.`detail`, `contacts`.`type`, `contacts`.`status`, `contacts`.`createdAt`, `contacts`.`updatedAt`, `file`.`id` AS `file.id`, `file`.`filename` AS `file.filename`, `file`.`disk` AS `file.disk`, `file`.`folder_id` AS `file.folder_id`, `file`.`path` AS `file.path`, `file`.`extension` AS `file.extension`, `file`.`mime` AS `file.mime`, `file`.`size` AS `file.size`, `file`.`width` AS `file.width`, `file`.`height` AS `file.height`, `file`.`alt` AS `file.alt`, `file`.`creator` AS `file.creator`, `file`.`editor` AS `file.editor`, `file`.`createdAt` AS `file.createdAt`, `file`.`updatedAt` AS `file.updatedAt` FROM `contacts` AS `contacts` LEFT OUTER JOIN `medias` AS `file` ON `contacts`.`file_id` = `file`.`id` ORDER BY `contacts`.`createdAt` DESC LIMIT 0, 10;"},"original":{"code":"ER_BAD_FIELD_ERROR","errno":1054,"sqlState":"42S22","sqlMessage":"Unknown column 'contacts.detail' in 'field list'","sql":"SELECT `contacts`.`id`, `contacts`.`file_id`, `contacts`.`name`, `contacts`.`email`, `contacts`.`phone`, `contacts`.`note`, `contacts`.`detail`, `contacts`.`type`, `contacts`.`status`, `contacts`.`createdAt`, `contacts`.`updatedAt`, `file`.`id` AS `file.id`, `file`.`filename` AS `file.filename`, `file`.`disk` AS `file.disk`, `file`.`folder_id` AS `file.folder_id`, `file`.`path` AS `file.path`, `file`.`extension` AS `file.extension`, `file`.`mime` AS `file.mime`, `file`.`size` AS `file.size`, `file`.`width` AS `file.width`, `file`.`height` AS `file.height`, `file`.`alt` AS `file.alt`, `file`.`creator` AS `file.creator`, `file`.`editor` AS `file.editor`, `file`.`createdAt` AS `file.createdAt`, `file`.`updatedAt` AS `file.updatedAt` FROM `contacts` AS `contacts` LEFT OUTER JOIN `medias` AS `file` ON `contacts`.`file_id` = `file`.`id` ORDER BY `contacts`.`createdAt` DESC LIMIT 0, 10;"},"sql":"SELECT `contacts`.`id`, `contacts`.`file_id`, `contacts`.`name`, `contacts`.`email`, `contacts`.`phone`, `contacts`.`note`, `contacts`.`detail`, `contacts`.`type`, `contacts`.`status`, `contacts`.`createdAt`, `contacts`.`updatedAt`, `file`.`id` AS `file.id`, `file`.`filename` AS `file.filename`, `file`.`disk` AS `file.disk`, `file`.`folder_id` AS `file.folder_id`, `file`.`path` AS `file.path`, `file`.`extension` AS `file.extension`, `file`.`mime` AS `file.mime`, `file`.`size` AS `file.size`, `file`.`width` AS `file.width`, `file`.`height` AS `file.height`, `file`.`alt` AS `file.alt`, `file`.`creator` AS `file.creator`, `file`.`editor` AS `file.editor`, `file`.`createdAt` AS `file.createdAt`, `file`.`updatedAt` AS `file.updatedAt` FROM `contacts` AS `contacts` LEFT OUTER JOIN `medias` AS `file` ON `contacts`.`file_id` = `file`.`id` ORDER BY `contacts`.`createdAt` DESC LIMIT 0, 10;","parameters":{}}
2023-04-26 20:29:43 error: {"name":"SequelizeDatabaseError","parent":{"code":"ER_BAD_FIELD_ERROR","errno":1054,"sqlState":"42S22","sqlMessage":"Unknown column 'contacts.detail' in 'field list'","sql":"SELECT `contacts`.`id`, `contacts`.`file_id`, `contacts`.`name`, `contacts`.`email`, `contacts`.`phone`, `contacts`.`note`, `contacts`.`detail`, `contacts`.`type`, `contacts`.`status`, `contacts`.`createdAt`, `contacts`.`updatedAt`, `file`.`id` AS `file.id`, `file`.`filename` AS `file.filename`, `file`.`disk` AS `file.disk`, `file`.`folder_id` AS `file.folder_id`, `file`.`path` AS `file.path`, `file`.`extension` AS `file.extension`, `file`.`mime` AS `file.mime`, `file`.`size` AS `file.size`, `file`.`width` AS `file.width`, `file`.`height` AS `file.height`, `file`.`alt` AS `file.alt`, `file`.`creator` AS `file.creator`, `file`.`editor` AS `file.editor`, `file`.`createdAt` AS `file.createdAt`, `file`.`updatedAt` AS `file.updatedAt` FROM `contacts` AS `contacts` LEFT OUTER JOIN `medias` AS `file` ON `contacts`.`file_id` = `file`.`id` ORDER BY `contacts`.`createdAt` DESC LIMIT 0, 10;"},"original":{"code":"ER_BAD_FIELD_ERROR","errno":1054,"sqlState":"42S22","sqlMessage":"Unknown column 'contacts.detail' in 'field list'","sql":"SELECT `contacts`.`id`, `contacts`.`file_id`, `contacts`.`name`, `contacts`.`email`, `contacts`.`phone`, `contacts`.`note`, `contacts`.`detail`, `contacts`.`type`, `contacts`.`status`, `contacts`.`createdAt`, `contacts`.`updatedAt`, `file`.`id` AS `file.id`, `file`.`filename` AS `file.filename`, `file`.`disk` AS `file.disk`, `file`.`folder_id` AS `file.folder_id`, `file`.`path` AS `file.path`, `file`.`extension` AS `file.extension`, `file`.`mime` AS `file.mime`, `file`.`size` AS `file.size`, `file`.`width` AS `file.width`, `file`.`height` AS `file.height`, `file`.`alt` AS `file.alt`, `file`.`creator` AS `file.creator`, `file`.`editor` AS `file.editor`, `file`.`createdAt` AS `file.createdAt`, `file`.`updatedAt` AS `file.updatedAt` FROM `contacts` AS `contacts` LEFT OUTER JOIN `medias` AS `file` ON `contacts`.`file_id` = `file`.`id` ORDER BY `contacts`.`createdAt` DESC LIMIT 0, 10;"},"sql":"SELECT `contacts`.`id`, `contacts`.`file_id`, `contacts`.`name`, `contacts`.`email`, `contacts`.`phone`, `contacts`.`note`, `contacts`.`detail`, `contacts`.`type`, `contacts`.`status`, `contacts`.`createdAt`, `contacts`.`updatedAt`, `file`.`id` AS `file.id`, `file`.`filename` AS `file.filename`, `file`.`disk` AS `file.disk`, `file`.`folder_id` AS `file.folder_id`, `file`.`path` AS `file.path`, `file`.`extension` AS `file.extension`, `file`.`mime` AS `file.mime`, `file`.`size` AS `file.size`, `file`.`width` AS `file.width`, `file`.`height` AS `file.height`, `file`.`alt` AS `file.alt`, `file`.`creator` AS `file.creator`, `file`.`editor` AS `file.editor`, `file`.`createdAt` AS `file.createdAt`, `file`.`updatedAt` AS `file.updatedAt` FROM `contacts` AS `contacts` LEFT OUTER JOIN `medias` AS `file` ON `contacts`.`file_id` = `file`.`id` ORDER BY `contacts`.`createdAt` DESC LIMIT 0, 10;","parameters":{}}
2023-04-26 20:29:43 error: {"name":"SequelizeDatabaseError","parent":{"code":"ER_BAD_FIELD_ERROR","errno":1054,"sqlState":"42S22","sqlMessage":"Unknown column 'contacts.detail' in 'field list'","sql":"SELECT `contacts`.`id`, `contacts`.`file_id`, `contacts`.`name`, `contacts`.`email`, `contacts`.`phone`, `contacts`.`note`, `contacts`.`detail`, `contacts`.`type`, `contacts`.`status`, `contacts`.`createdAt`, `contacts`.`updatedAt`, `file`.`id` AS `file.id`, `file`.`filename` AS `file.filename`, `file`.`disk` AS `file.disk`, `file`.`folder_id` AS `file.folder_id`, `file`.`path` AS `file.path`, `file`.`extension` AS `file.extension`, `file`.`mime` AS `file.mime`, `file`.`size` AS `file.size`, `file`.`width` AS `file.width`, `file`.`height` AS `file.height`, `file`.`alt` AS `file.alt`, `file`.`creator` AS `file.creator`, `file`.`editor` AS `file.editor`, `file`.`createdAt` AS `file.createdAt`, `file`.`updatedAt` AS `file.updatedAt` FROM `contacts` AS `contacts` LEFT OUTER JOIN `medias` AS `file` ON `contacts`.`file_id` = `file`.`id` ORDER BY `contacts`.`createdAt` DESC LIMIT 0, 10;"},"original":{"code":"ER_BAD_FIELD_ERROR","errno":1054,"sqlState":"42S22","sqlMessage":"Unknown column 'contacts.detail' in 'field list'","sql":"SELECT `contacts`.`id`, `contacts`.`file_id`, `contacts`.`name`, `contacts`.`email`, `contacts`.`phone`, `contacts`.`note`, `contacts`.`detail`, `contacts`.`type`, `contacts`.`status`, `contacts`.`createdAt`, `contacts`.`updatedAt`, `file`.`id` AS `file.id`, `file`.`filename` AS `file.filename`, `file`.`disk` AS `file.disk`, `file`.`folder_id` AS `file.folder_id`, `file`.`path` AS `file.path`, `file`.`extension` AS `file.extension`, `file`.`mime` AS `file.mime`, `file`.`size` AS `file.size`, `file`.`width` AS `file.width`, `file`.`height` AS `file.height`, `file`.`alt` AS `file.alt`, `file`.`creator` AS `file.creator`, `file`.`editor` AS `file.editor`, `file`.`createdAt` AS `file.createdAt`, `file`.`updatedAt` AS `file.updatedAt` FROM `contacts` AS `contacts` LEFT OUTER JOIN `medias` AS `file` ON `contacts`.`file_id` = `file`.`id` ORDER BY `contacts`.`createdAt` DESC LIMIT 0, 10;"},"sql":"SELECT `contacts`.`id`, `contacts`.`file_id`, `contacts`.`name`, `contacts`.`email`, `contacts`.`phone`, `contacts`.`note`, `contacts`.`detail`, `contacts`.`type`, `contacts`.`status`, `contacts`.`createdAt`, `contacts`.`updatedAt`, `file`.`id` AS `file.id`, `file`.`filename` AS `file.filename`, `file`.`disk` AS `file.disk`, `file`.`folder_id` AS `file.folder_id`, `file`.`path` AS `file.path`, `file`.`extension` AS `file.extension`, `file`.`mime` AS `file.mime`, `file`.`size` AS `file.size`, `file`.`width` AS `file.width`, `file`.`height` AS `file.height`, `file`.`alt` AS `file.alt`, `file`.`creator` AS `file.creator`, `file`.`editor` AS `file.editor`, `file`.`createdAt` AS `file.createdAt`, `file`.`updatedAt` AS `file.updatedAt` FROM `contacts` AS `contacts` LEFT OUTER JOIN `medias` AS `file` ON `contacts`.`file_id` = `file`.`id` ORDER BY `contacts`.`createdAt` DESC LIMIT 0, 10;","parameters":{}}
2023-04-26 21:18:22 error: uncaughtException: тип Unable to compile TypeScript:
[96msrc/route/post.route.ts[0m:[93m16[0m:[93m61[0m - [91merror[0m[90m TS2339: [0mProperty 'getDataOfCategory' does not exist on type 'PostController'.

[7m16[0m         this.router.get(`${this.path}/:category`, this.post.getDataOfCategory);
[7m  [0m [91m                                                            ~~~~~~~~~~~~~~~~~[0m

TSError: тип Unable to compile TypeScript:
[96msrc/route/post.route.ts[0m:[93m16[0m:[93m61[0m - [91merror[0m[90m TS2339: [0mProperty 'getDataOfCategory' does not exist on type 'PostController'.

[7m16[0m         this.router.get(`${this.path}/:category`, this.post.getDataOfCategory);
[7m  [0m [91m                                                            ~~~~~~~~~~~~~~~~~[0m

    at createTSError (/Users/toannguyen/Documents/Source/tn-uptech-backend/node_modules/ts-node/src/index.ts:859:12)
    at reportTSError (/Users/toannguyen/Documents/Source/tn-uptech-backend/node_modules/ts-node/src/index.ts:863:19)
    at getOutput (/Users/toannguyen/Documents/Source/tn-uptech-backend/node_modules/ts-node/src/index.ts:1077:36)
    at Object.compile (/Users/toannguyen/Documents/Source/tn-uptech-backend/node_modules/ts-node/src/index.ts:1433:41)
    at Module.m._compile (/Users/toannguyen/Documents/Source/tn-uptech-backend/node_modules/ts-node/src/index.ts:1617:30)
    at Module._extensions..js (node:internal/modules/cjs/loader:1245:10)
    at Object.require.extensions.<computed> [as .ts] (/Users/toannguyen/Documents/Source/tn-uptech-backend/node_modules/ts-node/src/index.ts:1621:12)
    at Module.load (node:internal/modules/cjs/loader:1069:32)
    at Function.Module._load (node:internal/modules/cjs/loader:904:12)
    at Module.require (node:internal/modules/cjs/loader:1093:19)
2023-04-26 21:18:42 error: uncaughtException: тип Unable to compile TypeScript:
[96msrc/modules/controllers/post.controller.ts[0m:[93m24[0m:[93m37[0m - [91merror[0m[90m TS2339: [0mProperty 'getDataOfCategory' does not exist on type 'PostService'.

[7m24[0m             const data = await post.getDataOfCategory(req.query);
[7m  [0m [91m                                    ~~~~~~~~~~~~~~~~~[0m

TSError: тип Unable to compile TypeScript:
[96msrc/modules/controllers/post.controller.ts[0m:[93m24[0m:[93m37[0m - [91merror[0m[90m TS2339: [0mProperty 'getDataOfCategory' does not exist on type 'PostService'.

[7m24[0m             const data = await post.getDataOfCategory(req.query);
[7m  [0m [91m                                    ~~~~~~~~~~~~~~~~~[0m

    at createTSError (/Users/toannguyen/Documents/Source/tn-uptech-backend/node_modules/ts-node/src/index.ts:859:12)
    at reportTSError (/Users/toannguyen/Documents/Source/tn-uptech-backend/node_modules/ts-node/src/index.ts:863:19)
    at getOutput (/Users/toannguyen/Documents/Source/tn-uptech-backend/node_modules/ts-node/src/index.ts:1077:36)
    at Object.compile (/Users/toannguyen/Documents/Source/tn-uptech-backend/node_modules/ts-node/src/index.ts:1433:41)
    at Module.m._compile (/Users/toannguyen/Documents/Source/tn-uptech-backend/node_modules/ts-node/src/index.ts:1617:30)
    at Module._extensions..js (node:internal/modules/cjs/loader:1245:10)
    at Object.require.extensions.<computed> [as .ts] (/Users/toannguyen/Documents/Source/tn-uptech-backend/node_modules/ts-node/src/index.ts:1621:12)
    at Module.load (node:internal/modules/cjs/loader:1069:32)
    at Function.Module._load (node:internal/modules/cjs/loader:904:12)
    at Module.require (node:internal/modules/cjs/loader:1093:19)
2023-04-26 21:19:23 error: uncaughtException: тип Unable to compile TypeScript:
[96msrc/modules/controllers/post.controller.ts[0m:[93m24[0m:[93m55[0m - [91merror[0m[90m TS2554: [0mExpected 0 arguments, but got 1.

[7m24[0m             const data = await post.getDataOfCategory(req.params.category);
[7m  [0m [91m                                                      ~~~~~~~~~~~~~~~~~~~[0m

TSError: тип Unable to compile TypeScript:
[96msrc/modules/controllers/post.controller.ts[0m:[93m24[0m:[93m55[0m - [91merror[0m[90m TS2554: [0mExpected 0 arguments, but got 1.

[7m24[0m             const data = await post.getDataOfCategory(req.params.category);
[7m  [0m [91m                                                      ~~~~~~~~~~~~~~~~~~~[0m

    at createTSError (/Users/toannguyen/Documents/Source/tn-uptech-backend/node_modules/ts-node/src/index.ts:859:12)
    at reportTSError (/Users/toannguyen/Documents/Source/tn-uptech-backend/node_modules/ts-node/src/index.ts:863:19)
    at getOutput (/Users/toannguyen/Documents/Source/tn-uptech-backend/node_modules/ts-node/src/index.ts:1077:36)
    at Object.compile (/Users/toannguyen/Documents/Source/tn-uptech-backend/node_modules/ts-node/src/index.ts:1433:41)
    at Module.m._compile (/Users/toannguyen/Documents/Source/tn-uptech-backend/node_modules/ts-node/src/index.ts:1617:30)
    at Module._extensions..js (node:internal/modules/cjs/loader:1245:10)
    at Object.require.extensions.<computed> [as .ts] (/Users/toannguyen/Documents/Source/tn-uptech-backend/node_modules/ts-node/src/index.ts:1621:12)
    at Module.load (node:internal/modules/cjs/loader:1069:32)
    at Function.Module._load (node:internal/modules/cjs/loader:904:12)
    at Module.require (node:internal/modules/cjs/loader:1093:19)
2023-04-26 21:25:46 error: {"name":"SequelizeDatabaseError","parent":{"code":"ER_BAD_FIELD_ERROR","errno":1054,"sqlState":"42S22","sqlMessage":"Unknown column 'views' in 'field list'","sql":"SELECT max(`views`) AS `max` FROM `posts` AS `posts`;"},"original":{"code":"ER_BAD_FIELD_ERROR","errno":1054,"sqlState":"42S22","sqlMessage":"Unknown column 'views' in 'field list'","sql":"SELECT max(`views`) AS `max` FROM `posts` AS `posts`;"},"sql":"SELECT max(`views`) AS `max` FROM `posts` AS `posts`;","parameters":{}}
2023-04-26 21:26:16 error: {"name":"SequelizeDatabaseError","parent":{"code":"ER_BAD_FIELD_ERROR","errno":1054,"sqlState":"42S22","sqlMessage":"Unknown column 'views' in 'field list'","sql":"SELECT max(`views`) AS `max` FROM `posts` AS `posts`;"},"original":{"code":"ER_BAD_FIELD_ERROR","errno":1054,"sqlState":"42S22","sqlMessage":"Unknown column 'views' in 'field list'","sql":"SELECT max(`views`) AS `max` FROM `posts` AS `posts`;"},"sql":"SELECT max(`views`) AS `max` FROM `posts` AS `posts`;","parameters":{}}
2023-04-26 21:31:23 error: uncaughtException: тип Unable to compile TypeScript:
[96msrc/services/post.service.ts[0m:[93m130[0m:[93m40[0m - [91merror[0m[90m TS2304: [0mCannot find name 'category_slug'.

[7m130[0m                                 slug : category_slug,
[7m   [0m [91m                                       ~~~~~~~~~~~~~[0m

TSError: тип Unable to compile TypeScript:
[96msrc/services/post.service.ts[0m:[93m130[0m:[93m40[0m - [91merror[0m[90m TS2304: [0mCannot find name 'category_slug'.

[7m130[0m                                 slug : category_slug,
[7m   [0m [91m                                       ~~~~~~~~~~~~~[0m

    at createTSError (/Users/toannguyen/Documents/Source/tn-uptech-backend/node_modules/ts-node/src/index.ts:859:12)
    at reportTSError (/Users/toannguyen/Documents/Source/tn-uptech-backend/node_modules/ts-node/src/index.ts:863:19)
    at getOutput (/Users/toannguyen/Documents/Source/tn-uptech-backend/node_modules/ts-node/src/index.ts:1077:36)
    at Object.compile (/Users/toannguyen/Documents/Source/tn-uptech-backend/node_modules/ts-node/src/index.ts:1433:41)
    at Module.m._compile (/Users/toannguyen/Documents/Source/tn-uptech-backend/node_modules/ts-node/src/index.ts:1617:30)
    at Module._extensions..js (node:internal/modules/cjs/loader:1245:10)
    at Object.require.extensions.<computed> [as .ts] (/Users/toannguyen/Documents/Source/tn-uptech-backend/node_modules/ts-node/src/index.ts:1621:12)
    at Module.load (node:internal/modules/cjs/loader:1069:32)
    at Function.Module._load (node:internal/modules/cjs/loader:904:12)
    at Module.require (node:internal/modules/cjs/loader:1093:19)
2023-04-26 21:31:48 error: {"name":"SequelizeDatabaseError","parent":{"code":"ER_BAD_FIELD_ERROR","errno":1054,"sqlState":"42S22","sqlMessage":"Unknown column 'category->translations.status' in 'on clause'","sql":"SELECT `posts`.`id`, `posts`.`thumbnail`, `posts`.`category_id`, `posts`.`ceo_id`, `posts`.`related`, `posts`.`banner`, `posts`.`isFeatured`, `posts`.`status`, `posts`.`posted_at`, `posts`.`view`, `posts`.`createdAt`, `posts`.`updatedAt`, `image`.`id` AS `image.id`, `image`.`filename` AS `image.filename`, `image`.`disk` AS `image.disk`, `image`.`folder_id` AS `image.folder_id`, `image`.`path` AS `image.path`, `image`.`extension` AS `image.extension`, `image`.`mime` AS `image.mime`, `image`.`size` AS `image.size`, `image`.`width` AS `image.width`, `image`.`height` AS `image.height`, `image`.`alt` AS `image.alt`, `image`.`creator` AS `image.creator`, `image`.`editor` AS `image.editor`, `image`.`createdAt` AS `image.createdAt`, `image`.`updatedAt` AS `image.updatedAt`, `category`.`id` AS `category.id`, `category`.`status` AS `category.status`, `category`.`type` AS `category.type`, `category`.`createdAt` AS `category.createdAt`, `category`.`updatedAt` AS `category.updatedAt`, `category->translations`.`id` AS `category.translations.id`, `category->translations`.`slug` AS `category.translations.slug`, `category->translations`.`category_id` AS `category.translations.category_id`, `category->translations`.`locale` AS `category.translations.locale`, `category->translations`.`name` AS `category.translations.name`, `category->translations`.`description` AS `category.translations.description`, `translations`.`id` AS `translations.id`, `translations`.`post_id` AS `translations.post_id`, `translations`.`locale` AS `translations.locale`, `translations`.`name` AS `translations.name`, `translations`.`content` AS `translations.content`, `translations`.`description` AS `translations.description`, `translations`.`slug` AS `translations.slug`, `translations`.`custom_slug` AS `translations.custom_slug`, `translations`.`meta_title` AS `translations.meta_title`, `translations`.`meta_description` AS `translations.meta_description`, `translations`.`meta_keyword` AS `translations.meta_keyword`, `translations`.`meta_robots` AS `translations.meta_robots`, `translations`.`canonica_link` AS `translations.canonica_link`, `translations`.`meta_image` AS `translations.meta_image`, `translations`.`meta_viewport` AS `translations.meta_viewport` FROM `posts` AS `posts` LEFT OUTER JOIN `medias` AS `image` ON `posts`.`thumbnail` = `image`.`id` LEFT OUTER JOIN ( `categories` AS `category` INNER JOIN `category_translation` AS `category->translations` ON `category`.`id` = `category->translations`.`category_id` AND `category->translations`.`slug` = 'website' AND `category->translations`.`status` = 'active' AND `category->translations`.`locale` = 'en' ) ON `posts`.`category_id` = `category`.`id` INNER JOIN `post_translation` AS `translations` ON `posts`.`id` = `translations`.`post_id` AND `translations`.`locale` = 'en' WHERE `posts`.`status` = 'active';"},"original":{"code":"ER_BAD_FIELD_ERROR","errno":1054,"sqlState":"42S22","sqlMessage":"Unknown column 'category->translations.status' in 'on clause'","sql":"SELECT `posts`.`id`, `posts`.`thumbnail`, `posts`.`category_id`, `posts`.`ceo_id`, `posts`.`related`, `posts`.`banner`, `posts`.`isFeatured`, `posts`.`status`, `posts`.`posted_at`, `posts`.`view`, `posts`.`createdAt`, `posts`.`updatedAt`, `image`.`id` AS `image.id`, `image`.`filename` AS `image.filename`, `image`.`disk` AS `image.disk`, `image`.`folder_id` AS `image.folder_id`, `image`.`path` AS `image.path`, `image`.`extension` AS `image.extension`, `image`.`mime` AS `image.mime`, `image`.`size` AS `image.size`, `image`.`width` AS `image.width`, `image`.`height` AS `image.height`, `image`.`alt` AS `image.alt`, `image`.`creator` AS `image.creator`, `image`.`editor` AS `image.editor`, `image`.`createdAt` AS `image.createdAt`, `image`.`updatedAt` AS `image.updatedAt`, `category`.`id` AS `category.id`, `category`.`status` AS `category.status`, `category`.`type` AS `category.type`, `category`.`createdAt` AS `category.createdAt`, `category`.`updatedAt` AS `category.updatedAt`, `category->translations`.`id` AS `category.translations.id`, `category->translations`.`slug` AS `category.translations.slug`, `category->translations`.`category_id` AS `category.translations.category_id`, `category->translations`.`locale` AS `category.translations.locale`, `category->translations`.`name` AS `category.translations.name`, `category->translations`.`description` AS `category.translations.description`, `translations`.`id` AS `translations.id`, `translations`.`post_id` AS `translations.post_id`, `translations`.`locale` AS `translations.locale`, `translations`.`name` AS `translations.name`, `translations`.`content` AS `translations.content`, `translations`.`description` AS `translations.description`, `translations`.`slug` AS `translations.slug`, `translations`.`custom_slug` AS `translations.custom_slug`, `translations`.`meta_title` AS `translations.meta_title`, `translations`.`meta_description` AS `translations.meta_description`, `translations`.`meta_keyword` AS `translations.meta_keyword`, `translations`.`meta_robots` AS `translations.meta_robots`, `translations`.`canonica_link` AS `translations.canonica_link`, `translations`.`meta_image` AS `translations.meta_image`, `translations`.`meta_viewport` AS `translations.meta_viewport` FROM `posts` AS `posts` LEFT OUTER JOIN `medias` AS `image` ON `posts`.`thumbnail` = `image`.`id` LEFT OUTER JOIN ( `categories` AS `category` INNER JOIN `category_translation` AS `category->translations` ON `category`.`id` = `category->translations`.`category_id` AND `category->translations`.`slug` = 'website' AND `category->translations`.`status` = 'active' AND `category->translations`.`locale` = 'en' ) ON `posts`.`category_id` = `category`.`id` INNER JOIN `post_translation` AS `translations` ON `posts`.`id` = `translations`.`post_id` AND `translations`.`locale` = 'en' WHERE `posts`.`status` = 'active';"},"sql":"SELECT `posts`.`id`, `posts`.`thumbnail`, `posts`.`category_id`, `posts`.`ceo_id`, `posts`.`related`, `posts`.`banner`, `posts`.`isFeatured`, `posts`.`status`, `posts`.`posted_at`, `posts`.`view`, `posts`.`createdAt`, `posts`.`updatedAt`, `image`.`id` AS `image.id`, `image`.`filename` AS `image.filename`, `image`.`disk` AS `image.disk`, `image`.`folder_id` AS `image.folder_id`, `image`.`path` AS `image.path`, `image`.`extension` AS `image.extension`, `image`.`mime` AS `image.mime`, `image`.`size` AS `image.size`, `image`.`width` AS `image.width`, `image`.`height` AS `image.height`, `image`.`alt` AS `image.alt`, `image`.`creator` AS `image.creator`, `image`.`editor` AS `image.editor`, `image`.`createdAt` AS `image.createdAt`, `image`.`updatedAt` AS `image.updatedAt`, `category`.`id` AS `category.id`, `category`.`status` AS `category.status`, `category`.`type` AS `category.type`, `category`.`createdAt` AS `category.createdAt`, `category`.`updatedAt` AS `category.updatedAt`, `category->translations`.`id` AS `category.translations.id`, `category->translations`.`slug` AS `category.translations.slug`, `category->translations`.`category_id` AS `category.translations.category_id`, `category->translations`.`locale` AS `category.translations.locale`, `category->translations`.`name` AS `category.translations.name`, `category->translations`.`description` AS `category.translations.description`, `translations`.`id` AS `translations.id`, `translations`.`post_id` AS `translations.post_id`, `translations`.`locale` AS `translations.locale`, `translations`.`name` AS `translations.name`, `translations`.`content` AS `translations.content`, `translations`.`description` AS `translations.description`, `translations`.`slug` AS `translations.slug`, `translations`.`custom_slug` AS `translations.custom_slug`, `translations`.`meta_title` AS `translations.meta_title`, `translations`.`meta_description` AS `translations.meta_description`, `translations`.`meta_keyword` AS `translations.meta_keyword`, `translations`.`meta_robots` AS `translations.meta_robots`, `translations`.`canonica_link` AS `translations.canonica_link`, `translations`.`meta_image` AS `translations.meta_image`, `translations`.`meta_viewport` AS `translations.meta_viewport` FROM `posts` AS `posts` LEFT OUTER JOIN `medias` AS `image` ON `posts`.`thumbnail` = `image`.`id` LEFT OUTER JOIN ( `categories` AS `category` INNER JOIN `category_translation` AS `category->translations` ON `category`.`id` = `category->translations`.`category_id` AND `category->translations`.`slug` = 'website' AND `category->translations`.`status` = 'active' AND `category->translations`.`locale` = 'en' ) ON `posts`.`category_id` = `category`.`id` INNER JOIN `post_translation` AS `translations` ON `posts`.`id` = `translations`.`post_id` AND `translations`.`locale` = 'en' WHERE `posts`.`status` = 'active';","parameters":{}}
2023-04-26 21:31:55 error: {"name":"SequelizeDatabaseError","parent":{"code":"ER_BAD_FIELD_ERROR","errno":1054,"sqlState":"42S22","sqlMessage":"Unknown column 'category->translations.status' in 'on clause'","sql":"SELECT `posts`.`id`, `posts`.`thumbnail`, `posts`.`category_id`, `posts`.`ceo_id`, `posts`.`related`, `posts`.`banner`, `posts`.`isFeatured`, `posts`.`status`, `posts`.`posted_at`, `posts`.`view`, `posts`.`createdAt`, `posts`.`updatedAt`, `image`.`id` AS `image.id`, `image`.`filename` AS `image.filename`, `image`.`disk` AS `image.disk`, `image`.`folder_id` AS `image.folder_id`, `image`.`path` AS `image.path`, `image`.`extension` AS `image.extension`, `image`.`mime` AS `image.mime`, `image`.`size` AS `image.size`, `image`.`width` AS `image.width`, `image`.`height` AS `image.height`, `image`.`alt` AS `image.alt`, `image`.`creator` AS `image.creator`, `image`.`editor` AS `image.editor`, `image`.`createdAt` AS `image.createdAt`, `image`.`updatedAt` AS `image.updatedAt`, `category`.`id` AS `category.id`, `category`.`status` AS `category.status`, `category`.`type` AS `category.type`, `category`.`createdAt` AS `category.createdAt`, `category`.`updatedAt` AS `category.updatedAt`, `category->translations`.`id` AS `category.translations.id`, `category->translations`.`slug` AS `category.translations.slug`, `category->translations`.`category_id` AS `category.translations.category_id`, `category->translations`.`locale` AS `category.translations.locale`, `category->translations`.`name` AS `category.translations.name`, `category->translations`.`description` AS `category.translations.description`, `translations`.`id` AS `translations.id`, `translations`.`post_id` AS `translations.post_id`, `translations`.`locale` AS `translations.locale`, `translations`.`name` AS `translations.name`, `translations`.`content` AS `translations.content`, `translations`.`description` AS `translations.description`, `translations`.`slug` AS `translations.slug`, `translations`.`custom_slug` AS `translations.custom_slug`, `translations`.`meta_title` AS `translations.meta_title`, `translations`.`meta_description` AS `translations.meta_description`, `translations`.`meta_keyword` AS `translations.meta_keyword`, `translations`.`meta_robots` AS `translations.meta_robots`, `translations`.`canonica_link` AS `translations.canonica_link`, `translations`.`meta_image` AS `translations.meta_image`, `translations`.`meta_viewport` AS `translations.meta_viewport` FROM `posts` AS `posts` LEFT OUTER JOIN `medias` AS `image` ON `posts`.`thumbnail` = `image`.`id` LEFT OUTER JOIN ( `categories` AS `category` INNER JOIN `category_translation` AS `category->translations` ON `category`.`id` = `category->translations`.`category_id` AND `category->translations`.`slug` = 'website' AND `category->translations`.`status` = 'active' AND `category->translations`.`locale` = 'en' ) ON `posts`.`category_id` = `category`.`id` INNER JOIN `post_translation` AS `translations` ON `posts`.`id` = `translations`.`post_id` AND `translations`.`locale` = 'en' WHERE `posts`.`status` = 'active';"},"original":{"code":"ER_BAD_FIELD_ERROR","errno":1054,"sqlState":"42S22","sqlMessage":"Unknown column 'category->translations.status' in 'on clause'","sql":"SELECT `posts`.`id`, `posts`.`thumbnail`, `posts`.`category_id`, `posts`.`ceo_id`, `posts`.`related`, `posts`.`banner`, `posts`.`isFeatured`, `posts`.`status`, `posts`.`posted_at`, `posts`.`view`, `posts`.`createdAt`, `posts`.`updatedAt`, `image`.`id` AS `image.id`, `image`.`filename` AS `image.filename`, `image`.`disk` AS `image.disk`, `image`.`folder_id` AS `image.folder_id`, `image`.`path` AS `image.path`, `image`.`extension` AS `image.extension`, `image`.`mime` AS `image.mime`, `image`.`size` AS `image.size`, `image`.`width` AS `image.width`, `image`.`height` AS `image.height`, `image`.`alt` AS `image.alt`, `image`.`creator` AS `image.creator`, `image`.`editor` AS `image.editor`, `image`.`createdAt` AS `image.createdAt`, `image`.`updatedAt` AS `image.updatedAt`, `category`.`id` AS `category.id`, `category`.`status` AS `category.status`, `category`.`type` AS `category.type`, `category`.`createdAt` AS `category.createdAt`, `category`.`updatedAt` AS `category.updatedAt`, `category->translations`.`id` AS `category.translations.id`, `category->translations`.`slug` AS `category.translations.slug`, `category->translations`.`category_id` AS `category.translations.category_id`, `category->translations`.`locale` AS `category.translations.locale`, `category->translations`.`name` AS `category.translations.name`, `category->translations`.`description` AS `category.translations.description`, `translations`.`id` AS `translations.id`, `translations`.`post_id` AS `translations.post_id`, `translations`.`locale` AS `translations.locale`, `translations`.`name` AS `translations.name`, `translations`.`content` AS `translations.content`, `translations`.`description` AS `translations.description`, `translations`.`slug` AS `translations.slug`, `translations`.`custom_slug` AS `translations.custom_slug`, `translations`.`meta_title` AS `translations.meta_title`, `translations`.`meta_description` AS `translations.meta_description`, `translations`.`meta_keyword` AS `translations.meta_keyword`, `translations`.`meta_robots` AS `translations.meta_robots`, `translations`.`canonica_link` AS `translations.canonica_link`, `translations`.`meta_image` AS `translations.meta_image`, `translations`.`meta_viewport` AS `translations.meta_viewport` FROM `posts` AS `posts` LEFT OUTER JOIN `medias` AS `image` ON `posts`.`thumbnail` = `image`.`id` LEFT OUTER JOIN ( `categories` AS `category` INNER JOIN `category_translation` AS `category->translations` ON `category`.`id` = `category->translations`.`category_id` AND `category->translations`.`slug` = 'website' AND `category->translations`.`status` = 'active' AND `category->translations`.`locale` = 'en' ) ON `posts`.`category_id` = `category`.`id` INNER JOIN `post_translation` AS `translations` ON `posts`.`id` = `translations`.`post_id` AND `translations`.`locale` = 'en' WHERE `posts`.`status` = 'active';"},"sql":"SELECT `posts`.`id`, `posts`.`thumbnail`, `posts`.`category_id`, `posts`.`ceo_id`, `posts`.`related`, `posts`.`banner`, `posts`.`isFeatured`, `posts`.`status`, `posts`.`posted_at`, `posts`.`view`, `posts`.`createdAt`, `posts`.`updatedAt`, `image`.`id` AS `image.id`, `image`.`filename` AS `image.filename`, `image`.`disk` AS `image.disk`, `image`.`folder_id` AS `image.folder_id`, `image`.`path` AS `image.path`, `image`.`extension` AS `image.extension`, `image`.`mime` AS `image.mime`, `image`.`size` AS `image.size`, `image`.`width` AS `image.width`, `image`.`height` AS `image.height`, `image`.`alt` AS `image.alt`, `image`.`creator` AS `image.creator`, `image`.`editor` AS `image.editor`, `image`.`createdAt` AS `image.createdAt`, `image`.`updatedAt` AS `image.updatedAt`, `category`.`id` AS `category.id`, `category`.`status` AS `category.status`, `category`.`type` AS `category.type`, `category`.`createdAt` AS `category.createdAt`, `category`.`updatedAt` AS `category.updatedAt`, `category->translations`.`id` AS `category.translations.id`, `category->translations`.`slug` AS `category.translations.slug`, `category->translations`.`category_id` AS `category.translations.category_id`, `category->translations`.`locale` AS `category.translations.locale`, `category->translations`.`name` AS `category.translations.name`, `category->translations`.`description` AS `category.translations.description`, `translations`.`id` AS `translations.id`, `translations`.`post_id` AS `translations.post_id`, `translations`.`locale` AS `translations.locale`, `translations`.`name` AS `translations.name`, `translations`.`content` AS `translations.content`, `translations`.`description` AS `translations.description`, `translations`.`slug` AS `translations.slug`, `translations`.`custom_slug` AS `translations.custom_slug`, `translations`.`meta_title` AS `translations.meta_title`, `translations`.`meta_description` AS `translations.meta_description`, `translations`.`meta_keyword` AS `translations.meta_keyword`, `translations`.`meta_robots` AS `translations.meta_robots`, `translations`.`canonica_link` AS `translations.canonica_link`, `translations`.`meta_image` AS `translations.meta_image`, `translations`.`meta_viewport` AS `translations.meta_viewport` FROM `posts` AS `posts` LEFT OUTER JOIN `medias` AS `image` ON `posts`.`thumbnail` = `image`.`id` LEFT OUTER JOIN ( `categories` AS `category` INNER JOIN `category_translation` AS `category->translations` ON `category`.`id` = `category->translations`.`category_id` AND `category->translations`.`slug` = 'website' AND `category->translations`.`status` = 'active' AND `category->translations`.`locale` = 'en' ) ON `posts`.`category_id` = `category`.`id` INNER JOIN `post_translation` AS `translations` ON `posts`.`id` = `translations`.`post_id` AND `translations`.`locale` = 'en' WHERE `posts`.`status` = 'active';","parameters":{}}
2023-04-26 21:47:40 error: uncaughtException: тип Unable to compile TypeScript:
[96msrc/dtos/post.dtos.ts[0m:[93m31[0m:[93m13[0m - [91merror[0m[90m TS1117: [0mAn object literal cannot have multiple properties with the same name.

[7m31[0m             thumbnail: item.image,
[7m  [0m [91m            ~~~~~~~~~[0m

TSError: тип Unable to compile TypeScript:
[96msrc/dtos/post.dtos.ts[0m:[93m31[0m:[93m13[0m - [91merror[0m[90m TS1117: [0mAn object literal cannot have multiple properties with the same name.

[7m31[0m             thumbnail: item.image,
[7m  [0m [91m            ~~~~~~~~~[0m

    at createTSError (/Users/toannguyen/Documents/Source/tn-uptech-backend/node_modules/ts-node/src/index.ts:859:12)
    at reportTSError (/Users/toannguyen/Documents/Source/tn-uptech-backend/node_modules/ts-node/src/index.ts:863:19)
    at getOutput (/Users/toannguyen/Documents/Source/tn-uptech-backend/node_modules/ts-node/src/index.ts:1077:36)
    at Object.compile (/Users/toannguyen/Documents/Source/tn-uptech-backend/node_modules/ts-node/src/index.ts:1433:41)
    at Module.m._compile (/Users/toannguyen/Documents/Source/tn-uptech-backend/node_modules/ts-node/src/index.ts:1617:30)
    at Module._extensions..js (node:internal/modules/cjs/loader:1245:10)
    at Object.require.extensions.<computed> [as .ts] (/Users/toannguyen/Documents/Source/tn-uptech-backend/node_modules/ts-node/src/index.ts:1621:12)
    at Module.load (node:internal/modules/cjs/loader:1069:32)
    at Function.Module._load (node:internal/modules/cjs/loader:904:12)
    at Module.require (node:internal/modules/cjs/loader:1093:19)
2023-04-26 21:58:04 error: Incorrect integer value: '' for column 'view' at row 1
